Warning: Permanently added '[localhost]:34127' (ED25519) to the list of known hosts.
executing program
syzkaller login: [   42.370062] audit: type=1400 audit(1710240884.463:7): avc:  denied  { execmem } for  pid=293 comm="syz-executor486" scontext=system_u:system_r:kernel_t:s0 tcontext=system_u:system_r:kernel_t:s0 tclass=process permissive=1
[   42.372568] loop0: detected capacity change from 0 to 512
[   42.382037] EXT4-fs (loop0): 1 orphan inode deleted
[   42.382598] EXT4-fs (loop0): mounted filesystem 00000000-0000-0000-0000-000000000000 r/w without journal. Quota mode: writeback.
[   42.384401] ext4 filesystem being mounted at /file1 supports timestamps until 2038-01-19 (0x7fffffff)
[   42.394779] ==================================================================
[   42.395587] BUG: KASAN: slab-use-after-free in ext4_find_extent+0xbff/0xc70
[   42.396367] Read of size 4 at addr ffff88810453a00c by task syz-executor486/293
[   42.397342] 
[   42.397531] CPU: 4 PID: 293 Comm: syz-executor486 Not tainted 6.8.0-rc7 #1
[   42.398925] Hardware name: QEMU Standard PC (i440FX + PIIX, 1996), BIOS 1.15.0-1 04/01/2014
[   42.400265] Call Trace:
[   42.400716]  <TASK>
[   42.401168]  dump_stack_lvl+0x50/0x70
[   42.401864]  print_report+0xcc/0x620
[   42.402603]  ? srso_alias_return_thunk+0x5/0xfbef5
[   42.403427]  ? __virt_addr_valid+0xcb/0x320
[   42.404067]  ? ext4_find_extent+0xbff/0xc70
[   42.404538]  kasan_report+0xb0/0xe0
[   42.404960]  ? ext4_find_extent+0xbff/0xc70
[   42.405422]  ext4_find_extent+0xbff/0xc70
[   42.405889]  ext4_ext_remove_space+0x1152/0x36b0
[   42.406419]  ? __pfx__raw_write_lock+0x10/0x10
[   42.406919]  ? down_read+0xdc/0x270
[   42.407320]  ? __pfx_down_read+0x10/0x10
[   42.407772]  ? _raw_write_unlock+0xd/0x60
[   42.408227]  ? srso_alias_return_thunk+0x5/0xfbef5
[   42.408762]  ? _raw_write_lock+0xa0/0xf0
[   42.409248]  ? __pfx__raw_write_lock+0x10/0x10
[   42.409762]  ? srso_alias_return_thunk+0x5/0xfbef5
[   42.410303]  ? __pfx_ext4_ext_remove_space+0x10/0x10
[   42.410852]  ? ext4_es_remove_extent+0xf4/0x370
[   42.411371]  ? __pfx_ext4_es_remove_extent+0x10/0x10
[   42.411940]  ? __pfx_down_write+0x10/0x10
[   42.412409]  ? srso_alias_return_thunk+0x5/0xfbef5
[   42.412987]  ? ext4_zero_partial_blocks+0x1b1/0x430
[   42.413535]  ext4_punch_hole+0xb8c/0xe70
[   42.413978]  ext4_fallocate+0xb68/0x3240
[   42.414403]  ? srso_alias_return_thunk+0x5/0xfbef5
[   42.414928]  ? avc_has_extended_perms+0x636/0xa70
[   42.415462]  ? __pfx_ext4_fallocate+0x10/0x10
[   42.415950]  ? srso_alias_return_thunk+0x5/0xfbef5
[   42.416487]  ? selinux_file_permission+0x115/0x4b0
[   42.417041]  ? __pfx_ext4_fallocate+0x10/0x10
[   42.417537]  vfs_fallocate+0x360/0xae0
[   42.417988]  ioctl_preallocate+0x172/0x1f0
[   42.418448]  ? __pfx_ioctl_preallocate+0x10/0x10
[   42.418973]  ? __pfx___fsnotify_parent+0x10/0x10
[   42.419509]  ? srso_alias_return_thunk+0x5/0xfbef5
[   42.420050]  ? vfs_fsync_range+0x11e/0x200
[   42.420524]  do_vfs_ioctl+0x109e/0x13c0
[   42.420987]  ? __pfx_do_vfs_ioctl+0x10/0x10
[   42.421467]  ? srso_alias_return_thunk+0x5/0xfbef5
[   42.422013]  ? srso_alias_return_thunk+0x5/0xfbef5
[   42.422537]  ? ioctl_has_perm.constprop.0.isra.0+0x29d/0x430
[   42.423172]  ? __pfx_ioctl_has_perm.constprop.0.isra.0+0x10/0x10
[   42.423840]  ? srso_alias_return_thunk+0x5/0xfbef5
[   42.424380]  ? __rseq_handle_notify_resume+0x7a0/0xd10
[   42.424972]  ? selinux_file_ioctl+0x172/0x260
[   42.425455]  ? srso_alias_return_thunk+0x5/0xfbef5
[   42.425983]  ? selinux_file_ioctl+0xa5/0x260
[   42.426460]  ? __fget_light+0x173/0x510
[   42.426903]  ? srso_alias_return_thunk+0x5/0xfbef5
[   42.427445]  __x64_sys_ioctl+0xef/0x1e0
[   42.427896]  do_syscall_64+0xb3/0x1b0
[   42.428327]  entry_SYSCALL_64_after_hwframe+0x6f/0x77
[   42.428908] RIP: 0033:0x7f43f8a42e7d
[   42.429328] Code: c3 e8 d7 21 00 00 0f 1f 80 00 00 00 00 f3 0f 1e fa 48 89 f8 48 89 f7 48 89 d6 48 89 ca 4d 89 c2 4d 89 c8 4c 8b 4c 24 08 0f 05 <48> 3d 01 f0 ff ff 73 01 c3 48 c7 c1 b8 ff ff ff f7 d8 64 89 01 48
[   42.431240] RSP: 002b:00007ffdafa8a398 EFLAGS: 00000246 ORIG_RAX: 0000000000000010
[   42.432040] RAX: ffffffffffffffda RBX: 0031656c69662f2e RCX: 00007f43f8a42e7d
[   42.432791] RDX: 0000000020000080 RSI: 0000000040305829 RDI: 0000000000000004
[   42.433544] RBP: 0000000000000001 R08: 00007ffdafa8a598 R09: 00007ffdafa8a598
[   42.434295] R10: 00007ffdafa8a598 R11: 0000000000000246 R12: 0000000000000001
[   42.435046] R13: 00007ffdafa8a588 R14: 00007f43f8ac1530 R15: 0000000000000001
[   42.435791]  </TASK>
[   42.436041] 
[   42.436226] Allocated by task 167:
[   42.436595]  kasan_save_stack+0x24/0x50
[   42.437049]  kasan_save_track+0x14/0x30
[   42.437479]  __kasan_slab_alloc+0x59/0x70
[   42.437921]  kmem_cache_alloc+0xde/0x250
[   42.438368]  getname_flags.part.0+0x4f/0x4c0
[   42.438833]  getname+0x89/0xd0
[   42.439189]  do_sys_openat2+0xe3/0x190
[   42.439613]  __x64_sys_openat+0x141/0x1f0
[   42.440058]  do_syscall_64+0xb3/0x1b0
[   42.440472]  entry_SYSCALL_64_after_hwframe+0x6f/0x77
[   42.441057] 
[   42.441235] Freed by task 167:
[   42.441577]  kasan_save_stack+0x24/0x50
[   42.442011]  kasan_save_track+0x14/0x30
[   42.442436]  kasan_save_free_info+0x3b/0x60
[   42.442907]  __kasan_slab_free+0x106/0x190
[   42.443355]  kmem_cache_free+0x97/0x220
[   42.443780]  putname+0x104/0x150
[   42.444147]  do_sys_openat2+0x11f/0x190
[   42.444576]  __x64_sys_openat+0x141/0x1f0
[   42.445039]  do_syscall_64+0xb3/0x1b0
[   42.445445]  entry_SYSCALL_64_after_hwframe+0x6f/0x77
[   42.446003] 
[   42.446179] The buggy address belongs to the object at ffff888104539100
[   42.446179]  which belongs to the cache names_cache of size 4096
[   42.447453] The buggy address is located 3852 bytes inside of
[   42.447453]  freed 4096-byte region [ffff888104539100, ffff88810453a100)
[   42.448727] 
[   42.448906] The buggy address belongs to the physical page:
[   42.449509] page:0000000093a9d887 refcount:1 mapcount:0 mapping:0000000000000000 index:0x0 pfn:0x104538
[   42.450482] head:0000000093a9d887 order:3 entire_mapcount:0 nr_pages_mapped:0 pincount:0
[   42.451315] flags: 0x200000000000840(slab|head|node=0|zone=2)
[   42.451922] page_type: 0xffffffff()
[   42.452309] raw: 0200000000000840 ffff88810018ea00 dead000000000122 0000000000000000
[   42.453140] raw: 0000000000000000 0000000000070007 00000001ffffffff 0000000000000000
[   42.453928] page dumped because: kasan: bad access detected
[   42.454512] 
[   42.454692] Memory state around the buggy address:
[   42.455195]  ffff888104539f00: fb fb fb fb fb fb fb fb fb fb fb fb fb fb fb fb
[   42.455963]  ffff888104539f80: fb fb fb fb fb fb fb fb fb fb fb fb fb fb fb fb
[   42.456712] >ffff88810453a000: fb fb fb fb fb fb fb fb fb fb fb fb fb fb fb fb
[   42.457486]                       ^
[   42.457871]  ffff88810453a080: fb fb fb fb fb fb fb fb fb fb fb fb fb fb fb fb
[   42.458622]  ffff88810453a100: fc fc fc fc fc fc fc fc fc fc fc fc fc fc fc fc
[   42.459374] ==================================================================
[   42.460240] Disabling lock debugging due to kernel taint
[   42.460949] ------------[ cut here ]------------
[   42.461442] kernel BUG at fs/ext4/extents.c:3180!
[   42.461983] invalid opcode: 0000 [#1] PREEMPT SMP KASAN NOPTI
[   42.462597] CPU: 4 PID: 293 Comm: syz-executor486 Tainted: G    B              6.8.0-rc7 #1
[   42.463485] Hardware name: QEMU Standard PC (i440FX + PIIX, 1996), BIOS 1.15.0-1 04/01/2014
[   42.464371] RIP: 0010:ext4_split_extent_at+0x7d6/0xbc0
[   42.464916] Code: 04 25 28 00 00 00 0f 85 5e 03 00 00 48 81 c4 d0 00 00 00 89 e8 5b 5d 41 5c 41 5d 41 5e 41 5f e9 4b 9a 7e 02 e8 bb 39 ad ff 90 <0f> 0b e8 b3 39 ad ff 48 8b 74 24 28 8b 6c 24 30 48 b8 00 00 00 00
[   42.466706] RSP: 0018:ffff888110727740 EFLAGS: 00010293
[   42.467230] RAX: 0000000000000000 RBX: ffff88810694b030 RCX: ffffffff9231a6c5
[   42.467922] RDX: ffff88810f326600 RSI: 0000000000000002 RDI: ffff888104545e24
[   42.468611] RBP: 0000000000000000 R08: 0000000000000000 R09: 0000000050000028
[   42.469316] R10: ffffffff970cddc7 R11: 6e696c6261736944 R12: ffff888104545e20
[   42.470005] R13: 0000000000000000 R14: ffff888104e48b18 R15: 0000000000000000
[   42.470696] FS:  00005555561613c0(0000) GS:ffff8881f7200000(0000) knlGS:0000000000000000
[   42.471472] CS:  0010 DS: 0000 ES: 0000 CR0: 0000000080050033
[   42.472050] CR2: 0000000020020000 CR3: 000000010ee5c001 CR4: 0000000000770ef0
[   42.472735] PKRU: 55555554
[   42.473039] Call Trace:
[   42.473292]  <TASK>
[   42.473510]  ? show_regs+0x74/0x80
[   42.473865]  ? die+0x37/0xa0
[   42.474179]  ? do_trap+0x1e8/0x3c0
[   42.474529]  ? ext4_split_extent_at+0x7d6/0xbc0
[   42.474991]  ? do_error_trap+0xa6/0x110
[   42.475398]  ? ext4_split_extent_at+0x7d6/0xbc0
[   42.475853]  ? ext4_split_extent_at+0x7d6/0xbc0
[   42.476316]  ? handle_invalid_op+0x34/0x40
[   42.476733]  ? ext4_split_extent_at+0x7d6/0xbc0
[   42.477227]  ? exc_invalid_op+0x42/0x60
[   42.477619]  ? asm_exc_invalid_op+0x1a/0x20
[   42.478059]  ? ext4_split_extent_at+0x7d5/0xbc0
[   42.478522]  ? ext4_split_extent_at+0x7d6/0xbc0
[   42.478987]  ? __pfx_ext4_split_extent_at+0x10/0x10
[   42.479475]  ? srso_alias_return_thunk+0x5/0xfbef5
[   42.479958]  ? ext4_find_extent+0x716/0xc70
[   42.480381]  ext4_ext_remove_space+0x2313/0x36b0
[   42.480852]  ? __pfx__raw_write_lock+0x10/0x10
[   42.481324]  ? down_read+0xdc/0x270
[   42.481693]  ? __pfx_down_read+0x10/0x10
[   42.482107]  ? _raw_write_unlock+0xd/0x60
[   42.482517]  ? srso_alias_return_thunk+0x5/0xfbef5
[   42.483001]  ? _raw_write_lock+0xa0/0xf0
[   42.483410]  ? __pfx__raw_write_lock+0x10/0x10
[   42.483953]  ? srso_alias_return_thunk+0x5/0xfbef5
[   42.484694]  ? __pfx_ext4_ext_remove_space+0x10/0x10
[   42.485464]  ? ext4_es_remove_extent+0xf4/0x370
[   42.486146]  ? __pfx_ext4_es_remove_extent+0x10/0x10
[   42.486872]  ? __pfx_down_write+0x10/0x10
[   42.487482]  ? srso_alias_return_thunk+0x5/0xfbef5
[   42.488221]  ? ext4_zero_partial_blocks+0x1b1/0x430
[   42.488883]  ext4_punch_hole+0xb8c/0xe70
[   42.489561]  ext4_fallocate+0xb68/0x3240
[   42.490106]  ? srso_alias_return_thunk+0x5/0xfbef5
[   42.490680]  ? avc_has_extended_perms+0x636/0xa70
[   42.491226]  ? __pfx_ext4_fallocate+0x10/0x10
[   42.491711]  ? srso_alias_return_thunk+0x5/0xfbef5
[   42.492250]  ? selinux_file_permission+0x115/0x4b0
[   42.492787]  ? __pfx_ext4_fallocate+0x10/0x10
[   42.493311]  vfs_fallocate+0x360/0xae0
[   42.493755]  ioctl_preallocate+0x172/0x1f0
[   42.494226]  ? __pfx_ioctl_preallocate+0x10/0x10
[   42.494899]  ? __pfx___fsnotify_parent+0x10/0x10
[   42.495550]  ? srso_alias_return_thunk+0x5/0xfbef5
[   42.496251]  ? vfs_fsync_range+0x11e/0x200
[   42.496749]  do_vfs_ioctl+0x109e/0x13c0
[   42.497299]  ? __pfx_do_vfs_ioctl+0x10/0x10
[   42.497938]  ? srso_alias_return_thunk+0x5/0xfbef5
[   42.498567]  ? srso_alias_return_thunk+0x5/0xfbef5
[   42.499215]  ? ioctl_has_perm.constprop.0.isra.0+0x29d/0x430
[   42.500041]  ? __pfx_ioctl_has_perm.constprop.0.isra.0+0x10/0x10
[   42.500837]  ? srso_alias_return_thunk+0x5/0xfbef5
[   42.501528]  ? __rseq_handle_notify_resume+0x7a0/0xd10
[   42.502253]  ? selinux_file_ioctl+0x172/0x260
[   42.502794]  ? srso_alias_return_thunk+0x5/0xfbef5
[   42.503480]  ? selinux_file_ioctl+0xa5/0x260
[   42.504098]  ? __fget_light+0x173/0x510
[   42.504615]  ? srso_alias_return_thunk+0x5/0xfbef5
[   42.505320]  __x64_sys_ioctl+0xef/0x1e0
[   42.505881]  do_syscall_64+0xb3/0x1b0
[   42.506346]  entry_SYSCALL_64_after_hwframe+0x6f/0x77
[   42.507063] RIP: 0033:0x7f43f8a42e7d
[   42.507576] Code: c3 e8 d7 21 00 00 0f 1f 80 00 00 00 00 f3 0f 1e fa 48 89 f8 48 89 f7 48 89 d6 48 89 ca 4d 89 c2 4d 89 c8 4c 8b 4c 24 08 0f 05 <48> 3d 01 f0 ff ff 73 01 c3 48 c7 c1 b8 ff ff ff f7 d8 64 89 01 48
[   42.510007] RSP: 002b:00007ffdafa8a398 EFLAGS: 00000246 ORIG_RAX: 0000000000000010
[   42.511022] RAX: ffffffffffffffda RBX: 0031656c69662f2e RCX: 00007f43f8a42e7d
[   42.511844] RDX: 0000000020000080 RSI: 0000000040305829 RDI: 0000000000000004
[   42.512805] RBP: 0000000000000001 R08: 00007ffdafa8a598 R09: 00007ffdafa8a598
[   42.513775] R10: 00007ffdafa8a598 R11: 0000000000000246 R12: 0000000000000001
[   42.514676] R13: 00007ffdafa8a588 R14: 00007f43f8ac1530 R15: 0000000000000001
[   42.515656]  </TASK>
[   42.515933] Modules linked in:
[   42.516440] ---[ end trace 0000000000000000 ]---
[   42.517025] RIP: 0010:ext4_split_extent_at+0x7d6/0xbc0
[   42.517730] Code: 04 25 28 00 00 00 0f 85 5e 03 00 00 48 81 c4 d0 00 00 00 89 e8 5b 5d 41 5c 41 5d 41 5e 41 5f e9 4b 9a 7e 02 e8 bb 39 ad ff 90 <0f> 0b e8 b3 39 ad ff 48 8b 74 24 28 8b 6c 24 30 48 b8 00 00 00 00
[   42.519953] RSP: 0018:ffff888110727740 EFLAGS: 00010293
[   42.520612] RAX: 0000000000000000 RBX: ffff88810694b030 RCX: ffffffff9231a6c5
[   42.521537] RDX: ffff88810f326600 RSI: 0000000000000002 RDI: ffff888104545e24
[   42.522466] RBP: 0000000000000000 R08: 0000000000000000 R09: 0000000050000028
[   42.523326] R10: ffffffff970cddc7 R11: 6e696c6261736944 R12: ffff888104545e20
[   42.524235] R13: 0000000000000000 R14: ffff888104e48b18 R15: 0000000000000000
[   42.525059] FS:  00005555561613c0(0000) GS:ffff8881f7200000(0000) knlGS:0000000000000000
[   42.526057] CS:  0010 DS: 0000 ES: 0000 CR0: 0000000080050033
[   42.526749] CR2: 0000000020020000 CR3: 000000010ee5c001 CR4: 0000000000770ef0
[   42.527640] PKRU: 55555554

VM DIAGNOSIS:
10:54:44  Registers:
info registers vcpu 0
RAX=0000000000000000 RBX=ffff8881f702ba80 RCX=ffffffff91d4b5a2 RDX=ffffffff958143c0
RSI=0000000000000008 RDI=ffffffff96027550 RBP=0000000000000000 RSP=ffffffff95807da0
R8 =0000000000000000 R9 =fffffbfff2c04eaa R10=ffffffff96027557 R11=1ffff1103ee07a1e
R12=0000000000000001 R13=0000000000000000 R14=0000000000000000 R15=0000000000000000
RIP=ffffffff91dee0b4 RFL=00000046 [---Z-P-] CPL=0 II=0 A20=1 SMM=0 HLT=0
ES =0000 0000000000000000 00000000 00000000
CS =0010 0000000000000000 ffffffff 00a09b00 DPL=0 CS64 [-RA]
SS =0018 0000000000000000 ffffffff 00c09300 DPL=0 DS   [-WA]
DS =0000 0000000000000000 00000000 00000000
FS =0000 0000000000000000 00000000 00000000
GS =0000 ffff8881f7000000 00000000 00000000
LDT=0000 0000000000000000 00000000 00000000
TR =0040 fffffe2fc6f6d000 00004087 00008b00 DPL=0 TSS64-busy
GDT=     fffffe2fc6f6b000 0000007f
IDT=     fffffe0000000000 00000fff
CR0=80050033 CR2=00007f65b97de990 CR3=00000001193e6001 CR4=00770ef0
DR0=0000000000000000 DR1=0000000000000000 DR2=0000000000000000 DR3=0000000000000000 
DR6=00000000ffff0ff0 DR7=0000000000000400
EFER=0000000000000d01
FCW=037f FSW=0000 [ST=0] FTW=00 MXCSR=00001f80
FPR0=0000000000000000 0000 FPR1=0000000000000000 0000
FPR2=0000000000000000 0000 FPR3=0000000000000000 0000
FPR4=0000000000000000 0000 FPR5=0000000000000000 0000
FPR6=0000000000000000 0000 FPR7=0000000000000000 0000
YMM00=0000000000000000 0000000000000000 2034343a34353a30 312032312072614d
YMM01=0000000000000000 0000000000000000 5d3130343438332e 32342020205b203a
YMM02=0000000000000000 0000000000000000 61206465746e756f 6d20676e69656220
YMM03=0000000000000000 0000000000000000 746e752073706d61 7473656d69742073
YMM04=0000000000000000 0000000000000000 2d31302d38333032 206c69746e752073
YMM05=0000000000000000 0000000000000000 75732031656c6966 2f20746120646574
YMM06=0000000000000000 0000000000000000 73656c6966203474 7865205d31303434
YMM07=0000000000000000 0000000000000000 6b2072656c6c616b 7a79732034343a34
YMM08=0000000000000000 0000000000000000 6f7475636578652d 7a7973223d6d6d6f
YMM09=0000000000000000 0000000000000000 0000000000000000 0000000000000000
YMM10=0000000000000000 0000000000000000 0000000000000000 0000000000000000
YMM11=0000000000000000 0000000000000000 0000000000000000 0000000000000000
YMM12=0000000000000000 0000000000000000 0000000000000000 0000000000000000
YMM13=0000000000000000 0000000000000000 0000000000000000 0000000000000000
YMM14=0000000000000000 0000000000000000 0000000000000000 0000000000000000
YMM15=0000000000000000 0000000000000000 0000000000000000 0000000000000000
info registers vcpu 1
RAX=ffff8881f70b43c0 RBX=0000000000000001 RCX=ffffffff947de382 RDX=ffffed103ee16879
RSI=0000000000000004 RDI=00000000000efa04 RBP=dffffc0000000000 RSP=ffff88810036fe68
R8 =0000000000000001 R9 =ffffed103ee16878 R10=ffff8881f70b43c3 R11=1ffff1103ee06a46
R12=ffffffff96027550 R13=1ffff1102006dfd2 R14=0000000000000000 R15=0000000000000000
RIP=ffffffff947defee RFL=00000206 [-----P-] CPL=0 II=0 A20=1 SMM=0 HLT=1
ES =0000 0000000000000000 00000000 00000000
CS =0010 0000000000000000 ffffffff 00a09b00 DPL=0 CS64 [-RA]
SS =0018 0000000000000000 ffffffff 00c09300 DPL=0 DS   [-WA]
DS =0000 0000000000000000 00000000 00000000
FS =0000 0000000000000000 00000000 00000000
GS =0000 ffff8881f7080000 00000000 00000000
LDT=0000 0000000000000000 00000000 00000000
TR =0040 fffffe0a55073000 00004087 00008b00 DPL=0 TSS64-busy
GDT=     fffffe0a55071000 0000007f
IDT=     fffffe0000000000 00000fff
CR0=80050033 CR2=000055c86c8893f8 CR3=00000001c8ea6001 CR4=00770ef0
DR0=0000000000000000 DR1=0000000000000000 DR2=0000000000000000 DR3=0000000000000000 
DR6=00000000ffff0ff0 DR7=0000000000000400
EFER=0000000000000d01
FCW=037f FSW=0000 [ST=0] FTW=00 MXCSR=00001f80
FPR0=0000000000000000 0000 FPR1=0000000000000000 0000
FPR2=0000000000000000 0000 FPR3=0000000000000000 0000
FPR4=0000000000000000 0000 FPR5=0000000000000000 0000
FPR6=0000000000000000 0000 FPR7=0000000000000000 0000
YMM00=0000000000000000 0000000000000000 ffffffffffffffff ffffffffffffffff
YMM01=0000000000000000 0000000000000000 ffff000000000000 ffffffffffffffff
YMM02=0000000000000000 0000000000000000 ffff000000000000 ffffffffffffffff
YMM03=0000000000000000 0000000000000000 000000000000000f 00000077656e2e63
YMM04=0000000000000000 0000000000000000 6d2f6e75722f203e 20642e64746f6d2d
YMM05=0000000000000000 0000000000000000 73797362736c2d2d 2073747261702d6e
YMM06=0000000000000000 0000000000000000 622f7273752f3a6e 6962732f7273752f
YMM07=0000000000000000 0000000000000000 0000000000000000 0000000000000000
YMM08=0000000000000000 0000000000000000 000055c86ae93890 0000000000000000
YMM09=0000000000000000 0000000000000000 0000000000000000 0000000000000000
YMM10=0000000000000000 0000000000000000 0000000000000000 0000000000000000
YMM11=0000000000000000 0000000000000000 0000000000000000 0000000000000000
YMM12=0000000000000000 0000000000000000 0000000000000000 0000000000000000
YMM13=0000000000000000 0000000000000000 0000000000000000 0000000000000000
YMM14=0000000000000000 0000000000000000 0000000000000000 0000000000000000
YMM15=0000000000000000 0000000000000000 0000000000000000 0000000000000000
info registers vcpu 2
RAX=0000000000000000 RBX=ffff8881135d7710 RCX=ffffffff91ae9e23 RDX=ffff88811325d500
RSI=ffff8881135d7c80 RDI=ffff8881135d7720 RBP=ffff8881135d7cb0 RSP=ffff8881135d7688
R8 =ffff8881135d7750 R9 =ffff8881135d7710 R10=ffff888106a2145b R11=ffff888106a21440
R12=ffff8881135d0000 R13=ffff8881135d8000 R14=ffff8881135d7cb0 R15=ffff8881135d7ca8
RIP=ffffffff94b04104 RFL=00000293 [--S-A-C] CPL=0 II=0 A20=1 SMM=0 HLT=0
ES =0000 0000000000000000 00000000 00000000
CS =0010 0000000000000000 ffffffff 00a09b00 DPL=0 CS64 [-RA]
SS =0018 0000000000000000 ffffffff 00c09300 DPL=0 DS   [-WA]
DS =0000 0000000000000000 00000000 00000000
FS =0000 00007fd9120e08c0 00000000 00000000
GS =0000 ffff8881f7100000 00000000 00000000
LDT=0000 0000000000000000 00000000 00000000
TR =0040 fffffe17c5dbd000 00004087 00008b00 DPL=0 TSS64-busy
GDT=     fffffe17c5dbb000 0000007f
IDT=     fffffe0000000000 00000fff
CR0=80050033 CR2=00007f88d4aeeb40 CR3=00000001135ee003 CR4=00770ef0
DR0=0000000000000000 DR1=0000000000000000 DR2=0000000000000000 DR3=0000000000000000 
DR6=00000000ffff0ff0 DR7=0000000000000400
EFER=0000000000000d01
FCW=037f FSW=0000 [ST=0] FTW=00 MXCSR=00001f80
FPR0=0000000000000000 0000 FPR1=0000000000000000 0000
FPR2=0000000000000000 0000 FPR3=0000000000000000 0000
FPR4=0000000000000000 0000 FPR5=0000000000000000 0000
FPR6=0000000000000000 0000 FPR7=0000000000000000 0000
YMM00=0000000000000000 0000000000000000 0000000000000000 0000000000000000
YMM01=0000000000000000 0000000000000000 0000000000000000 0000000000000000
YMM02=0000000000000000 0000000000000000 0000000000000000 0000000000000000
YMM03=0000000000000000 0000000000000000 0000000072656c6c 616b7a79732f6c65
YMM04=0000000000000000 0000000000000000 2f2f2f2f2f2f2f2f 2f2f2f2f2f2f2f2f
YMM05=0000000000000000 0000000000000000 ffffffffffff0000 ffffffff0000ff00
YMM06=0000000000000000 0000000000000000 000056207f2d9300 00000004ffffffff
YMM07=0000000000000000 0000000000000000 0000000000000000 0000000000000000
YMM08=0000000000000000 0000000000000000 2f727474612f666c 65732d6461657268
YMM09=0000000000000000 0000000000000000 0000000000000000 0000000000000000
YMM10=0000000000000000 0000000000000000 0000000000000000 0000000000000000
YMM11=0000000000000000 0000000000000000 0000000000000000 0000000000000000
YMM12=0000000000000000 0000000000000000 0000000000000000 0000000000000000
YMM13=0000000000000000 0000000000000000 0000000000000000 0000000000000000
YMM14=0000000000000000 0000000000000000 0000000000000000 0000000000000000
YMM15=0000000000000000 0000000000000000 0000000000000000 0000000000000000
info registers vcpu 3
RAX=ffff8881f71b43c0 RBX=0000000000000003 RCX=ffffffff947de382 RDX=ffffed103ee36879
RSI=0000000000000004 RDI=0000000000272494 RBP=dffffc0000000000 RSP=ffff88810037fe68
R8 =0000000000000001 R9 =ffffed103ee36878 R10=ffff8881f71b43c3 R11=0000000000000000
R12=ffffffff96027550 R13=1ffff1102006ffd2 R14=0000000000000000 R15=0000000000000000
RIP=ffffffff947defee RFL=00000206 [-----P-] CPL=0 II=0 A20=1 SMM=0 HLT=1
ES =0000 0000000000000000 00000000 00000000
CS =0010 0000000000000000 ffffffff 00a09b00 DPL=0 CS64 [-RA]
SS =0018 0000000000000000 ffffffff 00c09300 DPL=0 DS   [-WA]
DS =0000 0000000000000000 00000000 00000000
FS =0000 0000000000000000 00000000 00000000
GS =0000 ffff8881f7180000 00000000 00000000
LDT=0000 0000000000000000 00000000 00000000
TR =0040 fffffe303414e000 00004087 00008b00 DPL=0 TSS64-busy
GDT=     fffffe303414c000 0000007f
IDT=     fffffe0000000000 00000fff
CR0=80050033 CR2=00007f6016d95a80 CR3=000000010a2e4002 CR4=00770ef0
DR0=0000000000000000 DR1=0000000000000000 DR2=0000000000000000 DR3=0000000000000000 
DR6=00000000ffff0ff0 DR7=0000000000000400
EFER=0000000000000d01
FCW=037f FSW=0000 [ST=0] FTW=00 MXCSR=00001f80
FPR0=0000000000000000 0000 FPR1=0000000000000000 0000
FPR2=0000000000000000 0000 FPR3=0000000000000000 0000
FPR4=0000000000000000 0000 FPR5=0000000000000000 0000
FPR6=0000000000000000 0000 FPR7=0000000000000000 0000
YMM00=0000000000000000 0000000000000000 0000000000000000 0000000000000000
YMM01=0000000000000000 0000000000000000 4b19b7606b46c59f f04d3a2d0d10fbd0
YMM02=0000000000000000 0000000000000000 f86028d726b7eefe 000000000015cbf0
YMM03=0000000000000000 0000000000000000 ac8bc31478ec8511 000000000015d150
YMM04=0000000000000000 0000000000000000 48d4bc6115510ba2 00000000001d56a0
YMM05=0000000000000000 0000000000000000 d3fdd5f48436fbd7 000000000015cc98
YMM06=0000000000000000 0000000000000000 e8500202725ce7db 000000000015cb50
YMM07=0000000000000000 0000000000000000 a1fcdcf819d7e1e5 000000000015c8f8
YMM08=0000000000000000 0000000000000000 44495f474f4c5359 530069253d595449
YMM09=0000000000000000 0000000000000000 0000000000000000 0000000000000000
YMM10=0000000000000000 0000000000000000 2020000000002020 2020202020200000
YMM11=0000000000000000 0000000000000000 0000000000000000 0000000000000000
YMM12=0000000000000000 0000000000000000 0000000000000000 0000000000000000
YMM13=0000000000000000 0000000000000000 0000000000000000 0000000000000000
YMM14=0000000000000000 0000000000000000 0000000000000000 0000000000000000
YMM15=0000000000000000 0000000000000000 0000000000000000 0000000000000000
info registers vcpu 4
RAX=0000000000000030 RBX=00000000000003f8 RCX=0000000000000000 RDX=00000000000003f8
RSI=0000000000000000 RDI=ffffffff9715f148 RBP=ffffffff9715f140 RSP=ffff888110727180
R8 =0000000000000000 R9 =ffffed10208d081e R10=ffff8881046840f7 R11=74735f706d756420
R12=0000000000000030 R13=ffffffff92c676e0 R14=0000000000000030 R15=dffffc0000000000
RIP=ffffffff92c6774d RFL=00000002 [-------] CPL=0 II=0 A20=1 SMM=0 HLT=0
ES =0000 0000000000000000 00000000 00000000
CS =0010 0000000000000000 ffffffff 00a09b00 DPL=0 CS64 [-RA]
SS =0018 0000000000000000 ffffffff 00c09300 DPL=0 DS   [-WA]
DS =0000 0000000000000000 00000000 00000000
FS =0000 00005555561613c0 00000000 00000000
GS =0000 ffff8881f7200000 00000000 00000000
LDT=0000 0000000000000000 00000000 00000000
TR =0040 fffffe21c9164000 00004087 00008b00 DPL=0 TSS64-busy
GDT=     fffffe21c9162000 0000007f
IDT=     fffffe0000000000 00000fff
CR0=80050033 CR2=0000000020020000 CR3=000000010ee5c001 CR4=00770ef0
DR0=0000000000000000 DR1=0000000000000000 DR2=0000000000000000 DR3=0000000000000000 
DR6=00000000ffff0ff0 DR7=0000000000000400
EFER=0000000000000d01
FCW=037f FSW=0000 [ST=0] FTW=00 MXCSR=00001f80
FPR0=0000000000000000 0000 FPR1=0000000000000000 0000
FPR2=0000000000000000 0000 FPR3=0000000000000000 0000
FPR4=0000000000000000 0000 FPR5=0000000000000000 0000
FPR6=0000000000000000 0000 FPR7=0000000000000000 0000
YMM00=0000000000000000 0000000000000000 0000000000000000 0000000000000000
YMM01=0000000000000000 0000000000000000 ffffffffffffffff ffffffffffffffff
YMM02=0000000000000000 0000000000000000 ff00000000000000 00ffffffffffffff
YMM03=0000000000000000 0000000000000000 6c6c615f61645f6f 7475612c72656972
YMM04=0000000000000000 0000000000000000 0000000000000000 00007ffdafa8a23f
YMM05=0000000000000000 0000000000000000 0000000000000000 00007f43f8ac1510
YMM06=0000000000000000 0000000000000000 0000000000000000 0000000000000000
YMM07=0000000000000000 0000000000000000 0000000000000000 0000000000000000
YMM08=0000000000000000 0000000000000000 722d746e756f6d65 723d73726f727265
YMM09=0000000000000000 0000000000000000 0000000000000000 0000000000000000
YMM10=0000000000000000 0000000000000000 0000000000000000 0000000000000000
YMM11=0000000000000000 0000000000000000 0000000000000000 0000000000000000
YMM12=0000000000000000 0000000000000000 0000000000000000 0000000000000000
YMM13=0000000000000000 0000000000000000 0000000000000000 0000000000000000
YMM14=0000000000000000 0000000000000000 0000000000000000 0000000000000000
YMM15=0000000000000000 0000000000000000 0000000000000000 0000000000000000
info registers vcpu 5
RAX=0000000000000000 RBX=ffff88811134f760 RCX=ffffffff91a7ef7f RDX=1ffff11022269eee
RSI=ffffffff920d4a01 RDI=ffff88811134f770 RBP=ffff88811134f730 RSP=ffff88811134f670
R8 =ffff88811134f6d0 R9 =ffff88811134f690 R10=000000000000000d R11=0000000000000000
R12=ffffffff920d4a01 R13=ffff88811134f760 R14=ffff888106a3d500 R15=ffff88811134f730
RIP=ffffffff91d06486 RFL=00000282 [--S----] CPL=0 II=0 A20=1 SMM=0 HLT=0
ES =0000 0000000000000000 00000000 00000000
CS =0010 0000000000000000 ffffffff 00a09b00 DPL=0 CS64 [-RA]
SS =0018 0000000000000000 ffffffff 00c09300 DPL=0 DS   [-WA]
DS =0000 0000000000000000 00000000 00000000
FS =0000 00007fd9120e08c0 00000000 00000000
GS =0000 ffff8881f7280000 00000000 00000000
LDT=0000 0000000000000000 00000000 00000000
TR =0040 fffffe2912b9f000 00004087 00008b00 DPL=0 TSS64-busy
GDT=     fffffe2912b9d000 0000007f
IDT=     fffffe0000000000 00000fff
CR0=80050033 CR2=000056207f363a58 CR3=000000010dcc4003 CR4=00770ef0
DR0=0000000000000000 DR1=0000000000000000 DR2=0000000000000000 DR3=0000000000000000 
DR6=00000000ffff0ff0 DR7=0000000000000400
EFER=0000000000000d01
FCW=037f FSW=0000 [ST=0] FTW=00 MXCSR=00001f80
FPR0=0000000000000000 0000 FPR1=0000000000000000 0000
FPR2=0000000000000000 0000 FPR3=0000000000000000 0000
FPR4=0000000000000000 0000 FPR5=0000000000000000 0000
FPR6=0000000000000000 0000 FPR7=0000000000000000 0000
YMM00=0000000000000000 0000000000000000 0000000000000000 002f2e2e2f002e2e
YMM01=0000000000000000 0000000000000000 0000000000000000 00006c696146002f
YMM02=0000000000000000 0000000000000000 ffffffffffffffff ff0f0e0d0c0b0a09
YMM03=0000000000000000 0000000000000000 0000000000000000 000030706f6f6c2f
YMM04=0000000000000000 0000000000000000 2f2f2f2f2f2f2f2f 2f2f2f2f2f2f2f2f
YMM05=0000000000000000 0000000000000000 0000000000000000 0000000000000000
YMM06=0000000000000000 0000000000000000 000056207f2ae820 0000000000000004
YMM07=0000000000000000 0000000000000000 0000000000000000 0000000000000000
YMM08=0000000000000000 0000000000000000 3a212d2b007b3d0d 0a0920002c0d0a09
YMM09=0000000000000000 0000000000000000 0000000000000000 0000000000000000
YMM10=0000000000000000 0000000000000000 0000000000000000 0000000000000000
YMM11=0000000000000000 0000000000000000 0000000000000000 0000000000000000
YMM12=0000000000000000 0000000000000000 0000000000000000 0000000000000000
YMM13=0000000000000000 0000000000000000 0000000000000000 0000000000000000
YMM14=0000000000000000 0000000000000000 0000000000000000 0000000000000000
YMM15=0000000000000000 0000000000000000 0000000000000000 0000000000000000
info registers vcpu 6
RAX=0000000000000000 RBX=ffff8881002b0000 RCX=ffffffff920e481e RDX=ffff8881002b0000
RSI=0000000000000008 RDI=ffff88810781f198 RBP=ffff88810781f198 RSP=ffff8881002bfcf0
R8 =0000000000000001 R9 =ffffed1020f03e33 R10=ffff88810781f19f R11=0000000000000000
R12=0000000000000000 R13=0000000000000000 R14=ffff88810781f1f0 R15=fffffffffffffff4
RIP=ffffffff920e4822 RFL=00000293 [--S-A-C] CPL=0 II=0 A20=1 SMM=0 HLT=0
ES =0000 0000000000000000 00000000 00000000
CS =0010 0000000000000000 ffffffff 00a09b00 DPL=0 CS64 [-RA]
SS =0018 0000000000000000 ffffffff 00c09300 DPL=0 DS   [-WA]
DS =0000 0000000000000000 00000000 00000000
FS =0000 00007f7effbc5900 00000000 00000000
GS =0000 ffff8881f7300000 00000000 00000000
LDT=0000 0000000000000000 00000000 00000000
TR =0040 fffffe2f6e6c1000 00004087 00008b00 DPL=0 TSS64-busy
GDT=     fffffe2f6e6bf000 0000007f
IDT=     fffffe0000000000 00000fff
CR0=80050033 CR2=0000560e2e0d2010 CR3=0000000100ae0004 CR4=00770ef0
DR0=0000000000000000 DR1=0000000000000000 DR2=0000000000000000 DR3=0000000000000000 
DR6=00000000ffff0ff0 DR7=0000000000000400
EFER=0000000000000d01
FCW=037f FSW=0000 [ST=0] FTW=00 MXCSR=00001f80
FPR0=0000000000000000 0000 FPR1=0000000000000000 0000
FPR2=0000000000000000 0000 FPR3=0000000000000000 0000
FPR4=0000000000000000 0000 FPR5=0000000000000000 0000
FPR6=0000000000000000 0000 FPR7=0000000000000000 0000
YMM00=0000000000000000 0000000000000000 0000000000000000 0000000000000000
YMM01=0000000000000000 0000000000000000 0000560e2e141050 0000000000000185
YMM02=0000000000000000 0000000000000000 ffffffffffffffff ffffff0f0e0d0c0b
YMM03=0000000000000000 0000000000000000 0000000000000021 0000000000000000
YMM04=0000000000000000 0000000000000000 0000560e2e07bf30 0000560e2e07bf10
YMM05=0000000000000000 0000000000000000 0000000000000003 0000560e2e140a60
YMM06=0000000000000000 0000000000000000 0000560e2e0b4780 ffffffff00000005
YMM07=0000000000000000 0000000000000000 0000000000000000 0000000000000000
YMM08=0000000000000000 0000000000000000 0000000000000000 0000560e2e113500
YMM09=0000000000000000 0000000000000000 0000000000000000 0000000000000000
YMM10=0000000000000000 0000000000000000 0000000000000000 0000000000000000
YMM11=0000000000000000 0000000000000000 0000000000000000 0000000000000000
YMM12=0000000000000000 0000000000000000 0000000000000000 0000000000000000
YMM13=0000000000000000 0000000000000000 0000000000000000 0000000000000000
YMM14=0000000000000000 0000000000000000 0000000000000000 0000000000000000
YMM15=0000000000000000 0000000000000000 0000000000000000 0000000000000000
info registers vcpu 7
RAX=ffff8881f73b43c0 RBX=0000000000000007 RCX=ffffffff947de382 RDX=ffffed103ee76879
RSI=0000000000000004 RDI=000000000025fcfc RBP=dffffc0000000000 RSP=ffff8881003a7e68
R8 =0000000000000001 R9 =ffffed103ee76878 R10=ffff8881f73b43c3 R11=ffffffff95a21788
R12=ffffffff96027550 R13=1ffff11020074fd2 R14=0000000000000000 R15=0000000000000000
RIP=ffffffff947defee RFL=00000212 [----A--] CPL=0 II=0 A20=1 SMM=0 HLT=1
ES =0000 0000000000000000 00000000 00000000
CS =0010 0000000000000000 ffffffff 00a09b00 DPL=0 CS64 [-RA]
SS =0018 0000000000000000 ffffffff 00c09300 DPL=0 DS   [-WA]
DS =0000 0000000000000000 00000000 00000000
FS =0000 0000000000000000 00000000 00000000
GS =0000 ffff8881f7380000 00000000 00000000
LDT=0000 0000000000000000 00000000 00000000
TR =0040 fffffe1edc540000 00004087 00008b00 DPL=0 TSS64-busy
GDT=     fffffe1edc53e000 0000007f
IDT=     fffffe0000000000 00000fff
CR0=80050033 CR2=000056344cc33db0 CR3=0000000101a12006 CR4=00770ef0
DR0=0000000000000000 DR1=0000000000000000 DR2=0000000000000000 DR3=0000000000000000 
DR6=00000000ffff0ff0 DR7=0000000000000400
EFER=0000000000000d01
FCW=037f FSW=0000 [ST=0] FTW=00 MXCSR=00001f80
FPR0=0000000000000000 0000 FPR1=0000000000000000 0000
FPR2=0000000000000000 0000 FPR3=0000000000000000 0000
FPR4=0000000000000000 0000 FPR5=0000000000000000 0000
FPR6=0000000000000000 0000 FPR7=0000000000000000 0000
YMM00=0000000000000000 0000000000000000 0000000000000000 0000000000000000
YMM01=0000000000000000 0000000000000000 c44e8f7453008db6 0641ee872422fcad
YMM02=0000000000000000 0000000000000000 355d6a142baca309 c80a3e49eb4b90c2
YMM03=0000000000000000 0000000000000000 884696990aa3852b bbfbcbd79730a45f
YMM04=0000000000000000 0000000000000000 0000000000000000 0000000000000000
YMM05=0000000000000000 0000000000000000 0000000000000000 0000000000000000
YMM06=0000000000000000 0000000000000000 0d0c0f0e09080b0a 0504070601000302
YMM07=0000000000000000 0000000000000000 0e0d0c0f0a09080b 0605040702010003
YMM08=0000000000000000 0000000000000000 6470746673007325 4073250070746673
YMM09=0000000000000000 0000000000000000 0000000000000000 0000000000000000
YMM10=0000000000000000 0000000000000000 0000000000000000 0000000000000000
YMM11=0000000000000000 0000000000000000 0000000000000000 0000000000000000
YMM12=0000000000000000 0000000000000000 0000000000000000 0000000000000000
YMM13=0000000000000000 0000000000000000 0000000000000000 0000000000000000
YMM14=0000000000000000 0000000000000000 0000000000000000 0000000000000000
YMM15=0000000000000000 0000000000000000 0000000000000000 0000000000000000
