syzkaller login: [  354.245882] rcu: INFO: rcu_preempt detected stalls on CPUs/tasks:
[  505.308718] systemd[1]: systemd-udevd.service: State 'stop-watchdog' timed out. Killing.
[  706.494177] rcu: 	0-...0: (15 ticks this GP) idle=d5f4/1/0x4000000000000000 softirq=1110/1110 fqs=60374
[  706.494210] rcu: 	2-...0: (27 ticks this GP) idle=7044/1/0x4000000000000000 softirq=1132/1133 fqs=60374
[  706.494235] rcu: 	3-...0: (0 ticks this GP) idle=fa3c/1/0x4000000000000000 softirq=1343/1343 fqs=60374
[  706.494260] rcu: 	Tasks blocked on level-0 rcu_node (CPUs 0-7): P132/1:b..l
[  706.494286] rcu: 	(detected by 7, t=373248 jiffies, g=2501, q=62 ncpus=8)
[  706.494301] Sending NMI from CPU 7 to CPUs 0:
[  706.495052] NMI backtrace for cpu 0
[  706.495063] CPU: 0 PID: 66 Comm: kworker/0:1H Not tainted 6.7.0 #2
[  706.495082] Hardware name: QEMU Standard PC (i440FX + PIIX, 1996), BIOS 1.15.0-1 04/01/2014
[  706.495099] Workqueue: kblockd blk_mq_requeue_work
[  706.495126] RIP: 0010:ioread8+0x2e/0x90
[  706.495154] Code: 41 54 49 89 fc e8 72 12 4c ff 49 81 fc ff ff 03 00 77 53 e8 64 12 4c ff 49 81 fc 00 00 01 00 76 1c e8 56 12 4c ff 44 89 e2 ec <44> 0f b6 e0 e8 49 12 4c ff 44 89 e0 41 5c e9 da e1 fd 01 e8 3a 12
[  706.495174] RSP: 0018:ffff88810158f6b0 EFLAGS: 00000093
[  706.495188] RAX: 00000000000000c0 RBX: 0000000000000000 RCX: ffffffffaa925f1a
[  706.495200] RDX: 00000000000103f6 RSI: 00000000000101f7 RDI: 00000000000103f6
[  706.495211] RBP: 00000000000103f6 R08: 0000000000000000 R09: 0000000000005fb5
[  706.495223] R10: ffff888101a05003 R11: 0000000000000000 R12: 00000000000103f6
[  706.495234] R13: ffffed102090b001 R14: dffffc0000000000 R15: 0000000000000000
[  706.495252] FS:  0000000000000000(0000) GS:ffff8881f1600000(0000) knlGS:0000000000000000
[  706.495270] CS:  0010 DS: 0000 ES: 0000 CR0: 0000000080050033
[  706.495283] CR2: 000055df131e6168 CR3: 00000001009e6003 CR4: 0000000000770ef0
[  706.495295] PKRU: 55555554
[  706.495301] Call Trace:
[  706.495318]  <NMI>
[  706.495325]  ? show_regs+0x74/0x80
[  706.495363]  ? nmi_cpu_backtrace+0x108/0x1e0
[  706.495405]  ? nmi_cpu_backtrace_handler+0xc/0x20
[  706.495425]  ? nmi_handle+0xb7/0x2e0
[  706.495445]  ? ioread8+0x2e/0x90
[  706.495469]  ? default_do_nmi+0x54/0x160
[  706.495500]  ? exc_nmi+0x132/0x1a0
[  706.495526]  ? end_repeat_nmi+0xf/0x60
[  706.495548]  ? ioread8+0x2a/0x90
[  706.495572]  ? ioread8+0x2e/0x90
[  706.495598]  ? ioread8+0x2e/0x90
[  706.495624]  ? ioread8+0x2e/0x90
[  706.495648]  </NMI>
[  706.495653]  <TASK>
[  706.495659]  ata_sff_exec_command+0x121/0x160
[  706.495688]  ata_sff_qc_issue+0x347/0x7c0
[  706.495717]  ata_bmdma_qc_issue+0x644/0xc50
[  706.495748]  ata_qc_issue+0x4d1/0xb30
[  706.495776]  ? __pfx_ata_scsi_flush_xlat+0x10/0x10
[  706.495806]  __ata_scsi_queuecmd+0x890/0x1150
[  706.495830]  ata_scsi_queuecmd+0x132/0x200
[  706.495851]  scsi_queue_rq+0xb84/0x2bf0
[  706.495885]  blk_mq_dispatch_rq_list+0x3b6/0x1af0
[  706.495915]  ? __pfx_ata_scsi_rw_xlat+0x10/0x10
[  706.495948]  ? srso_alias_return_thunk+0x5/0xfbef5
[  706.495975]  ? __ata_scsi_queuecmd+0x973/0x1150
[  706.495996]  ? __pfx_blk_mq_dispatch_rq_list+0x10/0x10
[  706.496022]  ? _raw_spin_lock+0xa0/0xf0
[  706.496052]  ? xas_load+0x53/0xf0
[  706.496074]  ? __pfx__raw_spin_lock+0x10/0x10
[  706.496105]  ? srso_alias_return_thunk+0x5/0xfbef5
[  706.496133]  __blk_mq_sched_dispatch_requests+0x213/0x13c0
[  706.496155]  ? xa_find_after+0x1d9/0x280
[  706.496178]  ? srso_alias_return_thunk+0x5/0xfbef5
[  706.496204]  ? xas_start+0xdf/0x330
[  706.496224]  ? srso_alias_return_thunk+0x5/0xfbef5
[  706.496251]  ? __pfx___blk_mq_sched_dispatch_requests+0x10/0x10
[  706.496272]  ? xas_find+0x221/0x510
[  706.496296]  ? srso_alias_return_thunk+0x5/0xfbef5
[  706.496323]  ? xa_find+0x154/0x1f0
[  706.496347]  ? __pfx_xa_find+0x10/0x10
[  706.496374]  blk_mq_sched_dispatch_requests+0xeb/0x150
[  706.496396]  blk_mq_run_hw_queue+0x44f/0x530
[  706.496418]  blk_mq_run_hw_queues+0x105/0x270
[  706.496439]  ? __pfx_blk_mq_run_hw_queues+0x10/0x10
[  706.496460]  ? __pfx__raw_spin_lock_irq+0x10/0x10
[  706.496488]  ? _raw_spin_unlock+0xd/0x60
[  706.496514]  ? finish_task_switch.isra.0+0x21c/0x7d0
[  706.496542]  blk_mq_requeue_work+0x525/0x850
[  706.496565]  ? __pfx_blk_mq_requeue_work+0x10/0x10
[  706.496587]  ? _raw_spin_lock_irq+0xa1/0xf0
[  706.496617]  ? srso_alias_return_thunk+0x5/0xfbef5
[  706.496642]  ? read_word_at_a_time+0xe/0x20
[  706.496668]  ? srso_alias_return_thunk+0x5/0xfbef5
[  706.496693]  ? srso_alias_return_thunk+0x5/0xfbef5
[  706.496719]  ? kick_pool+0x158/0x390
[  706.496750]  process_one_work+0x583/0xda0
[  706.496777]  worker_thread+0x981/0x11e0
[  706.496804]  ? srso_alias_return_thunk+0x5/0xfbef5
[  706.496828]  ? __kthread_parkme+0xdc/0x160
[  706.496853]  ? srso_alias_return_thunk+0x5/0xfbef5
[  706.496880]  ? __pfx_worker_thread+0x10/0x10
[  706.496902]  kthread+0x263/0x330
[  706.496932]  ? __pfx_kthread+0x10/0x10
[  706.496963]  ret_from_fork+0x48/0x80
[  706.496982]  ? __pfx_kthread+0x10/0x10
[  706.497011]  ret_from_fork_asm+0x1b/0x30
[  706.497039]  </TASK>
[  706.497045] INFO: NMI handler (nmi_cpu_backtrace_handler) took too long to run: 1.993 msecs
[  706.497315] Sending NMI from CPU 7 to CPUs 2:
[  706.601342] systemd[1]: systemd-udevd.service: Killing process 141 (systemd-udevd) with signal SIGKILL.
[  706.602787] systemd[1]: systemd-journald.service: State 'stop-watchdog' timed out. Killing.
[  706.603505] systemd[1]: systemd-journald.service: Killing process 124 (systemd-journal) with signal SIGKILL.
[  706.604935] systemd[1]: systemd-journald.service: Killing process 280 (journal-offline) with signal SIGKILL.
[  706.795370] NMI backtrace for cpu 2
[  706.795384] CPU: 2 PID: 72 Comm: kworker/2:1 Not tainted 6.7.0 #2
[  706.795401] Hardware name: QEMU Standard PC (i440FX + PIIX, 1996), BIOS 1.15.0-1 04/01/2014
[  706.795411] Workqueue: events e1000_watchdog
[  706.795435] RIP: 0010:queued_spin_lock_slowpath+0x147/0xbe0
[  706.795478] Code: 2b 04 25 28 00 00 00 0f 85 b1 0a 00 00 48 81 c4 88 00 00 00 5b 5d 41 5c 41 5d 41 5e 41 5f e9 3b 54 19 00 e8 9b 84 67 fd f3 90 <e9> 5c ff ff ff e8 8f 84 67 fd 44 8b 7c 24 48 41 81 ff 00 01 00 00
[  706.795498] RSP: 0018:ffff8881f1709e10 EFLAGS: 00000046
[  706.795511] RAX: 0000000000010002 RBX: 1ffff1103e2e13c3 RCX: ffffffffac76ecd5
[  706.795524] RDX: ffff8881008ed500 RSI: 0000000000000004 RDI: ffffffffad820000
[  706.795536] RBP: ffffffffad820000 R08: 0000000000000000 R09: fffffbfff5b04000
[  706.795547] R10: ffffffffad820003 R11: ffff8881f1709ff8 R12: 0000000000000001
[  706.795557] R13: 0000000000000003 R14: fffffbfff5b04000 R15: 0000000000000001
[  706.795570] FS:  0000000000000000(0000) GS:ffff8881f1700000(0000) knlGS:0000000000000000
[  706.795585] CS:  0010 DS: 0000 ES: 0000 CR0: 0000000080050033
[  706.795596] CR2: 000055df131f6990 CR3: 00000002126a4003 CR4: 0000000000770ef0
[  706.795607] PKRU: 55555554
[  706.795612] Call Trace:
[  706.795623]  <NMI>
[  706.795630]  ? show_regs+0x74/0x80
[  706.795650]  ? nmi_cpu_backtrace+0x108/0x1e0
[  706.795679]  ? nmi_cpu_backtrace_handler+0xc/0x20
[  706.795699]  ? nmi_handle+0xb7/0x2e0
[  706.795718]  ? queued_spin_lock_slowpath+0x147/0xbe0
[  706.795750]  ? default_do_nmi+0x54/0x160
[  706.795779]  ? exc_nmi+0x132/0x1a0
[  706.795804]  ? end_repeat_nmi+0xf/0x60
[  706.795830]  ? queued_spin_lock_slowpath+0x145/0xbe0
[  706.795864]  ? queued_spin_lock_slowpath+0x147/0xbe0
[  706.795893]  ? queued_spin_lock_slowpath+0x147/0xbe0
[  706.795926]  ? queued_spin_lock_slowpath+0x147/0xbe0
[  706.795959]  </NMI>
[  706.795964]  <IRQ>
[  706.795970]  ? __pfx_queued_spin_lock_slowpath+0x10/0x10
[  706.796001]  ? srso_alias_return_thunk+0x5/0xfbef5
[  706.796027]  ? srso_alias_return_thunk+0x5/0xfbef5
[  706.796051]  ? rebalance_domains+0x25f/0xb20
[  706.796077]  _raw_spin_lock+0xe8/0xf0
[  706.796107]  ? __pfx__raw_spin_lock+0x10/0x10
[  706.796137]  rcu_iw_handler+0x3c/0xe0
[  706.796160]  irq_work_single+0xc8/0x160
[  706.796197]  __flush_smp_call_function_queue+0x4f0/0xa00
[  706.796219]  ? __pfx_flush_tlb_func+0x10/0x10
[  706.796246]  __sysvec_call_function_single+0x25/0x1d0
[  706.796282]  sysvec_call_function_single+0x8c/0xa0
[  706.796317]  </IRQ>
[  706.796322]  <TASK>
[  706.796328]  asm_sysvec_call_function_single+0x1a/0x20
[  706.796354] RIP: 0010:__sanitizer_cov_trace_pc+0x0/0x70
[  706.796390] Code: e9 c0 cf b1 02 48 89 f7 e9 8d fd ff ff 66 66 2e 0f 1f 84 00 00 00 00 00 66 90 90 90 90 90 90 90 90 90 90 90 90 90 90 90 90 90 <f3> 0f 1e fa 48 8b 0c 24 65 48 8b 14 25 40 6f 03 00 65 8b 05 c0 fd
[  706.796415] RSP: 0018:ffff888101dc7bb0 EFLAGS: 00000293
[  706.796435] RAX: 0000000000000000 RBX: ffff88810496cb1c RCX: ffffffffac76d7b4
[  706.796453] RDX: ffff8881008ed500 RSI: 0000000000000293 RDI: ffff88810496cb1c
[  706.796470] RBP: 0000000000000293 R08: 0000000000000002 R09: 000000000001de85
[  706.796487] R10: 0000000000000003 R11: ffff88810496ceb8 R12: 0000000000000000
[  706.796502] R13: 0000000000000000 R14: ffff88810496c000 R15: ffff88810496cd98
[  706.796525]  ? _raw_spin_unlock_irqrestore+0x44/0x80
[  706.796572]  _raw_spin_unlock_irqrestore+0x4a/0x80
[  706.796617]  e1000_update_stats+0x1463/0x1d70
[  706.796674]  ? __pfx_e1000_update_stats+0x10/0x10
[  706.796722]  ? __entry_text_end+0xfe0f5/0x1021f9
[  706.796753]  ? _raw_spin_unlock+0xd/0x60
[  706.796788]  ? srso_alias_return_thunk+0x5/0xfbef5
[  706.796817]  ? finish_task_switch.isra.0+0x21c/0x7d0
[  706.796846]  ? srso_alias_return_thunk+0x5/0xfbef5
[  706.796875]  e1000_watchdog+0x2f1/0x1300
[  706.796895]  ? __pfx_e1000_watchdog+0x10/0x10
[  706.796929]  ? __pfx___schedule+0x10/0x10
[  706.796964]  ? _raw_spin_lock_irq+0xa1/0xf0
[  706.797000]  ? srso_alias_return_thunk+0x5/0xfbef5
[  706.797028]  ? srso_alias_return_thunk+0x5/0xfbef5
[  706.797051]  ? read_word_at_a_time+0xe/0x20
[  706.797076]  ? srso_alias_return_thunk+0x5/0xfbef5
[  706.797101]  ? srso_alias_return_thunk+0x5/0xfbef5
[  706.797125]  ? kick_pool+0x158/0x390
[  706.797155]  process_one_work+0x583/0xda0
[  706.797182]  worker_thread+0x981/0x11e0
[  706.797206]  ? srso_alias_return_thunk+0x5/0xfbef5
[  706.797230]  ? __kthread_parkme+0xdc/0x160
[  706.797257]  ? srso_alias_return_thunk+0x5/0xfbef5
[  706.797281]  ? __pfx_worker_thread+0x10/0x10
[  706.797298]  kthread+0x263/0x330
[  706.797323]  ? __pfx_kthread+0x10/0x10
[  706.797348]  ret_from_fork+0x48/0x80
[  706.797364]  ? __pfx_kthread+0x10/0x10
[  706.797388]  ret_from_fork_asm+0x1b/0x30
[  706.797413]  </TASK>
[  706.797419] INFO: NMI handler (nmi_cpu_backtrace_handler) took too long to run: 2.051 msecs
[  706.798060] Sending NMI from CPU 7 to CPUs 3:
[  706.827518] NMI backtrace for cpu 3
[  706.827533] CPU: 3 PID: 65 Comm: kworker/3:1 Not tainted 6.7.0 #2
[  706.827552] Hardware name: QEMU Standard PC (i440FX + PIIX, 1996), BIOS 1.15.0-1 04/01/2014
[  706.827565] Workqueue: ata_sff ata_sff_pio_task
[  706.827601] RIP: 0010:queued_spin_lock_slowpath+0x147/0xbe0
[  706.827645] Code: 2b 04 25 28 00 00 00 0f 85 b1 0a 00 00 48 81 c4 88 00 00 00 5b 5d 41 5c 41 5d 41 5e 41 5f e9 3b 54 19 00 e8 9b 84 67 fd f3 90 <e9> 5c ff ff ff e8 8f 84 67 fd 44 8b 7c 24 48 41 81 ff 00 01 00 00
[  706.827666] RSP: 0018:ffff8881f1789e10 EFLAGS: 00000046
[  706.827681] RAX: 0000000000010002 RBX: 1ffff1103e2f13c3 RCX: ffffffffac76ecd5
[  706.827694] RDX: ffff888100caa200 RSI: 0000000000000004 RDI: ffffffffad820000
[  706.827706] RBP: ffffffffad820000 R08: 0000000000000000 R09: fffffbfff5b04000
[  706.827721] R10: ffffffffad820003 R11: ffff8881f1789ff8 R12: 0000000000000001
[  706.827734] R13: 0000000000000003 R14: fffffbfff5b04000 R15: 0000000000000001
[  706.827751] FS:  0000000000000000(0000) GS:ffff8881f1780000(0000) knlGS:0000000000000000
[  706.827769] CS:  0010 DS: 0000 ES: 0000 CR0: 0000000080050033
[  706.827784] CR2: 000055df131e6168 CR3: 0000000114f84001 CR4: 0000000000770ef0
[  706.827796] PKRU: 55555554
[  706.827803] Call Trace:
[  706.827811]  <NMI>
[  706.827820]  ? show_regs+0x74/0x80
[  706.827842]  ? nmi_cpu_backtrace+0x108/0x1e0
[  706.827877]  ? nmi_cpu_backtrace_handler+0xc/0x20
[  706.827899]  ? nmi_handle+0xb7/0x2e0
[  706.827920]  ? queued_spin_lock_slowpath+0x147/0xbe0
[  706.827955]  ? default_do_nmi+0x54/0x160
[  706.827990]  ? exc_nmi+0x132/0x1a0
[  706.828017]  ? end_repeat_nmi+0xf/0x60
[  706.828046]  ? queued_spin_lock_slowpath+0x145/0xbe0
[  706.828080]  ? queued_spin_lock_slowpath+0x147/0xbe0
[  706.828114]  ? queued_spin_lock_slowpath+0x147/0xbe0
[  706.828147]  ? queued_spin_lock_slowpath+0x147/0xbe0
[  706.828181]  </NMI>
[  706.828186]  <IRQ>
[  706.828192]  ? __pfx_queued_spin_lock_slowpath+0x10/0x10
[  706.828225]  ? srso_alias_return_thunk+0x5/0xfbef5
[  706.828253]  ? wakeup_preempt+0x1c4/0x260
[  706.828284]  ? srso_alias_return_thunk+0x5/0xfbef5
[  706.828312]  ? srso_alias_return_thunk+0x5/0xfbef5
[  706.828338]  ? ttwu_do_activate.constprop.0+0x19d/0x4d0
[  706.828373]  _raw_spin_lock+0xe8/0xf0
[  706.828406]  ? __pfx__raw_spin_lock+0x10/0x10
[  706.828439]  rcu_iw_handler+0x3c/0xe0
[  706.828461]  irq_work_single+0xc8/0x160
[  706.828497]  __flush_smp_call_function_queue+0x4f0/0xa00
[  706.828520]  __sysvec_call_function_single+0x25/0x1d0
[  706.828558]  sysvec_call_function_single+0x8c/0xa0
[  706.828600]  </IRQ>
[  706.828605]  <TASK>
[  706.828610]  asm_sysvec_call_function_single+0x1a/0x20
[  706.828636] RIP: 0010:preempt_schedule_irq+0x54/0x90
[  706.828675] Code: 40 6f 03 00 48 b8 00 00 00 00 00 fc ff df 48 89 eb 48 c1 eb 03 48 01 c3 e8 19 a8 68 fd 65 ff 05 ea a5 8d 53 fb bf 01 00 00 00 <e8> 27 d1 ff ff fa 65 ff 0d d7 a5 8d 53 80 3b 00 75 17 48 8b 45 00
[  706.828696] RSP: 0018:ffff888100cc7cd8 EFLAGS: 00000203
[  706.828710] RAX: 0000000000000000 RBX: ffffed1020195440 RCX: ffffffffac75c957
[  706.828723] RDX: ffff888100caa200 RSI: 0000000000000000 RDI: 0000000000000001
[  706.828735] RBP: ffff888100caa200 R08: 0000000000000001 R09: ffffed103e2f5031
[  706.828748] R10: ffff8881f17a818f R11: 0000000000000000 R12: 0000000000000000
[  706.828760] R13: 0000000000000000 R14: 0000000000000000 R15: 0000000000000000
[  706.828775]  ? preempt_schedule_irq+0x47/0x90
[  706.828811]  ? preempt_schedule_irq+0x47/0x90
[  706.828843]  irqentry_exit+0x21/0x50
[  706.828864]  asm_sysvec_reschedule_ipi+0x1a/0x20
[  706.828889] RIP: 0010:_raw_spin_unlock_irq+0x3b/0x60
[  706.828920] Code: 00 00 00 fc ff df 48 89 da 48 c1 ea 03 0f b6 04 02 48 89 da 83 e2 07 38 d0 7f 04 84 c0 75 23 c6 03 00 fb 65 ff 0d 2d 8f 8c 53 <74> 06 5b e9 4d 91 67 fd e8 48 91 67 fd e8 63 90 09 fd 5b e9 3d 91
[  706.828940] RSP: 0018:ffff888100cc7da8 EFLAGS: 00000286
[  706.828953] RAX: 0000000000000000 RBX: ffff888101a05000 RCX: ffffffffac76dfed
[  706.828966] RDX: 0000000000000000 RSI: ffff88810489017c RDI: ffff888101a05000
[  706.828979] RBP: ffff8881048900b8 R08: 0000000000000003 R09: 0000000000005fb5
[  706.828991] R10: ffff888101a05003 R11: ffffffffad820098 R12: ffff888101015e00
[  706.829003] R13: ffff8881f17b7100 R14: 00000000000000c0 R15: ffff88810125a018
[  706.829019]  ? _raw_spin_unlock_irq+0xd/0x60
[  706.829053]  ? _raw_spin_unlock_irq+0xd/0x60
[  706.829082]  process_one_work+0x583/0xda0
[  706.829113]  worker_thread+0x981/0x11e0
[  706.829141]  ? __kthread_parkme+0xdc/0x160
[  706.829171]  ? srso_alias_return_thunk+0x5/0xfbef5
[  706.829199]  ? __pfx_worker_thread+0x10/0x10
[  706.829222]  kthread+0x263/0x330
[  706.829256]  ? __pfx_kthread+0x10/0x10
[  706.829289]  ret_from_fork+0x48/0x80
[  706.829311]  ? __pfx_kthread+0x10/0x10
[  706.829342]  ret_from_fork_asm+0x1b/0x30
[  706.829374]  </TASK>
[  706.829506] task:kworker/3:3     state:R  running task     stack:29336 pid:132   tgid:132   ppid:2      flags:0x00004000
[  706.861636] Workqueue: events_freezable_power_ disk_events_workfn
[  706.862067] Call Trace:
[  706.862251]  <TASK>
[  706.862444]  __schedule+0xbda/0x2230
[  706.862727]  ? __pfx___schedule+0x10/0x10
[  706.863026]  ? srso_alias_return_thunk+0x5/0xfbef5
[  706.863377]  ? ata_sff_qc_issue+0x3a8/0x7c0
[  706.863694]  ? srso_alias_return_thunk+0x5/0xfbef5
[  706.864040]  ? ata_bmdma_qc_issue+0x29c/0xc50
[  706.864367]  ? srso_alias_return_thunk+0x5/0xfbef5
[  706.864726]  ? sysvec_apic_timer_interrupt+0x18/0x80
[  706.865076]  ? srso_alias_return_thunk+0x5/0xfbef5
[  706.865436]  preempt_schedule+0x5f/0x80
[  706.865728]  preempt_schedule_thunk+0x1a/0x30
[  706.866058]  ? _raw_spin_unlock_irqrestore+0x5f/0x80
[  706.866440]  _raw_spin_unlock_irqrestore+0x64/0x80
[  706.866794]  ata_scsi_queuecmd+0x19d/0x200
[  706.867098]  scsi_queue_rq+0xb84/0x2bf0
[  706.867389]  blk_mq_dispatch_rq_list+0x3b6/0x1af0
[  706.867743]  ? __stack_depot_save+0x39/0x4e0
[  706.868055]  ? __pfx_get_page_from_freelist+0x10/0x10
[  706.868433]  ? srso_alias_return_thunk+0x5/0xfbef5
[  706.868785]  ? __pfx_blk_mq_dispatch_rq_list+0x10/0x10
[  706.869153]  ? _raw_spin_lock+0xa0/0xf0
[  706.869443]  ? __pfx__raw_spin_lock+0x10/0x10
[  706.869772]  ? __alloc_pages+0x31e/0x1ee0
[  706.870073]  ? sr_check_events+0x1c6/0x940
[  706.870412]  __blk_mq_sched_dispatch_requests+0x213/0x13c0
[  706.870805]  ? srso_alias_return_thunk+0x5/0xfbef5
[  706.871151]  ? srso_alias_return_thunk+0x5/0xfbef5
[  706.871497]  ? __pfx___blk_mq_sched_dispatch_requests+0x10/0x10
[  706.871912]  ? __pfx__raw_spin_lock+0x10/0x10
[  706.872243]  ? srso_alias_return_thunk+0x5/0xfbef5
[  706.872587]  ? _raw_spin_unlock+0xd/0x60
[  706.872882]  ? srso_alias_return_thunk+0x5/0xfbef5
[  706.873230]  ? blk_mq_insert_request+0x245/0x930
[  706.873565]  blk_mq_sched_dispatch_requests+0xeb/0x150
[  706.873928]  blk_mq_run_hw_queue+0x44f/0x530
[  706.874240]  ? bio_add_pc_page+0xbc/0x100
[  706.874555]  blk_execute_rq+0x1a4/0x350
[  706.874844]  ? __pfx_blk_execute_rq+0x10/0x10
[  706.875165]  scsi_execute_cmd+0x41d/0x790
[  706.875461]  ? newidle_balance.constprop.0+0x108/0xca0
[  706.875831]  sr_check_events+0x1c6/0x940
[  706.876128]  ? __pfx_sr_check_events+0x10/0x10
[  706.876453]  ? srso_alias_return_thunk+0x5/0xfbef5
[  706.876800]  ? srso_alias_return_thunk+0x5/0xfbef5
[  706.877146]  ? update_min_vruntime+0x143/0x2d0
[  706.877472]  ? srso_alias_return_thunk+0x5/0xfbef5
[  706.877820]  ? _raw_spin_unlock+0xd/0x60
[  706.878115]  ? srso_alias_return_thunk+0x5/0xfbef5
[  706.878493]  ? finish_task_switch.isra.0+0x21c/0x7d0
[  706.878968]  ? srso_alias_return_thunk+0x5/0xfbef5
[  706.879416]  ? srso_alias_return_thunk+0x5/0xfbef5
[  706.879771]  ? __schedule+0xbe7/0x2230
[  706.880064]  cdrom_check_events+0x68/0x110
[  706.880365]  ? __pfx___schedule+0x10/0x10
[  706.880665]  sr_block_check_events+0xb0/0xf0
[  706.880992]  disk_check_events+0xc1/0x3b0
[  706.881282]  process_one_work+0x583/0xda0
[  706.881587]  worker_thread+0x981/0x11e0
[  706.881873]  ? __kthread_parkme+0xdc/0x160
[  706.882170]  ? srso_alias_return_thunk+0x5/0xfbef5
[  706.882531]  ? __pfx_worker_thread+0x10/0x10
[  706.882845]  kthread+0x263/0x330
[  706.883102]  ? __pfx_kthread+0x10/0x10
[  706.883389]  ret_from_fork+0x48/0x80
[  706.883652]  ? __pfx_kthread+0x10/0x10
[  706.883942]  ret_from_fork_asm+0x1b/0x30
[  706.884239]  </TASK>
[  706.884575] systemd-journal (124) used greatest stack depth: 24680 bytes left
[  706.891018] systemd[1]: systemd-udevd.service: Main process exited, code=killed, status=6/ABRT
[  706.892274] systemd[1]: systemd-udevd.service: Failed with result 'watchdog'.
[  706.898730] systemd[1]: systemd-udevd.service: Consumed 4min 54.645s CPU time.
[  706.905489] systemd[1]: systemd-journald.service: Main process exited, code=killed, status=9/KILL
[  706.908043] systemd[1]: systemd-journald.service: Failed with result 'watchdog'.
[  706.922934] systemd[1]: systemd-udevd.service: Scheduled restart job, restart counter is at 1.
[  706.924414] systemd[1]: systemd-journald.service: Scheduled restart job, restart counter is at 1.
[  706.951297] systemd[1]: Stopping Flush Journal to Persistent Storage...
[  706.952279] systemd[1]: Stopped Rule-based Manager for Device Events and Files.
[  706.953266] systemd[1]: systemd-udevd.service: Consumed 4min 54.645s CPU time.
[  706.970521] systemd[1]: Starting Rule-based Manager for Device Events and Files...
[  707.008752] systemd[1]: systemd-journal-flush.service: Succeeded.
[  707.014704] systemd[1]: Stopped Flush Journal to Persistent Storage.
[  707.015903] systemd[1]: Stopped Journal Service.
[  707.044371] systemd[1]: Starting Journal Service...
[  707.102822] systemd[1]: Started Rule-based Manager for Device Events and Files.
[  707.144194] systemd-journald[286]: File /var/log/journal/495cb7baaf694f459d942b793c107665/system.journal corrupted or uncleanly shut down, renaming and replacing.
[  707.236841] systemd[1]: Started Journal Service.
[  707.311617] systemd-journald[286]: Received client request to flush runtime journal.
Warning: Permanently added '[localhost]:34868' (ED25519) to the list of known hosts.
2024/03/11 08:30:44 ignoring optional flag "sandboxArg"="0"
2024/03/11 08:30:44 parsed 1 programs
[  719.905180] cgroup: Unknown subsys name 'net'
[  719.944736] cgroup: Unknown subsys name 'rlimit'
[  719.945315] cgroup: Unknown subsys name 'memory'
[  720.008354] Adding 124996k swap on ./swap-file.  Priority:0 extents:1 across:124996k 
2024/03/11 08:30:44 executed programs: 0
[  720.024448] audit: type=1400 audit(1710145844.691:6): avc:  denied  { execmem } for  pid=337 comm="syz-executor.0" scontext=system_u:system_r:kernel_t:s0 tcontext=system_u:system_r:kernel_t:s0 tclass=process permissive=1
2024/03/11 08:30:51 executed programs: 8

VM DIAGNOSIS:
08:30:44  Registers:
info registers vcpu 0
RAX=ffff8881f16340c0 RBX=0000000000000000 RCX=ffffffffac752322 RDX=ffffed103e2c6819
RSI=0000000000000004 RDI=000000000016e734 RBP=dffffc0000000000 RSP=ffffffffad607e18
R8 =0000000000000001 R9 =ffffed103e2c6818 R10=ffff8881f16340c3 R11=0000000000000000
R12=ffffffffade17190 R13=1ffffffff5ac0fc8 R14=0000000000000000 R15=0000000000000000
RIP=ffffffffac752f8e RFL=00000206 [-----P-] CPL=0 II=0 A20=1 SMM=0 HLT=1
ES =0000 0000000000000000 00000000 00000000
CS =0010 0000000000000000 ffffffff 00a09b00 DPL=0 CS64 [-RA]
SS =0018 0000000000000000 ffffffff 00c09300 DPL=0 DS   [-WA]
DS =0000 0000000000000000 00000000 00000000
FS =0000 0000000000000000 00000000 00000000
GS =0000 ffff8881f1600000 00000000 00000000
LDT=0000 0000000000000000 00000000 00000000
TR =0040 fffffe745cda0000 00004087 00008b00 DPL=0 TSS64-busy
GDT=     fffffe745cd9e000 0000007f
IDT=     fffffe0000000000 00000fff
CR0=80050033 CR2=0000563baee34f70 CR3=0000000105b94004 CR4=00770ef0
DR0=0000000000000000 DR1=0000000000000000 DR2=0000000000000000 DR3=0000000000000000 
DR6=00000000ffff0ff0 DR7=0000000000000400
EFER=0000000000000d01
FCW=037f FSW=0000 [ST=0] FTW=00 MXCSR=00001f80
FPR0=0000000000000000 0000 FPR1=0000000000000000 0000
FPR2=0000000000000000 0000 FPR3=0000000000000000 0000
FPR4=0000000000000000 0000 FPR5=0000000000000000 0000
FPR6=0000000000000000 0000 FPR7=0000000000000000 0000
YMM00=0000000000000000 0000000000000000 0000000000000000 0000000000000000
YMM01=0000000000000000 0000000000000000 00ffffffffffff00 0000000000000000
YMM02=0000000000000000 0000000000000000 00ffffffffffff00 0000000000000000
YMM03=0000000000000000 0000000000000000 0000000000000000 0000000000000000
YMM04=0000000000000000 0000000000000000 0000000000000000 0000000000000000
YMM05=0000000000000000 0000000000000000 0000000000000000 0000000000000000
YMM06=0000000000000000 0000000000000000 0000000000000000 0000000000000000
YMM07=0000000000000000 0000000000000000 0000000000000000 0000000000000000
YMM08=0000000000000000 0000000000000000 5200000000000073 7075747261747320
YMM09=0000000000000000 0000000000000000 0000000000000000 0000000000000000
YMM10=0000000000000000 0000000000000000 0000000000000000 0000000000000000
YMM11=0000000000000000 0000000000000000 0000000000000000 0000000000000000
YMM12=0000000000000000 0000000000000000 0000000000000000 0000000000000000
YMM13=0000000000000000 0000000000000000 0000000000000000 0000000000000000
YMM14=0000000000000000 0000000000000000 0000000000000000 0000000000000000
YMM15=0000000000000000 0000000000000000 0000000000000000 0000000000000000
info registers vcpu 1
RAX=0000000000000000 RBX=ffff88811537f020 RCX=ffffffffa9ae6e90 RDX=ffff88811537f068
RSI=ffff88811537eff0 RDI=ffff88811537f070 RBP=ffff88811537f0c0 RSP=ffff88811537ef50
R8 =ffff88811537f060 R9 =ffff88811537f020 R10=0000000000000000 R11=0000000000000000
R12=0000000000000001 R13=0000000000000001 R14=ffff88811537f020 R15=ffff88811537f018
RIP=ffffffffa9ae6e95 RFL=00000293 [--S-A-C] CPL=0 II=0 A20=1 SMM=0 HLT=0
ES =0000 0000000000000000 00000000 00000000
CS =0010 0000000000000000 ffffffff 00a09b00 DPL=0 CS64 [-RA]
SS =0018 0000000000000000 ffffffff 00c09300 DPL=0 DS   [-WA]
DS =0000 0000000000000000 00000000 00000000
FS =0000 00007f9a278b7900 00000000 00000000
GS =0000 ffff8881f1680000 00000000 00000000
LDT=0000 0000000000000000 00000000 00000000
TR =0040 fffffe3c22efb000 00004087 00008b00 DPL=0 TSS64-busy
GDT=     fffffe3c22ef9000 0000007f
IDT=     fffffe0000000000 00000fff
CR0=80050033 CR2=00007f9a27861008 CR3=0000000111482002 CR4=00770ef0
DR0=0000000000000000 DR1=0000000000000000 DR2=0000000000000000 DR3=0000000000000000 
DR6=00000000ffff0ff0 DR7=0000000000000400
EFER=0000000000000d01
FCW=037f FSW=0000 [ST=0] FTW=00 MXCSR=00001f80
FPR0=0000000000000000 0000 FPR1=0000000000000000 0000
FPR2=0000000000000000 0000 FPR3=0000000000000000 0000
FPR4=0000000000000000 0000 FPR5=0000000000000000 0000
FPR6=0000000000000000 0000 FPR7=0000000000000000 0000
YMM00=0000000000000000 0000000000000000 0000000000000000 0000000000000000
YMM01=0000000000000000 0000000000000000 652022746f6f7222 3d74636361207469
YMM02=0000000000000000 0000000000000000 3d6c616e696d7265 7420322e322e302e
YMM03=0000000000000000 0000000000000000 3d656d616e74736f 682022646873732f
YMM04=0000000000000000 0000000000000000 4040404040404040 4040404040404040
YMM05=0000000000000000 0000000000000000 5a5a5a5a5a5a5a5a 5a5a5a5a5a5a5a5a
YMM06=0000000000000000 0000000000000000 2020202020202020 2020202020202020
YMM07=0000000000000000 0000000000000000 0000000000000000 0000000000000000
YMM08=0000000000000000 0000000000000000 652075253d646920 73253d706f000000
YMM09=0000000000000000 0000000000000000 0000000000000000 0000000000000000
YMM10=0000000000000000 0000000000000000 0000000000000000 0000000000000000
YMM11=0000000000000000 0000000000000000 0000000000000000 0000000000000000
YMM12=0000000000000000 0000000000000000 0000000000000000 0000000000000000
YMM13=0000000000000000 0000000000000000 0000000000000000 0000000000000000
YMM14=0000000000000000 0000000000000000 0000000000000000 0000000000000000
YMM15=0000000000000000 0000000000000000 0000000000000000 0000000000000000
info registers vcpu 2
RAX=ffff8881f17340c0 RBX=0000000000000002 RCX=ffffffffac752322 RDX=ffffed103e2e6819
RSI=0000000000000004 RDI=000000000016830c RBP=dffffc0000000000 RSP=ffff88810036fe68
R8 =0000000000000001 R9 =ffffed103e2e6818 R10=ffff8881f17340c3 R11=0000000000000000
R12=ffffffffade17190 R13=1ffff1102006dfd2 R14=0000000000000000 R15=0000000000000000
RIP=ffffffffac752f8e RFL=00000216 [----AP-] CPL=0 II=0 A20=1 SMM=0 HLT=1
ES =0000 0000000000000000 00000000 00000000
CS =0010 0000000000000000 ffffffff 00a09b00 DPL=0 CS64 [-RA]
SS =0018 0000000000000000 ffffffff 00c09300 DPL=0 DS   [-WA]
DS =0000 0000000000000000 00000000 00000000
FS =0000 0000000000000000 00000000 00000000
GS =0000 ffff8881f1700000 00000000 00000000
LDT=0000 0000000000000000 00000000 00000000
TR =0040 fffffe44a65f7000 00004087 00008b00 DPL=0 TSS64-busy
GDT=     fffffe44a65f5000 0000007f
IDT=     fffffe0000000000 00000fff
CR0=80050033 CR2=00007f53313def20 CR3=0000000114cec006 CR4=00770ef0
DR0=0000000000000000 DR1=0000000000000000 DR2=0000000000000000 DR3=0000000000000000 
DR6=00000000ffff0ff0 DR7=0000000000000400
EFER=0000000000000d01
FCW=037f FSW=0000 [ST=0] FTW=00 MXCSR=00001f80
FPR0=0000000000000000 0000 FPR1=0000000000000000 0000
FPR2=0000000000000000 0000 FPR3=0000000000000000 0000
FPR4=0000000000000000 0000 FPR5=0000000000000000 0000
FPR6=0000000000000000 0000 FPR7=0000000000000000 0000
YMM00=0000000000000000 0000000000000000 0000000000000000 0000000000000000
YMM01=0000000000000000 0000000000000000 864b16337fdc40b2 8f47845359d01bd9
YMM02=0000000000000000 0000000000000000 d59e07bde36eea69 0000000000191e28
YMM03=0000000000000000 0000000000000000 fb795ef6d6577056 0000000000191ed0
YMM04=0000000000000000 0000000000000000 e97e07eac4be2267 000000000015cad8
YMM05=0000000000000000 0000000000000000 139997807ff5a442 0000000000193f40
YMM06=0000000000000000 0000000000000000 e042d86d42eb936e 0000000000192298
YMM07=0000000000000000 0000000000000000 2c67c8bc2e329bc3 0000000000191fa0
YMM08=0000000000000000 0000000000000000 fb795ef6d6577056 0000000000191ed0
YMM09=0000000000000000 0000000000000000 0000000000000000 0000000000000000
YMM10=0000000000000000 0000000000000000 0000000000000000 0000000000000000
YMM11=0000000000000000 0000000000000000 0000000000000000 0000000000000000
YMM12=0000000000000000 0000000000000000 0000000000000000 0000000000000000
YMM13=0000000000000000 0000000000000000 0000000000000000 0000000000000000
YMM14=0000000000000000 0000000000000000 0000000000000000 0000000000000000
YMM15=0000000000000000 0000000000000000 0000000000000000 0000000000000000
info registers vcpu 3
RAX=ffff8881f17b40c0 RBX=0000000000000003 RCX=ffffffffac752322 RDX=ffffed103e2f6819
RSI=0000000000000004 RDI=0000000000170584 RBP=dffffc0000000000 RSP=ffff888100377e68
R8 =0000000000000001 R9 =ffffed103e2f6818 R10=ffff8881f17b40c3 R11=ffff8881f17b8460
R12=ffffffffade17190 R13=1ffff1102006efd2 R14=0000000000000000 R15=0000000000000000
RIP=ffffffffac752f8e RFL=00000202 [-------] CPL=0 II=0 A20=1 SMM=0 HLT=1
ES =0000 0000000000000000 00000000 00000000
CS =0010 0000000000000000 ffffffff 00a09b00 DPL=0 CS64 [-RA]
SS =0018 0000000000000000 ffffffff 00c09300 DPL=0 DS   [-WA]
DS =0000 0000000000000000 00000000 00000000
FS =0000 0000000000000000 00000000 00000000
GS =0000 ffff8881f1780000 00000000 00000000
LDT=0000 0000000000000000 00000000 00000000
TR =0040 fffffe7e4d387000 00004087 00008b00 DPL=0 TSS64-busy
GDT=     fffffe7e4d385000 0000007f
IDT=     fffffe0000000000 00000fff
CR0=80050033 CR2=00007ffcdce44928 CR3=00000002126a4002 CR4=00770ef0
DR0=0000000000000000 DR1=0000000000000000 DR2=0000000000000000 DR3=0000000000000000 
DR6=00000000ffff0ff0 DR7=0000000000000400
EFER=0000000000000d01
FCW=037f FSW=0000 [ST=0] FTW=00 MXCSR=00001f80
FPR0=0000000000000000 0000 FPR1=0000000000000000 0000
FPR2=0000000000000000 0000 FPR3=0000000000000000 0000
FPR4=0000000000000000 0000 FPR5=0000000000000000 0000
FPR6=0000000000000000 0000 FPR7=0000000000000000 0000
YMM00=0000000000000000 0000000000000000 0000000000000000 0000000000000000
YMM01=0000000000000000 0000000000000000 00007f0f751b2510 0000557b963e3410
YMM02=0000000000000000 0000000000000000 316168730062666f 2d336564652d7365
YMM03=0000000000000000 0000000000000000 000000000000007f 0f74e07b61000000
YMM04=0000000000000000 0000000000000000 4040404040404040 4040404040404040
YMM05=0000000000000000 0000000000000000 5a5a5a5a5a5a5a5a 5a5a5a5a5a5a5a5a
YMM06=0000000000000000 0000000000000000 2020202020202020 2020202020202020
YMM07=0000000000000000 0000000000000000 ffffffffffff00ff ffff00ffffff00ff
YMM08=0000000000000000 0000000000000000 0000200000000020 2020002020200000
YMM09=0000000000000000 0000000000000000 ffffffffffff00ff ffff00ffffff00ff
YMM10=0000000000000000 0000000000000000 0000200000000020 2020002020200000
YMM11=0000000000000000 0000000000000000 0000000000000000 0000000000000000
YMM12=0000000000000000 0000000000000000 0000000000000000 0000000000000000
YMM13=0000000000000000 0000000000000000 0000000000000000 0000000000000000
YMM14=0000000000000000 0000000000000000 0000000000000000 0000000000000000
YMM15=0000000000000000 0000000000000000 0000000000000000 0000000000000000
info registers vcpu 4
RAX=ffff8881f18340c0 RBX=0000000000000004 RCX=ffffffffac752322 RDX=ffffed103e306819
RSI=0000000000000004 RDI=0000000000230394 RBP=dffffc0000000000 RSP=ffff88810037fe68
R8 =0000000000000001 R9 =ffffed103e306818 R10=ffff8881f18340c3 R11=ffff8881f1838460
R12=ffffffffade17190 R13=1ffff1102006ffd2 R14=0000000000000000 R15=0000000000000000
RIP=ffffffffac752f8e RFL=00000206 [-----P-] CPL=0 II=0 A20=1 SMM=0 HLT=1
ES =0000 0000000000000000 00000000 00000000
CS =0010 0000000000000000 ffffffff 00a09b00 DPL=0 CS64 [-RA]
SS =0018 0000000000000000 ffffffff 00c09300 DPL=0 DS   [-WA]
DS =0000 0000000000000000 00000000 00000000
FS =0000 0000000000000000 00000000 00000000
GS =0000 ffff8881f1800000 00000000 00000000
LDT=0000 0000000000000000 00000000 00000000
TR =0040 fffffe54620ba000 00004087 00008b00 DPL=0 TSS64-busy
GDT=     fffffe54620b8000 0000007f
IDT=     fffffe0000000000 00000fff
CR0=80050033 CR2=00007f9a278b0180 CR3=00000002126a4002 CR4=00770ef0
DR0=0000000000000000 DR1=0000000000000000 DR2=0000000000000000 DR3=0000000000000000 
DR6=00000000ffff0ff0 DR7=0000000000000400
EFER=0000000000000d01
FCW=037f FSW=0000 [ST=0] FTW=00 MXCSR=00001fa0
FPR0=0000000000000000 0000 FPR1=0000000000000000 0000
FPR2=0000000000000000 0000 FPR3=0000000000000000 0000
FPR4=0000000000000000 0000 FPR5=0000000000000000 0000
FPR6=0000000000000000 0000 FPR7=0000000000000000 0000
YMM00=0000000000000000 0000000000000000 0000000000000000 0000000000000000
YMM01=0000000000000000 0000000000000000 00007f9a28039440 00007f9a28038f20
YMM02=0000000000000000 0000000000000000 00007f9a27974060 00007f9a27c55b30
YMM03=0000000000000000 0000000000000000 00007f9a28039440 00007f9a28038f20
YMM04=0000000000000000 0000000000000000 00007f9a27e7f000 0000558553664a50
YMM05=0000000000000000 0000000000000000 00007f9a27975820 00007f9a27e7ff60
YMM06=0000000000000000 0000000000000000 00007f9a28039950 00007f9a28039440
YMM07=0000000000000000 0000000000000000 00007f9a28038f20 00007f9a27975120
YMM08=0000000000000000 0000000000000000 00007f9a27974b10 00007f9a279745f0
YMM09=0000000000000000 0000000000000000 ffffffffffff00ff ffff00ffffff00ff
YMM10=0000000000000000 0000000000000000 0000200000000020 2020002020200000
YMM11=0000000000000000 0000000000000000 bd276f62f0160501 70c2f881999bde83
YMM12=0000000000000000 0000000000000000 0000000000000000 0000000000000000
YMM13=0000000000000000 0000000000000000 0000000000000000 0000000000000000
YMM14=0000000000000000 0000000000000000 0000000000000000 0000000000000000
YMM15=0000000000000000 0000000000000000 0000000000000000 0000000000000000
info registers vcpu 5
RAX=ffff8881f18b40c0 RBX=0000000000000005 RCX=ffffffffac752322 RDX=ffffed103e316819
RSI=0000000000000004 RDI=00000000001a5b84 RBP=dffffc0000000000 RSP=ffff888100387e68
R8 =0000000000000001 R9 =ffffed103e316818 R10=ffff8881f18b40c3 R11=ffffffffad820008
R12=ffffffffade17190 R13=1ffff11020070fd2 R14=0000000000000000 R15=0000000000000000
RIP=ffffffffac752f8e RFL=00000202 [-------] CPL=0 II=0 A20=1 SMM=0 HLT=1
ES =0000 0000000000000000 00000000 00000000
CS =0010 0000000000000000 ffffffff 00a09b00 DPL=0 CS64 [-RA]
SS =0018 0000000000000000 ffffffff 00c09300 DPL=0 DS   [-WA]
DS =0000 0000000000000000 00000000 00000000
FS =0000 0000000000000000 00000000 00000000
GS =0000 ffff8881f1880000 00000000 00000000
LDT=0000 0000000000000000 00000000 00000000
TR =0040 fffffe2bea213000 00004087 00008b00 DPL=0 TSS64-busy
GDT=     fffffe2bea211000 0000007f
IDT=     fffffe0000000000 00000fff
CR0=80050033 CR2=000055958fb8c2d8 CR3=00000002126a4001 CR4=00770ef0
DR0=0000000000000000 DR1=0000000000000000 DR2=0000000000000000 DR3=0000000000000000 
DR6=00000000ffff0ff0 DR7=0000000000000400
EFER=0000000000000d01
FCW=037f FSW=0000 [ST=0] FTW=00 MXCSR=00001f80
FPR0=0000000000000000 0000 FPR1=0000000000000000 0000
FPR2=0000000000000000 0000 FPR3=0000000000000000 0000
FPR4=0000000000000000 0000 FPR5=0000000000000000 0000
FPR6=0000000000000000 0000 FPR7=0000000000000000 0000
YMM00=0000000000000000 0000000000000000 ffffffffffffffff ffffffffffffffff
YMM01=0000000000000000 0000000000000000 ffff000000000000 ffffffffffffffff
YMM02=0000000000000000 0000000000000000 ffffffffffffffff 0f0e0d0c0b0a0908
YMM03=0000000000000000 0000000000000000 6374652f006e6962 2f3a6e6962732f3a
YMM04=0000000000000000 0000000000000000 ffffffffffffffff ffffffffffffffff
YMM05=0000000000000000 0000000000000000 ffffffffffffffff ffffffffffffffff
YMM06=0000000000000000 0000000000000000 ffffffffffffffff ffffffffffffffff
YMM07=0000000000000000 0000000000000000 0000000000000000 0000000000000000
YMM08=0000000000000000 0000000000000000 000055958e07d878 000000656d616e75
YMM09=0000000000000000 0000000000000000 0000000000000000 0000000000000000
YMM10=0000000000000000 0000000000000000 0000000000000000 0000000000000000
YMM11=0000000000000000 0000000000000000 0000000000000000 0000000000000000
YMM12=0000000000000000 0000000000000000 0000000000000000 0000000000000000
YMM13=0000000000000000 0000000000000000 0000000000000000 0000000000000000
YMM14=0000000000000000 0000000000000000 0000000000000000 0000000000000000
YMM15=0000000000000000 0000000000000000 0000000000000000 0000000000000000
info registers vcpu 6
RAX=ffff8881f19340c0 RBX=0000000000000006 RCX=ffffffffac752322 RDX=ffffed103e326819
RSI=0000000000000004 RDI=000000000019587c RBP=dffffc0000000000 RSP=ffff888100397e68
R8 =0000000000000001 R9 =ffffed103e326818 R10=ffff8881f19340c3 R11=0000000000000000
R12=ffffffffade17190 R13=1ffff11020072fd2 R14=0000000000000000 R15=0000000000000000
RIP=ffffffffac752f8e RFL=00000216 [----AP-] CPL=0 II=0 A20=1 SMM=0 HLT=1
ES =0000 0000000000000000 00000000 00000000
CS =0010 0000000000000000 ffffffff 00a09b00 DPL=0 CS64 [-RA]
SS =0018 0000000000000000 ffffffff 00c09300 DPL=0 DS   [-WA]
DS =0000 0000000000000000 00000000 00000000
FS =0000 0000000000000000 00000000 00000000
GS =0000 ffff8881f1900000 00000000 00000000
LDT=0000 0000000000000000 00000000 00000000
TR =0040 fffffe1ec4a1f000 00004087 00008b00 DPL=0 TSS64-busy
GDT=     fffffe1ec4a1d000 0000007f
IDT=     fffffe0000000000 00000fff
CR0=80050033 CR2=00007f4bc6cf5b40 CR3=000000010f602002 CR4=00770ef0
DR0=0000000000000000 DR1=0000000000000000 DR2=0000000000000000 DR3=0000000000000000 
DR6=00000000ffff0ff0 DR7=0000000000000400
EFER=0000000000000d01
FCW=037f FSW=0000 [ST=0] FTW=00 MXCSR=00001f80
FPR0=0000000000000000 0000 FPR1=0000000000000000 0000
FPR2=0000000000000000 0000 FPR3=0000000000000000 0000
FPR4=0000000000000000 0000 FPR5=0000000000000000 0000
FPR6=0000000000000000 0000 FPR7=0000000000000000 0000
YMM00=0000000000000000 0000000000000000 30333a3830203131 2072614d3e36383c
YMM01=0000000000000000 0000000000000000 7365733a64687373 2878696e755f6d61
YMM02=0000000000000000 0000000000000000 736f6c63206e6f69 73736573203a296e
YMM03=0000000000000000 0000000000000000 5f6d6170203a5d39 38325b6468737320
YMM04=0000000000000000 0000000000000000 627a7a6154654f67 553256415a4f2f36
YMM05=0000000000000000 0000000000000000 485320415352203a 3268737320303838
YMM06=0000000000000000 0000000000000000 206d6f726620746f 6f7220726f662079
YMM07=0000000000000000 0000000000000000 0000000000000000 0000000000000000
YMM08=0000000000000000 0000000000000000 3a67756265642067 6f6c737973720000
YMM09=0000000000000000 0000000000000000 0000000000000000 0000000000000000
YMM10=0000000000000000 0000000000000000 0000000000000000 0000000000000000
YMM11=0000000000000000 0000000000000000 0000000000000000 0000000000000000
YMM12=0000000000000000 0000000000000000 0000000000000000 0000000000000000
YMM13=0000000000000000 0000000000000000 0000000000000000 0000000000000000
YMM14=0000000000000000 0000000000000000 0000000000000000 0000000000000000
YMM15=0000000000000000 0000000000000000 0000000000000000 0000000000000000
info registers vcpu 7
RAX=ffff8881f19b40c0 RBX=0000000000000007 RCX=ffffffffac752322 RDX=ffffed103e336819
RSI=0000000000000004 RDI=00000000001a5b64 RBP=dffffc0000000000 RSP=ffff88810039fe68
R8 =0000000000000001 R9 =ffffed103e336818 R10=ffff8881f19b40c3 R11=0000000000000000
R12=ffffffffade17190 R13=1ffff11020073fd2 R14=0000000000000000 R15=0000000000000000
RIP=ffffffffac752f8e RFL=00000206 [-----P-] CPL=0 II=0 A20=1 SMM=0 HLT=1
ES =0000 0000000000000000 00000000 00000000
CS =0010 0000000000000000 ffffffff 00a09b00 DPL=0 CS64 [-RA]
SS =0018 0000000000000000 ffffffff 00c09300 DPL=0 DS   [-WA]
DS =0000 0000000000000000 00000000 00000000
FS =0000 0000000000000000 00000000 00000000
GS =0000 ffff8881f1980000 00000000 00000000
LDT=0000 0000000000000000 00000000 00000000
TR =0040 fffffe4b3e5b3000 00004087 00008b00 DPL=0 TSS64-busy
GDT=     fffffe4b3e5b1000 0000007f
IDT=     fffffe0000000000 00000fff
CR0=80050033 CR2=00007f7e5625d990 CR3=000000010f602001 CR4=00770ef0
DR0=0000000000000000 DR1=0000000000000000 DR2=0000000000000000 DR3=0000000000000000 
DR6=00000000ffff0ff0 DR7=0000000000000400
EFER=0000000000000d01
FCW=037f FSW=0000 [ST=0] FTW=00 MXCSR=00001f80
FPR0=0000000000000000 0000 FPR1=0000000000000000 0000
FPR2=0000000000000000 0000 FPR3=0000000000000000 0000
FPR4=0000000000000000 0000 FPR5=0000000000000000 0000
FPR6=0000000000000000 0000 FPR7=0000000000000000 0000
YMM00=0000000000000000 0000000000000000 2034343a30333a38 302031312072614d
YMM01=0000000000000000 0000000000000000 73732878696e755f 6d6170203a5d3938
YMM02=0000000000000000 0000000000000000 65736f6c63206e6f 6973736573203a29
YMM03=0000000000000000 0000000000000000 755f6d6170203a5d 3938325b64687373
YMM04=0000000000000000 0000000000000000 6966206863757320 6f4e203a656c6163
YMM05=0000000000000000 0000000000000000 3a656c696620766e 65206e65706f206f
YMM06=0000000000000000 0000000000000000 65733a6468737328 766e655f6d617020
YMM07=0000000000000000 0000000000000000 6b7a79732033343a 30333a3830203131
YMM08=0000000000000000 0000000000000000 3d656e696c646d63 2022656369767265
YMM09=0000000000000000 0000000000000000 0000000000000000 0000000000000000
YMM10=0000000000000000 0000000000000000 0000000000000000 0000000000000000
YMM11=0000000000000000 0000000000000000 0000000000000000 0000000000000000
YMM12=0000000000000000 0000000000000000 0000000000000000 0000000000000000
YMM13=0000000000000000 0000000000000000 0000000000000000 0000000000000000
YMM14=0000000000000000 0000000000000000 0000000000000000 0000000000000000
YMM15=0000000000000000 0000000000000000 0000000000000000 0000000000000000
