Warning: Permanently added '[localhost]:40726' (ED25519) to the list of known hosts.
2024/03/05 18:24:18 ignoring optional flag "sandboxArg"="0"
2024/03/05 18:24:19 parsed 1 programs
buildroot login: [  890.324825] kmemleak: Automatic memory scanning thread ended
[  890.471320] cgroup: Unknown subsys name 'net'
[  890.474913] cgroup: Unknown subsys name 'net_prio'
[  890.694294] cgroup: Unknown subsys name 'rlimit'
2024/03/05 18:24:34 executed programs: 0
[ 1030.614100] hrtimer: interrupt took 285120 ns
2024/03/05 18:26:41 executed programs: 8
[ 1046.308637] kmemleak: 2 new suspected memory leaks (see /sys/kernel/debug/kmemleak)
BUG: memory leak
unreferenced object 0xffff023ad74b8100 (size 128):
  comm "syz-executor.3", pid 3911, jiffies 4295149819 (age 22.132s)
  hex dump (first 32 bytes):
    28 00 00 00 01 00 00 00 00 40 4e d7 3a 02 ff ff  (........@N.:...
    80 d9 5f a4 48 d3 ff ff c8 69 46 d7 3a 02 ff ff  .._.H....iF.:...
  backtrace:
    [<000000008d295845>] __kmem_cache_alloc_node+0x1f4/0x320
    [<000000003fbdfe35>] kmalloc_trace+0x44/0x6c
    [<00000000a94cbf84>] kvm_init_stage2_mmu+0x88/0x450
    [<00000000d7d73550>] kvm_arch_init_vm+0x6c/0x2d0
    [<000000001e472e33>] kvm_dev_ioctl+0x790/0x158c
    [<000000005f1541e3>] __arm64_sys_ioctl+0x17c/0x204
    [<00000000721fb6b6>] invoke_syscall+0x84/0x2d0
    [<00000000718e28b1>] el0_svc_common.constprop.0+0xe8/0x2e4
    [<000000001553392f>] do_el0_svc+0x64/0x1fc
    [<00000000585b9848>] el0_svc+0x2c/0x6c
    [<0000000051149d12>] el0t_64_sync_handler+0xf4/0x120
    [<00000000decfe0e2>] el0t_64_sync+0x18c/0x190

BUG: memory leak
unreferenced object 0xffff023ad0484d00 (size 128):
  comm "syz-executor.2", pid 3935, jiffies 4295150036 (age 21.268s)
  hex dump (first 32 bytes):
    28 00 00 00 01 00 00 00 00 00 13 c7 3a 02 ff ff  (...........:...
    80 d9 5f a4 48 d3 ff ff c8 a9 c3 cd 3a 02 ff ff  .._.H.......:...
  backtrace:
    [<000000008d295845>] __kmem_cache_alloc_node+0x1f4/0x320
    [<000000003fbdfe35>] kmalloc_trace+0x44/0x6c
    [<00000000a94cbf84>] kvm_init_stage2_mmu+0x88/0x450
    [<00000000d7d73550>] kvm_arch_init_vm+0x6c/0x2d0
    [<000000001e472e33>] kvm_dev_ioctl+0x790/0x158c
    [<000000005f1541e3>] __arm64_sys_ioctl+0x17c/0x204
    [<00000000721fb6b6>] invoke_syscall+0x84/0x2d0
    [<00000000718e28b1>] el0_svc_common.constprop.0+0xe8/0x2e4
    [<000000001553392f>] do_el0_svc+0x64/0x1fc
    [<00000000585b9848>] el0_svc+0x2c/0x6c
    [<0000000051149d12>] el0t_64_sync_handler+0xf4/0x120
    [<00000000decfe0e2>] el0t_64_sync+0x18c/0x190


VM DIAGNOSIS:
18:27:02  Registers:
info registers vcpu 0
 PC=ffffd3489f0da4d0 X00=0000000000000000 X01=ffff023ac9f78000
X02=0000000000000000 X03=0000000000000000 X04=0000000000000100
X05=0000000000000000 X06=ffff023ac9f78000 X07=ffffd3489ee2fe60
X08=ffff023ac9f78000 X09=0000000000000000 X10=0000000000000007
X11=1ffff00001000d86 X12=ffff700001000d87 X13=0000000000000000
X14=ffffd348a15f4e98 X15=0000000000000001 X16=ffff800008000000
X17=ffff2ef2378d3000 X18=0000000000000002 X19=ffff8000092d7250
X20=ffff800008008000 X21=ffff8000092d7260 X22=0000000000000001
X23=ffff800008006c00 X24=0000000000000004 X25=ffff800008006cd0
X26=ffffd3489f0da4d0 X27=ffff8000092d8000 X28=00000000000001e8
X29=ffff800008006b50 X30=ffffd3489f1addbc  SP=ffff800008006b50
PSTATE=40000005 -Z-- EL1h     FPCR=00000000 FPSR=00000011
Q00=0000000000000000:4047ee9dc81b4e4c Q01=0000000000000000:41187b6000000000
Q02=6c6c616b7a79732f:656c676f6f672f6d Q03=0000000000000000:0010000000000000
Q04=0000000000000000:0000000000000000 Q05=4010040140100401:4010040140100401
Q06=0000000000001000:0000000000001000 Q07=0000000000000000:0000000000000000
Q08=0000000000000000:0000000000000000 Q09=0000000000000000:0000000000000000
Q10=0000000000000000:0000000000000000 Q11=0000000000000000:0000000000000000
Q12=0000000000000000:0000000000000000 Q13=0000000000000000:0000000000000000
Q14=0000000000000000:0000000000000000 Q15=0000000000000000:0000000000000000
Q16=0000000000000000:0000000000000000 Q17=0000000000000000:0000000000000000
Q18=0000000000000000:0000000000000000 Q19=0000000000000000:0000000000000000
Q20=0000000000000000:0000000000000000 Q21=0000000000000000:0000000000000000
Q22=0000000000000000:0000000000000000 Q23=0000000000000000:0000000000000000
Q24=0000000000000000:0000000000000000 Q25=0000000000000000:0000000000000000
Q26=0000000000000000:0000000000000000 Q27=0000000000000000:0000000000000000
Q28=0000000000000000:0000000000000000 Q29=0000000000000000:0000000000000000
Q30=0000000000000004:00000000f7d3e6b2 Q31=0000000000000000:0000000000000000
info registers vcpu 1
 PC=ffffd3489f4fc2b4 X00=ffff023aca8748f8 X01=0000000000000001
X02=1fffe04759590fcd X03=0000000000000001 X04=0000000000000000
X05=ffffd348a5795660 X06=0000000000000001 X07=00009fb8a6a6f310
X08=ffff023acac86733 X09=dfff800000000000 X10=ffff604759590ce6
X11=1fffe04759590cf0 X12=ffff604759590cf1 X13=0000000000000003
X14=ffffd348a1adc690 X15=0000000000000005 X16=ffffd3489ef36320
X17=ffffd3489ef36498 X18=0000000000000003 X19=ffff800009217290
X20=0000000000000200 X21=0000000000000000 X22=ffff023acac86734
X23=ffffd3489f0da7bc X24=0000000000000000 X25=0001000000000000
X26=ffff023ac000d680 X27=ffff023acaddda00 X28=0000000000000000
X29=ffff800009217100 X30=ffffd348a1b78390  SP=ffff800009217060
PSTATE=800000c5 N--- EL1h     FPCR=00000000 FPSR=00000010
Q00=0000000000000000:0000000000000000 Q01=6f632e6275687469:670031636e75662e
Q02=6c6c616b7a79732f:656c676f6f672f6d Q03=0000000000000000:0010000000000000
Q04=0000000000000000:0000000000000000 Q05=4010040140100401:4010040140100401
Q06=0000000000001000:0000000000001000 Q07=5ae4253f75af3f43:87d53e023cc12e06
Q08=0000000000000000:000000000000002a Q09=0000000000000000:be4df16117c6a784
Q10=0000000000000000:948bbb3e063fbfaf Q11=0000000000000000:263fce7e237ce8d2
Q12=0000000000000000:e22cb565e598a79f Q13=0000000000000000:32311df8c731da56
Q14=0000000000000000:e2abec2939e13e65 Q15=0000000000000000:4755f0b1553d2543
Q16=0000000000000000:0000000000000000 Q17=0000000000000000:0000000000000000
Q18=0000000000000000:0000000000000000 Q19=0000000000000000:0000000000000000
Q20=0000000000000000:0000000000000000 Q21=0000000000000000:0000000000000000
Q22=0000000000000000:0000000000000000 Q23=0000000000000000:0000000000000000
Q24=0000000000000000:0000000000000000 Q25=0000000000000000:0000000000000000
Q26=0000000000000000:0000000000000000 Q27=0000000000000000:0000000000000000
Q28=0000000000000000:0000000000000000 Q29=0000000000000000:0000000000000000
Q30=0000000000000005:00000000a199073b Q31=0000000000000000:0000000000000000
info registers vcpu 2
 PC=ffffd3489f1adb6c X00=0000000000000000 X01=0000000000000000
X02=0000000000000000 X03=ffff023ac9f7ae80 X04=0000000000000000
X05=0000000000000000 X06=ffffd3489f4083f4 X07=ffffd3489f408430
X08=ffff023ac9f7ae80 X09=dfff800000000000 X10=0000000000000005
X11=1fffff811d69a1be X12=ffff7f811d69a1c7 X13=0000000000000001
X14=ffffd348a1ae5d34 X15=0000000000000005 X16=ffff800008020000
X17=ffff2ef2378fd000 X18=0000000000000003 X19=fffffc08eb4d0000
X20=ffff023ac726cd00 X21=fffffc08eb4d0f00 X22=000000000000003c
X23=0000000000000000 X24=1fffff811d69a000 X25=dfff800000000000
X26=fffffc08eb4d0040 X27=fffffc08eb4d005c X28=0000000000000001
X29=ffff8000090173a0 X30=ffffd3489f4083c4  SP=ffff8000090173b0
PSTATE=40000005 -Z-- EL1h     FPCR=00000000 FPSR=00000000
Q00=0000000000000000:0000000000000000 Q01=4e84c265779ad10b:e186fbdd2b9ca2cd
Q02=a1cd156a47e69034:0c9abfe4dc839773 Q03=215242a62252bdd9:038407a84a6c2ac2
Q04=fa8f64d161eb38ef:6e578ba5551967cb Q05=492bb68bdc4ad2c7:e15318c8b1ae78e7
Q06=46956f5f2943558b:36c67455b340e1d3 Q07=dac62bd3a7fcb4a7:66cccdd5f3db1ba7
Q08=0000000000000000:0000000000000000 Q09=0000000000000000:0000000000000000
Q10=0000000000000000:0000000000000000 Q11=0000000000000000:0000000000000000
Q12=0000000000000000:0000000000000000 Q13=0000000000000000:0000000000000000
Q14=0000000000000000:0000000000000000 Q15=0000000000000000:0000000000000000
Q16=bb36783def831a53:0cdf3ab8eb00b686 Q17=da380a4d18c08260:4350afcf08a5dae5
Q18=f09ac29d9988ab10:bf209f46db949c89 Q19=42b19a3ac27923cb:5a24f33d449c720d
Q20=200a30323178302f:346678302b72656c Q21=6365643030303030:3030303c5b202020
Q22=5f34365f74306c65:205d3e3265306566 Q23=30393178302f6338:3178302b636e7973
Q24=6b20657479622d32:3320646e61707865 Q25=b5fb5c5e6f426d8b:4ab0474e9f27b6d8
Q26=aa28e7abcf926bd7:cf8a8c89b9690dc0 Q27=0f00000000000000:000000000000001e
Q28=0f00000000000000:000000000000001f Q29=0f00000000000000:0000000000000020
Q30=0f00000000000000:000000000000001e Q31=0000000000000000:0000000000000004
info registers vcpu 3
 PC=ffffd3489f38c440 X00=0000000000000003 X01=0000000000000000
X02=0000000000000000 X03=ffff023ac7e0cd80 X04=0000000000000000
X05=0000000000000000 X06=ffff023ac7e0cd80 X07=0000000000000000
X08=ffffd3489ee00000 X09=0000000000113a21 X10=0000000000000006
X11=1fffe0475949b021 X12=ffff60475949b022 X13=0000000000000001
X14=ffffd348a1ae5d34 X15=0000000000000005 X16=ffffd3489efb7784
X17=ffffd3489ef50dfc X18=0000000000000003 X19=fffffc08eb4e8840
X20=ffffd348a2fed452 X21=ffff023ac8a24010 X22=1fffff811d69d109
X23=fffffc08eb4e8848 X24=1fffff811d69d108 X25=0000000000000001
X26=0000000000e21000 X27=dfff800000000000 X28=0000000001000000
X29=ffff8000093873a0 X30=ffffd3489f4c72c0  SP=ffff8000093873a0
PSTATE=60000005 -ZC- EL1h     FPCR=00000000 FPSR=00000010
Q00=0000000000000000:0000000000000004 Q01=0000000000000000:416e5d7b00000000
Q02=e877e5bd4db49469:bf6456333c9d0b8f Q03=0000000000000000:3ff0000000000000
Q04=0000000000000001:0000000000000000 Q05=4010040140100401:4010040140100401
Q06=0001000000000000:0001000000000000 Q07=0000000000000000:0000000000000000
Q08=0000000000000000:0000000000000000 Q09=0000000000000000:0000000000000000
Q10=0000000000000000:0000000000000000 Q11=0000000000000000:0000000000000000
Q12=0000000000000000:0000000000000000 Q13=0000000000000000:0000000000000000
Q14=0000000000000000:0000000000000000 Q15=0000000000000000:0000000000000000
Q16=0000000000000000:0000000000000000 Q17=0000000000000000:0000000000000000
Q18=0000000000000000:0000000000000000 Q19=0000000000000000:0000000000000000
Q20=0000000000000000:0000000000000000 Q21=0000000000000000:0000000000000000
Q22=0000000000000000:0000000000000000 Q23=0000000000000000:0000000000000000
Q24=0000000000000000:0000000000000000 Q25=0000000000000000:0000000000000000
Q26=0000000000000000:0000000000000000 Q27=0000000000000000:0000000000000000
Q28=0000000000000000:0000000000000000 Q29=0000000000000000:0000000000000000
Q30=0000000000000010:000000cec066fbd0 Q31=0000000000000000:0000000000000000
