syzkaller login: [   18.151476] ==================================================================
[   18.152030] BUG: KCSAN: data-race in poll_schedule_timeout.constprop.0 / pollwake
[   18.152579] 
[   18.152706] write to 0xffff919400623a60 of 4 bytes by interrupt on cpu 0:
[   18.153186]  pollwake+0xd0/0x120
[   18.153483]  __wake_up_common+0x74/0x140
[   18.153782]  __wake_up_common_lock+0x7e/0xd0
[   18.154104]  sock_def_readable+0x73/0x180
[   18.154413]  tcp_data_ready+0x80/0x1a0
[   18.154722]  tcp_data_queue+0x129f/0x1fa0
[   18.155039]  tcp_rcv_established+0x404/0xe90
[   18.155386]  tcp_v4_do_rcv+0x31d/0x540
[   18.155690]  tcp_v4_rcv+0x1c09/0x1c90
[   18.155992]  ip_protocol_deliver_rcu+0x4c/0x5e0
[   18.156343]  ip_local_deliver_finish+0x133/0x180
[   18.156700]  ip_local_deliver+0xd0/0x1e0
[   18.157011]  ip_sublist_rcv_finish+0xeb/0x100
[   18.157350]  ip_sublist_rcv+0x269/0x390
[   18.157662]  ip_list_rcv+0x208/0x240
[   18.157950]  __netif_receive_skb_list_core+0x4bc/0x500
[   18.158348]  netif_receive_skb_list_internal+0x483/0x620
[   18.158747]  napi_gro_complete.constprop.0+0x244/0x2d0
[   18.159135]  dev_gro_receive+0x889/0xfc0
[   18.159436]  napi_gro_receive+0xfc/0x4a0
[   18.159738]  e1000_clean_rx_irq+0x35c/0x980
[   18.160052]  e1000_clean+0x4f3/0x12b0
[   18.160337]  __napi_poll+0x66/0x390
[   18.160620]  net_rx_action+0x694/0x7b0
[   18.160921]  __do_softirq+0xea/0x2e3
[   18.161198]  irq_exit_rcu+0x70/0xc0
[   18.161481]  common_interrupt+0xa8/0xc0
[   18.161795]  asm_common_interrupt+0x26/0x40
[   18.162126]  __tsan_unaligned_volatile_write4+0x28/0x140
[   18.162515]  __rcu_read_unlock+0x36/0x80
[   18.162821]  jbd2_write_access_granted+0x11d/0x130
[   18.163192]  jbd2_journal_get_write_access+0x76/0xe0
[   18.163573]  __ext4_journal_get_write_access+0x101/0x270
[   18.163980]  ext4_reserve_inode_write+0x100/0x150
[   18.164344]  __ext4_mark_inode_dirty+0x7e/0x420
[   18.164697]  ext4_dirty_inode+0x88/0xb0
[   18.165002]  __mark_inode_dirty+0xa1/0x630
[   18.165328]  generic_write_end+0x1aa/0x200
[   18.165683]  ext4_da_write_end+0xfb/0x600
[   18.166001]  generic_perform_write+0x205/0x360
[   18.166344]  ext4_buffered_write_iter+0xa9/0x1c0
[   18.166701]  ext4_file_write_iter+0xcd/0xdd0
[   18.167034]  vfs_write+0x5d0/0x700
[   18.167307]  ksys_write+0x9e/0x160
[   18.167575]  __x64_sys_write+0x41/0x50
[   18.167867]  do_syscall_64+0x3e/0x90
[   18.168153]  entry_SYSCALL_64_after_hwframe+0x6e/0xd8
[   18.168541] 
[   18.168672] read to 0xffff919400623a60 of 4 bytes by task 335 on cpu 1:
[   18.169141]  poll_schedule_timeout.constprop.0+0x44/0xb0
[   18.169580]  do_select+0xc9d/0xe00
[   18.169861]  core_sys_select+0x217/0x4e0
[   18.170188]  kern_select+0xe2/0x140
[   18.170475]  __x64_sys_select+0x65/0x80
[   18.170771]  do_syscall_64+0x3e/0x90
[   18.171060]  entry_SYSCALL_64_after_hwframe+0x6e/0xd8
[   18.171443] 
[   18.171572] value changed: 0x00000000 -> 0x00000001
[   18.171923] 
[   18.172054] Reported by Kernel Concurrency Sanitizer on:
[   18.172427] CPU: 1 PID: 335 Comm: sshd Not tainted 6.5.0 #8
[   18.172833] Hardware name: QEMU Standard PC (i440FX + PIIX, 1996), BIOS 1.15.0-1 04/01/2014
[   18.173412] ==================================================================
[   18.414381] scp (341) used greatest stack depth: 11664 bytes left
[   18.428078] sshd (335) used greatest stack depth: 11560 bytes left
Warning: Permanently added '[localhost]:6509' (ED25519) to the list of known hosts.
[   26.835157] audit: type=1400 audit(1698665920.366:8): avc:  denied  { execmem } for  pid=365 comm="syz-executor192" scontext=system_u:system_r:kernel_t:s0 tcontext=system_u:system_r:kernel_t:s0 tclass=process permissive=1
Setting up swapspace version 1, size = 122.1 MiB (127995904 bytes)
no label, UUID=b8c6d036-ffdb-47b6-85fb-448f3bb239aa
[   26.869437] Adding 124996k swap on ./swap-file.  Priority:0 extents:1 across:124996k 
executing program
write to /proc/sys/kernel/hung_task_check_interval_secs failed: No such file or directory
write to /proc/sys/net/core/bpf_jit_kallsyms failed: No such file or directory
write to /proc/sys/net/core/bpf_jit_harden failed: No such file or directory
write to /proc/sys/kernel/softlockup_all_cpu_backtrace failed: No such file or directory
write to /proc/sys/kernel/hung_task_check_interval_secs failed: No such file or directory
write to /proc/sys/net/core/bpf_jit_kallsyms failed: No such file or directory
write to /proc/sys/net/core/bpf_jit_harden failed: No such file or directory
write to /proc/sys/kernel/softlockup_all_cpu_backtrace failed: No such file or directory

VM DIAGNOSIS:
11:38:40  Registers:
info registers vcpu 0
RAX=0000000000000000 RBX=0000000f425b99cf RCX=0000000000000000 RDX=0000000000000000
RSI=ffffffff832c1c84 RDI=ffffffff832d3d9c RBP=0000000f425b98a9 RSP=ffff91940063fc20
R8 =0000000000000003 R9 =000391940063fe11 R10=0000000000000000 R11=000000000000003f
R12=0000000000000000 R13=0000000000010bf9 R14=ffffffff82a0f0f6 R15=0000000000000286
RIP=ffffffff82a64780 RFL=00000002 [-------] CPL=0 II=0 A20=1 SMM=0 HLT=0
ES =0000 0000000000000000 00000000 00000000
CS =0010 0000000000000000 ffffffff 00a09b00 DPL=0 CS64 [-RA]
SS =0018 0000000000000000 ffffffff 00c09300 DPL=0 DS   [-WA]
DS =0000 0000000000000000 00000000 00000000
FS =0000 00007fbb395268c0 00000000 00000000
GS =0000 ffff8e0037c00000 00000000 00000000
LDT=0000 0000000000000000 00000000 00000000
TR =0040 fffffe36e51b4000 00004087 00008b00 DPL=0 TSS64-busy
GDT=     fffffe36e51b2000 0000007f
IDT=     fffffe0000000000 00000fff
CR0=80050033 CR2=00007fbb348fb190 CR3=00000001054a0001 CR4=00770ef0
DR0=0000000000000000 DR1=0000000000000000 DR2=0000000000000000 DR3=0000000000000000 
DR6=00000000ffff0ff0 DR7=0000000000000400
EFER=0000000000000d01
FCW=037f FSW=0000 [ST=0] FTW=00 MXCSR=00001f80
FPR0=0000000000000000 0000 FPR1=0000000000000000 0000
FPR2=0000000000000000 0000 FPR3=0000000000000000 0000
FPR4=0000000000000000 0000 FPR5=0000000000000000 0000
FPR6=0000000000000000 0000 FPR7=0000000000000000 0000
YMM00=0000000000000000 0000000000000000 0000000000000000 0000000000000000
YMM01=0000000000000000 0000000000000000 2e322e302e30313d 656d616e74736f68
YMM02=0000000000000000 0000000000000000 20322e322e302e30 313d726464612032
YMM03=0000000000000000 0000000000000000 736572206873733d 6c616e696d726574
YMM04=0000000000000000 0000000000000000 2022646873732f6e 6962732f7273752f
YMM05=0000000000000000 0000000000000000 5a5a5a5a5a5a5a5a 5a5a5a5a5a5a5a5a
YMM06=0000000000000000 0000000000000000 2020202020202020 2020202020202020
YMM07=0000000000000000 0000000000000000 0000ff00000000ff 0000000000ffffff
YMM08=0000000000000000 0000000000000000 0000000000000000 0000000000202020
YMM09=0000000000000000 0000000000000000 ff0000ffffffffff ff00000000ffffff
YMM10=0000000000000000 0000000000000000 0000000000000000 0000000000000000
YMM11=0000000000000000 0000000000000000 0f4790056c4bc3fd 830d52ed55a010c3
YMM12=0000000000000000 0000000000000000 0000000000000000 0000000000000000
YMM13=0000000000000000 0000000000000000 0000000000000000 0000000000000000
YMM14=0000000000000000 0000000000000000 0000000000000000 0000000000000000
YMM15=0000000000000000 0000000000000000 0000000000000000 0000000000000000
info registers vcpu 1
RAX=00000000426de630 RBX=0000000f426de585 RCX=0000000000000001 RDX=000000000000000f
RSI=ffffffff832c1c84 RDI=ffffffff832d3d9c RBP=0000000f426dab86 RSP=ffff91940067fac8
R8 =0000000000000000 R9 =0003ffff832bce81 R10=0000000000000000 R11=000000000000003c
R12=0000000000000001 R13=000000000000f8d5 R14=ffffffff82a3c13b R15=0000000000000086
RIP=ffffffff82a46c09 RFL=00000046 [---Z-P-] CPL=0 II=0 A20=1 SMM=0 HLT=0
ES =0000 0000000000000000 00000000 00000000
CS =0010 0000000000000000 ffffffff 00a09b00 DPL=0 CS64 [-RA]
SS =0018 0000000000000000 ffffffff 00c09300 DPL=0 DS   [-WA]
DS =0000 0000000000000000 00000000 00000000
FS =0000 00007fe0413918c0 00000000 00000000
GS =0000 ffff8e0037d00000 00000000 00000000
LDT=0000 0000000000000000 00000000 00000000
TR =0040 fffffe348ee1b000 00004087 00008b00 DPL=0 TSS64-busy
GDT=     fffffe348ee19000 0000007f
IDT=     fffffe0000000000 00000fff
CR0=80050033 CR2=00007fe03e6f3000 CR3=00000001003e0001 CR4=00770ee0
DR0=0000000000000000 DR1=0000000000000000 DR2=0000000000000000 DR3=0000000000000000 
DR6=00000000ffff0ff0 DR7=0000000000000400
EFER=0000000000000d01
FCW=037f FSW=0000 [ST=0] FTW=00 MXCSR=00009fc0
FPR0=0000000000000000 0000 FPR1=0000000000000000 0000
FPR2=0000000000000000 0000 FPR3=0000000000000000 0000
FPR4=0000000000000000 0000 FPR5=0000000000000000 0000
FPR6=0000000000000000 0000 FPR7=0000000000000000 0000
YMM00=0000000000000000 0000000000000000 0000000000ff0000 ff00000000000000
YMM01=0000000000000000 0000000000000000 2525252525252525 2525252525252525
YMM02=0000000000000000 0000000000000000 0000000000000000 0000000000000000
YMM03=0000000000000000 0000000000000000 0000000000000000 0000000000000000
YMM04=0000000000000000 0000000000000000 0000000000ff0000 ff00000000000000
YMM05=0000000000000000 0000000000000000 0000000000000000 00ff000000000000
YMM06=0000000000000000 0000000000000000 0000000000000000 0000000000000000
YMM07=0000000000000000 0000000000000000 693bd129e125714a 00000000001b4698
YMM08=0000000000000000 0000000000000000 22ced16f5333aa67 00000000001e15e0
YMM09=0000000000000000 0000000000000000 ffff00ffffff0000 0000ffffff00ffff
YMM10=0000000000000000 0000000000000000 0000000000000000 0000000000000000
YMM11=0000000000000000 0000000000000000 0000000000000000 0000000000000000
YMM12=0000000000000000 0000000000000000 0000000000000000 0000000000000000
YMM13=0000000000000000 0000000000000000 0000000000000000 0000000000000000
YMM14=0000000000000000 0000000000000000 0000000000000000 0000000000000000
YMM15=0000000000000000 0000000000000000 0000000000000000 0000000000000000
