Warning: Permanently added '[localhost]:43203' (ED25519) to the list of known hosts.
executing program
syzkaller login: [   34.624789] audit: type=1400 audit(1710177382.840:7): avc:  denied  { execmem } for  pid=294 comm="syz-executor240" scontext=system_u:system_r:kernel_t:s0 tcontext=system_u:system_r:kernel_t:s0 tclass=process permissive=1
[   34.627369] BUG: unable to handle page fault for address: ffff8881040c0200
[   34.628254] #PF: supervisor read access in kernel mode
[   34.628817] #PF: error_code(0x0000) - not-present page
[   34.629361] PGD 7ca01067 P4D 7ca01067 PUD 100915063 PMD 104087063 PTE 800ffffefbf3f060
[   34.630912] Oops: 0000 [#1] PREEMPT SMP KASAN NOPTI
[   34.631638] CPU: 5 PID: 294 Comm: syz-executor240 Not tainted 6.8.0-rc7 #1
[   34.632664] Hardware name: QEMU Standard PC (i440FX + PIIX, 1996), BIOS 1.15.0-1 04/01/2014
[   34.633994] RIP: 0010:memcpy+0xc/0x20
[   34.634641] Code: e9 f4 fd ff ff 66 0f 1f 84 00 00 00 00 00 90 90 90 90 90 90 90 90 90 90 90 90 90 90 90 90 f3 0f 1e fa 66 90 48 89 f8 48 89 d1 <f3> a4 e9 58 55 32 00 66 66 2e 0f 1f 84 00 00 00 00 00 66 90 90 90
[   34.636969] RSP: 0018:ffff888111fdee98 EFLAGS: 00010093
[   34.637545] RAX: ffff8880bee4b000 RBX: 0000000000000e00 RCX: 0000000000000e00
[   34.638300] RDX: 0000000000000e00 RSI: ffff8881040c0200 RDI: ffff8880bee4b000
[   34.639080] RBP: ffff888100f300b8 R08: 0000000000000000 R09: fffffbfff4462b00
[   34.639838] R10: ffffffffa2315807 R11: 00000000000b1008 R12: ffff8881040c0200
[   34.640600] R13: 0000000000000e00 R14: ffff8880bee4b000 R15: 0000000000000000
[   34.641368] FS:  0000555555b2b480(0000) GS:ffff8881f7280000(0000) knlGS:0000000000000000
[   34.642232] CS:  0010 DS: 0000 ES: 0000 CR0: 0000000080050033
[   34.642883] CR2: ffff8881040c0200 CR3: 00000001153b4001 CR4: 0000000000770ef0
[   34.643646] PKRU: 55555554
[   34.643953] Call Trace:
[   34.644231]  <TASK>
[   34.644486]  ? show_regs+0x74/0x80
[   34.644880]  ? __die+0x2d/0x70
[   34.645234]  ? page_fault_oops+0x2b5/0x820
[   34.645702]  ? __pfx_page_fault_oops+0x10/0x10
[   34.646202]  ? __pfx_is_prefetch.constprop.0+0x10/0x10
[   34.646788]  ? srso_alias_return_thunk+0x5/0xfbef5
[   34.647340]  ? search_module_extables+0x4c/0x110
[   34.647856]  ? memcpy+0xc/0x20
[   34.648222]  ? srso_alias_return_thunk+0x5/0xfbef5
[   34.648758]  ? fixup_exception+0xfc/0xbd0
[   34.649204]  ? kernelmode_fixup_or_oops+0x1cb/0x240
[   34.649750]  ? __bad_area_nosemaphore+0x29b/0x540
[   34.650269]  ? srso_alias_return_thunk+0x5/0xfbef5
[   34.650807]  ? spurious_kernel_fault+0x36/0x470
[   34.651331]  ? srso_alias_return_thunk+0x5/0xfbef5
[   34.651873]  ? do_kern_addr_fault+0xc4/0x100
[   34.652363]  ? exc_page_fault+0x10c/0x130
[   34.652825]  ? asm_exc_page_fault+0x26/0x30
[   34.653307]  ? memcpy+0xc/0x20
[   34.653668]  ? srso_alias_return_thunk+0x5/0xfbef5
[   34.654200]  swiotlb_bounce+0x2ed/0x510
[   34.654639]  swiotlb_tbl_map_single+0xc2b/0xf90
[   34.655176]  ? __pfx_mt_find+0x10/0x10
[   34.655603]  ? __pfx_swiotlb_tbl_map_single+0x10/0x10
[   34.656165]  swiotlb_map+0xde/0x6e0
[   34.656569]  ? __pfx_swiotlb_map+0x10/0x10
[   34.657031]  ? srso_alias_return_thunk+0x5/0xfbef5
[   34.657564]  ? _raw_spin_lock_irqsave+0xa6/0x100
[   34.658078]  ? srso_alias_return_thunk+0x5/0xfbef5
[   34.658607]  ? vma_is_secretmem+0xd/0x40
[   34.659089]  dma_direct_map_sg+0x3d8/0x840
[   34.659571]  ? __pfx_dma_direct_map_sg+0x10/0x10
[   34.660092]  ? srso_alias_return_thunk+0x5/0xfbef5
[   34.660631]  __dma_map_sg_attrs+0xbb/0x1d0
[   34.661098]  dma_map_sg_attrs+0x34/0x50
[   34.661538]  ata_qc_issue+0x5e9/0xb30
[   34.661963]  ? __pfx_ata_scsi_rw_xlat+0x10/0x10
[   34.662485]  __ata_scsi_queuecmd+0x890/0x1150
[   34.662996]  ata_scsi_queuecmd+0x132/0x200
[   34.663462]  scsi_queue_rq+0xb73/0x2bd0
[   34.663905]  blk_mq_dispatch_rq_list+0x3b6/0x1b50
[   34.664431]  ? srso_alias_return_thunk+0x5/0xfbef5
[   34.664961]  ? srso_alias_return_thunk+0x5/0xfbef5
[   34.665494]  ? __sbitmap_weight+0x191/0x200
[   34.665968]  ? __pfx_blk_mq_dispatch_rq_list+0x10/0x10
[   34.666545]  ? srso_alias_return_thunk+0x5/0xfbef5
[   34.667097]  ? sbitmap_weight+0x27/0x40
[   34.667533]  ? srso_alias_return_thunk+0x5/0xfbef5
[   34.668059]  ? __pfx_dd_has_work+0x10/0x10
[   34.668521]  __blk_mq_sched_dispatch_requests+0xbf4/0x13c0
[   34.669138]  ? __pfx___blk_mq_sched_dispatch_requests+0x10/0x10
[   34.669803]  ? _raw_spin_unlock+0xd/0x60
[   34.670246]  ? srso_alias_return_thunk+0x5/0xfbef5
[   34.670787]  blk_mq_sched_dispatch_requests+0xbb/0x110
[   34.671393]  blk_mq_run_hw_queue+0x443/0x530
[   34.671878]  blk_mq_flush_plug_list.part.0+0x4e4/0x1330
[   34.672463]  ? __entry_text_end+0x102165/0x102169
[   34.672989]  ? __pfx_blk_mq_flush_plug_list.part.0+0x10/0x10
[   34.673621]  ? __entry_text_end+0xfe066/0x102169
[   34.674143]  ? srso_alias_return_thunk+0x5/0xfbef5
[   34.674683]  ? submit_bio_noacct+0x2cd/0xeb0
[   34.675184]  blk_mq_flush_plug_list+0x51/0x60
[   34.675684]  __blk_flush_plug+0x25d/0x3e0
[   34.676134]  ? srso_alias_return_thunk+0x5/0xfbef5
[   34.676668]  ? iomap_dio_bio_iter+0x625/0x1460
[   34.677153]  ? __pfx___blk_flush_plug+0x10/0x10
[   34.677638]  ? srso_alias_return_thunk+0x5/0xfbef5
[   34.678156]  ? ext4_iomap_end+0x2a/0x40
[   34.678584]  ? srso_alias_return_thunk+0x5/0xfbef5
[   34.679128]  ? iomap_iter+0x718/0xf30
[   34.679562]  blk_finish_plug+0x54/0xa0
[   34.679979]  __iomap_dio_rw+0xc23/0x16a0
[   34.680432]  ? srso_alias_return_thunk+0x5/0xfbef5
[   34.680966]  ? __pfx___iomap_dio_rw+0x10/0x10
[   34.681466]  ? srso_alias_return_thunk+0x5/0xfbef5
[   34.681995]  ? __pfx_jbd2_journal_stop+0x10/0x10
[   34.682515]  ? __pfx_ext4_orphan_add+0x10/0x10
[   34.683056]  iomap_dio_rw+0x40/0x90
[   34.683470]  ext4_file_write_iter+0x96c/0x1210
[   34.683959]  ? __pfx_ext4_file_write_iter+0x10/0x10
[   34.684486]  ? srso_alias_return_thunk+0x5/0xfbef5
[   34.684987]  ? security_file_permission+0x7d/0xb0
[   34.685498]  vfs_write+0x9c1/0xd10
[   34.685897]  ? __pfx_vfs_write+0x10/0x10
[   34.686335]  ? __pfx_is_prefetch.constprop.0+0x10/0x10
[   34.686916]  ksys_write+0x104/0x210
[   34.687320]  ? __pfx_ksys_write+0x10/0x10
[   34.687761]  ? srso_alias_return_thunk+0x5/0xfbef5
[   34.688268]  ? fpregs_assert_state_consistent+0x7a/0xc0
[   34.688837]  do_syscall_64+0xb3/0x1b0
[   34.689216]  entry_SYSCALL_64_after_hwframe+0x6f/0x77
[   34.689764] RIP: 0033:0x7fea76bac54d
[   34.690150] Code: 28 c3 e8 56 20 00 00 66 0f 1f 44 00 00 f3 0f 1e fa 48 89 f8 48 89 f7 48 89 d6 48 89 ca 4d 89 c2 4d 89 c8 4c 8b 4c 24 08 0f 05 <48> 3d 01 f0 ff ff 73 01 c3 48 c7 c1 b8 ff ff ff f7 d8 64 89 01 48
[   34.692042] RSP: 002b:00007fff2b6aa998 EFLAGS: 00000246 ORIG_RAX: 0000000000000001
[   34.692834] RAX: ffffffffffffffda RBX: 00007fff2b6aa9a8 RCX: 00007fea76bac54d
[   34.693568] RDX: 000000000000f000 RSI: 0000000020000200 RDI: 0000000000000004
[   34.694304] RBP: 00007fff2b6aa9a0 R08: 00007fff2b6aa9a0 R09: 00007fea76b65c60
[   34.695047] R10: 00007fff2b6aa9a0 R11: 0000000000000246 R12: 0000000000000000
[   34.695785] R13: 00007fff2b6aac38 R14: 00007fea76c29530 R15: 0000000000000001
[   34.696537]  </TASK>
[   34.696789] Modules linked in:
[   34.697134] CR2: ffff8881040c0200
[   34.697512] ---[ end trace 0000000000000000 ]---
[   34.698008] RIP: 0010:memcpy+0xc/0x20
[   34.698443] Code: e9 f4 fd ff ff 66 0f 1f 84 00 00 00 00 00 90 90 90 90 90 90 90 90 90 90 90 90 90 90 90 90 f3 0f 1e fa 66 90 48 89 f8 48 89 d1 <f3> a4 e9 58 55 32 00 66 66 2e 0f 1f 84 00 00 00 00 00 66 90 90 90
[   34.700395] RSP: 0018:ffff888111fdee98 EFLAGS: 00010093
[   34.700974] RAX: ffff8880bee4b000 RBX: 0000000000000e00 RCX: 0000000000000e00
[   34.701732] RDX: 0000000000000e00 RSI: ffff8881040c0200 RDI: ffff8880bee4b000
[   34.702480] RBP: ffff888100f300b8 R08: 0000000000000000 R09: fffffbfff4462b00
[   34.703229] R10: ffffffffa2315807 R11: 00000000000b1008 R12: ffff8881040c0200
[   34.703959] R13: 0000000000000e00 R14: ffff8880bee4b000 R15: 0000000000000000
[   34.704692] FS:  0000555555b2b480(0000) GS:ffff8881f7280000(0000) knlGS:0000000000000000
[   34.705508] CS:  0010 DS: 0000 ES: 0000 CR0: 0000000080050033
[   34.706099] CR2: ffff8881040c0200 CR3: 00000001153b4001 CR4: 0000000000770ef0
[   34.706829] PKRU: 55555554
[   34.707164] note: syz-executor240[294] exited with irqs disabled
[   34.708043] note: syz-executor240[294] exited with preempt_count 1
[   34.708752] ------------[ cut here ]------------
[   34.709230] WARNING: CPU: 5 PID: 294 at kernel/exit.c:820 do_exit+0x1840/0x23d0
[   34.710030] Modules linked in:
[   34.710390] CPU: 5 PID: 294 Comm: syz-executor240 Tainted: G      D            6.8.0-rc7 #1
[   34.711264] Hardware name: QEMU Standard PC (i440FX + PIIX, 1996), BIOS 1.15.0-1 04/01/2014
[   34.712137] RIP: 0010:do_exit+0x1840/0x23d0
[   34.712630] Code: c1 e0 2a 48 c1 ea 03 80 3c 02 00 0f 85 37 0a 00 00 48 8b bb 70 05 00 00 31 f6 e8 eb 9d ff ff e9 3c f7 ff ff e8 11 a0 2b 00 90 <0f> 0b 90 e9 aa e9 ff ff e8 03 a0 2b 00 4c 89 e6 bf 05 06 00 00 e8
[   34.714528] RSP: 0018:ffff888111fdfe50 EFLAGS: 00010293
[   34.715092] RAX: 0000000000000000 RBX: ffff88810ce68000 RCX: ffffffff9cd3406f
[   34.715855] RDX: ffff88810ce68000 RSI: 0000000000000004 RDI: ffff88810ce68858
[   34.716620] RBP: ffff8881172cc100 R08: 0000000000000001 R09: ffffed10223fbfbf
[   34.717384] R10: 0000000000000003 R11: 7973203a65746f6e R12: 0000000000000009
[   34.718119] R13: ffff88810ce68770 R14: ffff8881172c71c0 R15: ffffffff9fe7a220
[   34.718901] FS:  0000555555b2b480(0000) GS:ffff8881f7280000(0000) knlGS:0000000000000000
[   34.719784] CS:  0010 DS: 0000 ES: 0000 CR0: 0000000080050033
[   34.720421] CR2: ffff8881040c0200 CR3: 00000001153b4001 CR4: 0000000000770ef0
[   34.721156] PKRU: 55555554
[   34.721481] Call Trace:
[   34.721750]  <TASK>
[   34.721984]  ? show_regs+0x74/0x80
[   34.722399]  ? __warn+0xe6/0x2a0
[   34.722763]  ? do_exit+0x1840/0x23d0
[   34.723195]  ? report_bug+0x2a6/0x390
[   34.723670]  ? do_exit+0x1840/0x23d0
[   34.724080]  ? handle_bug+0x5e/0xc0
[   34.724500]  ? exc_invalid_op+0x25/0x60
[   34.724924]  ? asm_exc_invalid_op+0x1a/0x20
[   34.725420]  ? do_exit+0x183f/0x23d0
[   34.725835]  ? do_exit+0x1840/0x23d0
[   34.726237]  ? srso_alias_return_thunk+0x5/0xfbef5
[   34.726783]  ? __pfx__printk+0x10/0x10
[   34.727213]  ? __pfx_do_exit+0x10/0x10
[   34.727663]  ? vprintk+0x6b/0x80
[   34.728041]  make_task_dead+0x11b/0x340
[   34.728503]  rewind_stack_and_make_dead+0x17/0x20
[   34.729020] RIP: 0033:0x7fea76bac54d
[   34.729440] Code: 28 c3 e8 56 20 00 00 66 0f 1f 44 00 00 f3 0f 1e fa 48 89 f8 48 89 f7 48 89 d6 48 89 ca 4d 89 c2 4d 89 c8 4c 8b 4c 24 08 0f 05 <48> 3d 01 f0 ff ff 73 01 c3 48 c7 c1 b8 ff ff ff f7 d8 64 89 01 48
[   34.731365] RSP: 002b:00007fff2b6aa998 EFLAGS: 00000246 ORIG_RAX: 0000000000000001
[   34.732150] RAX: ffffffffffffffda RBX: 00007fff2b6aa9a8 RCX: 00007fea76bac54d
[   34.732925] RDX: 000000000000f000 RSI: 0000000020000200 RDI: 0000000000000004
[   34.733692] RBP: 00007fff2b6aa9a0 R08: 00007fff2b6aa9a0 R09: 00007fea76b65c60
[   34.734459] R10: 00007fff2b6aa9a0 R11: 0000000000000246 R12: 0000000000000000
[   34.735223] R13: 00007fff2b6aac38 R14: 00007fea76c29530 R15: 0000000000000001
[   34.735994]  </TASK>
[   34.736247] ---[ end trace 0000000000000000 ]---
[   34.738031] syz-executor240 (294) used greatest stack depth: 23984 bytes left

VM DIAGNOSIS:
17:16:22  Registers:
info registers vcpu 0
RAX=ffff8881f70343c0 RBX=0000000000000000 RCX=ffffffff9f9de382 RDX=ffffed103ee06879
RSI=0000000000000004 RDI=0000000000393cd4 RBP=dffffc0000000000 RSP=ffffffffa0a07e18
R8 =0000000000000001 R9 =ffffed103ee06878 R10=ffff8881f70343c3 R11=0000000000000000
R12=ffffffffa1227550 R13=1ffffffff4140fc8 R14=0000000000000000 R15=0000000000000000
RIP=ffffffff9f9defee RFL=00000202 [-------] CPL=0 II=0 A20=1 SMM=0 HLT=1
ES =0000 0000000000000000 00000000 00000000
CS =0010 0000000000000000 ffffffff 00a09b00 DPL=0 CS64 [-RA]
SS =0018 0000000000000000 ffffffff 00c09300 DPL=0 DS   [-WA]
DS =0000 0000000000000000 00000000 00000000
FS =0000 0000000000000000 00000000 00000000
GS =0000 ffff8881f7000000 00000000 00000000
LDT=0000 0000000000000000 00000000 00000000
TR =0040 fffffe62a374b000 00004087 00008b00 DPL=0 TSS64-busy
GDT=     fffffe62a3749000 0000007f
IDT=     fffffe0000000000 00000fff
CR0=80050033 CR2=00007ff4c5fe2970 CR3=00000001121aa001 CR4=00770ef0
DR0=0000000000000000 DR1=0000000000000000 DR2=0000000000000000 DR3=0000000000000000 
DR6=00000000ffff0ff0 DR7=0000000000000400
EFER=0000000000000d01
FCW=037f FSW=0000 [ST=0] FTW=00 MXCSR=00001f80
FPR0=0000000000000000 0000 FPR1=0000000000000000 0000
FPR2=0000000000000000 0000 FPR3=0000000000000000 0000
FPR4=0000000000000000 0000 FPR5=0000000000000000 0000
FPR6=0000000000000000 0000 FPR7=0000000000000000 0000
YMM00=0000000000000000 0000000000000000 0000000000000000 0000000000000000
YMM01=0000000000000000 0000000000000000 00007ffebf2ce420 0000003000000010
YMM02=0000000000000000 0000000000000000 000000ff00000000 0000000000000000
YMM03=0000000000000000 0000000000000000 79732f6563696c73 2e6d65747379732f
YMM04=0000000000000000 0000000000000000 0000000000000000 0000000000000005
YMM05=0000000000000000 0000000000000000 0000000000000000 0000000000000000
YMM06=0000000000000000 0000000000000000 0000000000000000 0000000000000000
YMM07=0000000000000000 0000000000000000 0000000000000000 0000000000000000
YMM08=0000000000000000 0000000000000000 3e2d73004c414954 494e495f544e4556
YMM09=0000000000000000 0000000000000000 0000000000000000 0000000000000000
YMM10=0000000000000000 0000000000000000 0000000000000000 0000000000000000
YMM11=0000000000000000 0000000000000000 0000000000000000 0000000000000000
YMM12=0000000000000000 0000000000000000 0000000000000000 0000000000000000
YMM13=0000000000000000 0000000000000000 0000000000000000 0000000000000000
YMM14=0000000000000000 0000000000000000 0000000000000000 0000000000000000
YMM15=0000000000000000 0000000000000000 0000000000000000 0000000000000000
info registers vcpu 1
RAX=ffff8881f70b43c0 RBX=0000000000000001 RCX=ffffffff9f9de382 RDX=ffffed103ee16879
RSI=0000000000000004 RDI=000000000000b60c RBP=dffffc0000000000 RSP=ffff88810036fe68
R8 =0000000000000001 R9 =ffffed103ee16878 R10=ffff8881f70b43c3 R11=0000000000000000
R12=ffffffffa1227550 R13=1ffff1102006dfd2 R14=0000000000000000 R15=0000000000000000
RIP=ffffffff9f9defee RFL=00000216 [----AP-] CPL=0 II=0 A20=1 SMM=0 HLT=1
ES =0000 0000000000000000 00000000 00000000
CS =0010 0000000000000000 ffffffff 00a09b00 DPL=0 CS64 [-RA]
SS =0018 0000000000000000 ffffffff 00c09300 DPL=0 DS   [-WA]
DS =0000 0000000000000000 00000000 00000000
FS =0000 0000000000000000 00000000 00000000
GS =0000 ffff8881f7080000 00000000 00000000
LDT=0000 0000000000000000 00000000 00000000
TR =0040 fffffe3c12d9b000 00004087 00008b00 DPL=0 TSS64-busy
GDT=     fffffe3c12d99000 0000007f
IDT=     fffffe0000000000 00000fff
CR0=80050033 CR2=00007f8cd5959180 CR3=0000000103178002 CR4=00770ef0
DR0=0000000000000000 DR1=0000000000000000 DR2=0000000000000000 DR3=0000000000000000 
DR6=00000000ffff0ff0 DR7=0000000000000400
EFER=0000000000000d01
FCW=037f FSW=0000 [ST=0] FTW=00 MXCSR=00001f80
FPR0=0000000000000000 0000 FPR1=0000000000000000 0000
FPR2=0000000000000000 0000 FPR3=0000000000000000 0000
FPR4=0000000000000000 0000 FPR5=0000000000000000 0000
FPR6=0000000000000000 0000 FPR7=0000000000000000 0000
YMM00=0000000000000000 0000000000000000 0000000000000000 0000000000000000
YMM01=0000000000000000 0000000000000000 0000000000000000 00000000000000ff
YMM02=0000000000000000 0000000000000000 0000000000000000 00000000000000ff
YMM03=0000000000000000 0000000000000000 6f7420656c62616e 75203a475542205d
YMM04=0000000000000000 0000000000000000 636f72703d737361 6c63742030733a74
YMM05=0000000000000000 0000000000000000 3a755f6d65747379 733d747865746e6f
YMM06=0000000000000000 0000000000000000 5f6d65747379733a 755f6d6574737973
YMM07=0000000000000000 0000000000000000 0000000000000000 0000000000000000
YMM08=0000000000000000 0000000000000000 39323d6469702020 726f66207d206d00
YMM09=0000000000000000 0000000000000000 0000000000000000 0000000000000000
YMM10=0000000000000000 0000000000000000 0000000000000000 0000000000000000
YMM11=0000000000000000 0000000000000000 0000000000000000 0000000000000000
YMM12=0000000000000000 0000000000000000 0000000000000000 0000000000000000
YMM13=0000000000000000 0000000000000000 0000000000000000 0000000000000000
YMM14=0000000000000000 0000000000000000 0000000000000000 0000000000000000
YMM15=0000000000000000 0000000000000000 0000000000000000 0000000000000000
info registers vcpu 2
RAX=ffff8881f71343c0 RBX=0000000000000002 RCX=ffffffff9f9de382 RDX=ffffed103ee26879
RSI=0000000000000004 RDI=0000000000317dac RBP=dffffc0000000000 RSP=ffff888100377e68
R8 =0000000000000001 R9 =ffffed103ee26878 R10=ffff8881f71343c3 R11=0000000000000000
R12=ffffffffa1227550 R13=1ffff1102006efd2 R14=0000000000000000 R15=0000000000000000
RIP=ffffffff9f9defee RFL=00000216 [----AP-] CPL=0 II=0 A20=1 SMM=0 HLT=1
ES =0000 0000000000000000 00000000 00000000
CS =0010 0000000000000000 ffffffff 00a09b00 DPL=0 CS64 [-RA]
SS =0018 0000000000000000 ffffffff 00c09300 DPL=0 DS   [-WA]
DS =0000 0000000000000000 00000000 00000000
FS =0000 0000000000000000 00000000 00000000
GS =0000 ffff8881f7100000 00000000 00000000
LDT=0000 0000000000000000 00000000 00000000
TR =0040 fffffe5d9caae000 00004087 00008b00 DPL=0 TSS64-busy
GDT=     fffffe5d9caac000 0000007f
IDT=     fffffe0000000000 00000fff
CR0=80050033 CR2=0000558b84188168 CR3=0000000103178005 CR4=00770ef0
DR0=0000000000000000 DR1=0000000000000000 DR2=0000000000000000 DR3=0000000000000000 
DR6=00000000ffff0ff0 DR7=0000000000000400
EFER=0000000000000d01
FCW=037f FSW=0000 [ST=0] FTW=00 MXCSR=00001f80
FPR0=0000000000000000 0000 FPR1=0000000000000000 0000
FPR2=0000000000000000 0000 FPR3=0000000000000000 0000
FPR4=0000000000000000 0000 FPR5=0000000000000000 0000
FPR6=0000000000000000 0000 FPR7=0000000000000000 0000
YMM00=0000000000000000 0000000000000000 36313a3731203131 2072614d3e35333c
YMM01=0000000000000000 0000000000000000 756e696c65735f68 7373203a726f7272
YMM02=0000000000000000 0000000000000000 2079746972756365 732078756e694c45
YMM03=0000000000000000 0000000000000000 2064656c69614620 3a656d616e796278
YMM04=0000000000000000 0000000000000000 627a7a6154654f67 553256415a4f2f36
YMM05=0000000000000000 0000000000000000 485320415352203a 3268737320323732
YMM06=0000000000000000 0000000000000000 206d6f726620746f 6f7220726f662079
YMM07=0000000000000000 0000000000000000 0000000000000000 0000000000000000
YMM08=0000000000000000 0000000000000000 3a67756265642067 6f6c737973720000
YMM09=0000000000000000 0000000000000000 0000000000000000 0000000000000000
YMM10=0000000000000000 0000000000000000 0000000000000000 0000000000000000
YMM11=0000000000000000 0000000000000000 0000000000000000 0000000000000000
YMM12=0000000000000000 0000000000000000 0000000000000000 0000000000000000
YMM13=0000000000000000 0000000000000000 0000000000000000 0000000000000000
YMM14=0000000000000000 0000000000000000 0000000000000000 0000000000000000
YMM15=0000000000000000 0000000000000000 0000000000000000 0000000000000000
info registers vcpu 3
RAX=ffff8881f71b43c0 RBX=0000000000000003 RCX=ffffffff9f9de382 RDX=ffffed103ee36879
RSI=0000000000000004 RDI=00000000003884ec RBP=dffffc0000000000 RSP=ffff88810037fe68
R8 =0000000000000001 R9 =ffffed103ee36878 R10=ffff8881f71b43c3 R11=ffffffffa0c21788
R12=ffffffffa1227550 R13=1ffff1102006ffd2 R14=0000000000000000 R15=0000000000000000
RIP=ffffffff9f9defee RFL=00000212 [----A--] CPL=0 II=0 A20=1 SMM=0 HLT=1
ES =0000 0000000000000000 00000000 00000000
CS =0010 0000000000000000 ffffffff 00a09b00 DPL=0 CS64 [-RA]
SS =0018 0000000000000000 ffffffff 00c09300 DPL=0 DS   [-WA]
DS =0000 0000000000000000 00000000 00000000
FS =0000 0000000000000000 00000000 00000000
GS =0000 ffff8881f7180000 00000000 00000000
LDT=0000 0000000000000000 00000000 00000000
TR =0040 fffffe3000afb000 00004087 00008b00 DPL=0 TSS64-busy
GDT=     fffffe3000af9000 0000007f
IDT=     fffffe0000000000 00000fff
CR0=80050033 CR2=0000558b84188168 CR3=0000000103178005 CR4=00770ef0
DR0=0000000000000000 DR1=0000000000000000 DR2=0000000000000000 DR3=0000000000000000 
DR6=00000000ffff0ff0 DR7=0000000000000400
EFER=0000000000000d01
FCW=037f FSW=0000 [ST=0] FTW=00 MXCSR=00001f80
FPR0=0000000000000000 0000 FPR1=0000000000000000 0000
FPR2=0000000000000000 0000 FPR3=0000000000000000 0000
FPR4=0000000000000000 0000 FPR5=0000000000000000 0000
FPR6=0000000000000000 0000 FPR7=0000000000000000 0000
YMM00=0000000000000000 0000000000000000 2032323a36313a37 312031312072614d
YMM01=0000000000000000 0000000000000000 5d3936333732362e 34332020205b203a
YMM02=0000000000000000 0000000000000000 66203a7373657264 646120726f662074
YMM03=0000000000000000 0000000000000000 206f7420656c6261 6e75203a47554220
YMM04=0000000000000000 0000000000000000 2032323a36313a37 312031312072614d
YMM05=0000000000000000 0000000000000000 65636f72703d7373 616c63742030733a
YMM06=0000000000000000 0000000000000000 733a755f6d657473 79733d747865746e
YMM07=0000000000000000 0000000000000000 725f6d6574737973 3a755f6d65747379
YMM08=0000000000000000 0000000000000000 6f7475636578652d 7a7973223d6d6d6f
YMM09=0000000000000000 0000000000000000 0000000000000000 0000000000000000
YMM10=0000000000000000 0000000000000000 0000000000000000 0000000000000000
YMM11=0000000000000000 0000000000000000 0000000000000000 0000000000000000
YMM12=0000000000000000 0000000000000000 0000000000000000 0000000000000000
YMM13=0000000000000000 0000000000000000 0000000000000000 0000000000000000
YMM14=0000000000000000 0000000000000000 0000000000000000 0000000000000000
YMM15=0000000000000000 0000000000000000 0000000000000000 0000000000000000
info registers vcpu 4
RAX=ffff8881f72343c0 RBX=0000000000000004 RCX=ffffffff9f9de382 RDX=ffffed103ee46879
RSI=0000000000000004 RDI=00000000003694dc RBP=dffffc0000000000 RSP=ffff888100387e68
R8 =0000000000000001 R9 =ffffed103ee46878 R10=ffff8881f72343c3 R11=0000000000000000
R12=ffffffffa1227550 R13=1ffff11020070fd2 R14=0000000000000000 R15=0000000000000000
RIP=ffffffff9f9defee RFL=00000216 [----AP-] CPL=0 II=0 A20=1 SMM=0 HLT=1
ES =0000 0000000000000000 00000000 00000000
CS =0010 0000000000000000 ffffffff 00a09b00 DPL=0 CS64 [-RA]
SS =0018 0000000000000000 ffffffff 00c09300 DPL=0 DS   [-WA]
DS =0000 0000000000000000 00000000 00000000
FS =0000 0000000000000000 00000000 00000000
GS =0000 ffff8881f7200000 00000000 00000000
LDT=0000 0000000000000000 00000000 00000000
TR =0040 fffffe14ec7ab000 00004087 00008b00 DPL=0 TSS64-busy
GDT=     fffffe14ec7a9000 0000007f
IDT=     fffffe0000000000 00000fff
CR0=80050033 CR2=000055c7b281bdf0 CR3=0000000102f00006 CR4=00770ef0
DR0=0000000000000000 DR1=0000000000000000 DR2=0000000000000000 DR3=0000000000000000 
DR6=00000000ffff0ff0 DR7=0000000000000400
EFER=0000000000000d01
FCW=037f FSW=0000 [ST=0] FTW=00 MXCSR=00001f80
FPR0=0000000000000000 0000 FPR1=0000000000000000 0000
FPR2=0000000000000000 0000 FPR3=0000000000000000 0000
FPR4=0000000000000000 0000 FPR5=0000000000000000 0000
FPR6=0000000000000000 0000 FPR7=0000000000000000 0000
YMM00=0000000000000000 0000000000000000 0000000000000000 0000000000000000
YMM01=0000000000000000 0000000000000000 fbeb12c0465e11de 4c435c937abe8879
YMM02=0000000000000000 0000000000000000 c354b6b6a1e423d2 78be6e7d78c280a7
YMM03=0000000000000000 0000000000000000 69756219b7eddd53 3eb9fa8f71b14953
YMM04=0000000000000000 0000000000000000 0000000000000000 0000000000000000
YMM05=0000000000000000 0000000000000000 0000000000000000 0000000000000000
YMM06=0000000000000000 0000000000000000 0d0c0f0e09080b0a 0504070601000302
YMM07=0000000000000000 0000000000000000 0e0d0c0f0a09080b 0605040702010003
YMM08=0000000000000000 0000000000000000 6470746673007325 4073250070746673
YMM09=0000000000000000 0000000000000000 0000000000000000 0000000000000000
YMM10=0000000000000000 0000000000000000 0000000000000000 0000000000000000
YMM11=0000000000000000 0000000000000000 0000000000000000 0000000000000000
YMM12=0000000000000000 0000000000000000 0000000000000000 0000000000000000
YMM13=0000000000000000 0000000000000000 0000000000000000 0000000000000000
YMM14=0000000000000000 0000000000000000 0000000000000000 0000000000000000
YMM15=0000000000000000 0000000000000000 0000000000000000 0000000000000000
info registers vcpu 5
RAX=0000000000000000 RBX=00000000000003f9 RCX=0000000000000000 RDX=00000000000003f9
RSI=0000000000000001 RDI=ffffffffa235f148 RBP=ffffffffa235f140 RSP=ffff888111fde6f8
R8 =0000000000000001 R9 =ffffed10223fbcdb R10=0000000000000003 R11=313030203a504952
R12=0000000000000000 R13=ffffffffa235f3a0 R14=0000000000000029 R15=dffffc0000000000
RIP=ffffffff9de6774d RFL=00000006 [-----P-] CPL=0 II=0 A20=1 SMM=0 HLT=0
ES =0000 0000000000000000 00000000 00000000
CS =0010 0000000000000000 ffffffff 00a09b00 DPL=0 CS64 [-RA]
SS =0018 0000000000000000 ffffffff 00c09300 DPL=0 DS   [-WA]
DS =0000 0000000000000000 00000000 00000000
FS =0000 0000555555b2b480 00000000 00000000
GS =0000 ffff8881f7280000 00000000 00000000
LDT=0000 0000000000000000 00000000 00000000
TR =0040 fffffe5902330000 00004087 00008b00 DPL=0 TSS64-busy
GDT=     fffffe590232e000 0000007f
IDT=     fffffe0000000000 00000fff
CR0=80050033 CR2=ffff8881040c0200 CR3=00000001153b4001 CR4=00770ef0
DR0=0000000000000000 DR1=0000000000000000 DR2=0000000000000000 DR3=0000000000000000 
DR6=00000000ffff0ff0 DR7=0000000000000400
EFER=0000000000000d01
FCW=037f FSW=0000 [ST=0] FTW=00 MXCSR=00001f80
FPR0=0000000000000000 0000 FPR1=0000000000000000 0000
FPR2=0000000000000000 0000 FPR3=0000000000000000 0000
FPR4=0000000000000000 0000 FPR5=0000000000000000 0000
FPR6=0000000000000000 0000 FPR7=0000000000000000 0000
YMM00=0000000000000000 0000000000000000 0000000000000000 0000000000000000
YMM01=0000000000000000 0000000000000000 0000000000000000 0000000000000000
YMM02=0000000000000000 0000000000000000 0000000000000000 0000000000000000
YMM03=0000000000000000 0000000000000000 0000000000000000 0000000000000000
YMM04=0000000000000000 0000000000000000 0000000000000000 0000000000000000
YMM05=0000000000000000 0000000000000000 0000000000000000 0000000000000000
YMM06=0000000000000000 0000000000000000 0000000000000000 0000000000000000
YMM07=0000000000000000 0000000000000000 0000000000000000 0000000000000000
YMM08=0000000000000000 0000000000000000 0000000000000000 0000000000000000
YMM09=0000000000000000 0000000000000000 0000000000000000 0000000000000000
YMM10=0000000000000000 0000000000000000 0000000000000000 0000000000000000
YMM11=0000000000000000 0000000000000000 0000000000000000 0000000000000000
YMM12=0000000000000000 0000000000000000 0000000000000000 0000000000000000
YMM13=0000000000000000 0000000000000000 0000000000000000 0000000000000000
YMM14=0000000000000000 0000000000000000 0000000000000000 0000000000000000
YMM15=0000000000000000 0000000000000000 0000000000000000 0000000000000000
info registers vcpu 6
RAX=ffff8881f73343c0 RBX=0000000000000006 RCX=ffffffff9f9de382 RDX=ffffed103ee66879
RSI=0000000000000004 RDI=0000000000322c74 RBP=dffffc0000000000 RSP=ffff88810039fe68
R8 =0000000000000001 R9 =ffffed103ee66878 R10=ffff8881f73343c3 R11=0000000000000000
R12=ffffffffa1227550 R13=1ffff11020073fd2 R14=0000000000000000 R15=0000000000000000
RIP=ffffffff9f9defee RFL=00000202 [-------] CPL=0 II=0 A20=1 SMM=0 HLT=1
ES =0000 0000000000000000 00000000 00000000
CS =0010 0000000000000000 ffffffff 00a09b00 DPL=0 CS64 [-RA]
SS =0018 0000000000000000 ffffffff 00c09300 DPL=0 DS   [-WA]
DS =0000 0000000000000000 00000000 00000000
FS =0000 0000000000000000 00000000 00000000
GS =0000 ffff8881f7300000 00000000 00000000
LDT=0000 0000000000000000 00000000 00000000
TR =0040 fffffe6e5bb0f000 00004087 00008b00 DPL=0 TSS64-busy
GDT=     fffffe6e5bb0d000 0000007f
IDT=     fffffe0000000000 00000fff
CR0=80050033 CR2=0000558b84188168 CR3=000000010bda0001 CR4=00770ef0
DR0=0000000000000000 DR1=0000000000000000 DR2=0000000000000000 DR3=0000000000000000 
DR6=00000000ffff0ff0 DR7=0000000000000400
EFER=0000000000000d01
FCW=037f FSW=0000 [ST=0] FTW=00 MXCSR=00001f80
FPR0=0000000000000000 0000 FPR1=0000000000000000 0000
FPR2=0000000000000000 0000 FPR3=0000000000000000 0000
FPR4=0000000000000000 0000 FPR5=0000000000000000 0000
FPR6=0000000000000000 0000 FPR7=0000000000000000 0000
YMM00=0000000000000000 0000000000000000 0000000000000000 0000000000000000
YMM01=0000000000000000 0000000000000000 ff00000000000000 0000000000000000
YMM02=0000000000000000 0000000000000000 0000000000000000 0000000000000000
YMM03=0000000000000000 0000000000000000 0000000000000000 0000000000000000
YMM04=0000000000000000 0000000000000000 ef63d2b7339aa72c 00000000001d5d48
YMM05=0000000000000000 0000000000000000 d3fdd5f48436fbd7 000000000015cc98
YMM06=0000000000000000 0000000000000000 f2b99a5e3e5852c4 000000000015cb50
YMM07=0000000000000000 0000000000000000 a1fcdcf819d7e1e5 000000000015c8f8
YMM08=0000000000000000 0000000000000000 44495f474f4c5359 530069253d595449
YMM09=0000000000000000 0000000000000000 0000000000000000 0000000000000000
YMM10=0000000000000000 0000000000000000 2020000000002020 2020202020200000
YMM11=0000000000000000 0000000000000000 0000000000000000 0000000000000000
YMM12=0000000000000000 0000000000000000 0000000000000000 0000000000000000
YMM13=0000000000000000 0000000000000000 0000000000000000 0000000000000000
YMM14=0000000000000000 0000000000000000 0000000000000000 0000000000000000
YMM15=0000000000000000 0000000000000000 0000000000000000 0000000000000000
info registers vcpu 7
RAX=ffff8881f73b43c0 RBX=0000000000000007 RCX=ffffffff9f9de382 RDX=ffffed103ee76879
RSI=0000000000000004 RDI=0000000000382adc RBP=dffffc0000000000 RSP=ffff8881003a7e68
R8 =0000000000000001 R9 =ffffed103ee76878 R10=ffff8881f73b43c3 R11=0000000000000000
R12=ffffffffa1227550 R13=1ffff11020074fd2 R14=0000000000000000 R15=0000000000000000
RIP=ffffffff9f9defee RFL=00000216 [----AP-] CPL=0 II=0 A20=1 SMM=0 HLT=1
ES =0000 0000000000000000 00000000 00000000
CS =0010 0000000000000000 ffffffff 00a09b00 DPL=0 CS64 [-RA]
SS =0018 0000000000000000 ffffffff 00c09300 DPL=0 DS   [-WA]
DS =0000 0000000000000000 00000000 00000000
FS =0000 0000000000000000 00000000 00000000
GS =0000 ffff8881f7380000 00000000 00000000
LDT=0000 0000000000000000 00000000 00000000
TR =0040 fffffe06c7c62000 00004087 00008b00 DPL=0 TSS64-busy
GDT=     fffffe06c7c60000 0000007f
IDT=     fffffe0000000000 00000fff
CR0=80050033 CR2=00007f8cd5865850 CR3=000000007b0a6004 CR4=00770ef0
DR0=0000000000000000 DR1=0000000000000000 DR2=0000000000000000 DR3=0000000000000000 
DR6=00000000ffff0ff0 DR7=0000000000000400
EFER=0000000000000d01
FCW=037f FSW=0000 [ST=0] FTW=00 MXCSR=00001f80
FPR0=0000000000000000 0000 FPR1=0000000000000000 0000
FPR2=0000000000000000 0000 FPR3=0000000000000000 0000
FPR4=0000000000000000 0000 FPR5=0000000000000000 0000
FPR6=0000000000000000 0000 FPR7=0000000000000000 0000
YMM00=0000000000000000 0000000000000000 3d3d3d3d3d3d3d3d 3d3d3d3d3d3d3d3d
YMM01=0000000000000000 0000000000000000 0000000000000000 313d595449524f49
YMM02=0000000000000000 0000000000000000 ffffffffffffffff ffffffffffffffff
YMM03=0000000000000000 0000000000000000 2f6c616e72756f6a 2f676f6c2f6e7572
YMM04=0000000000000000 0000000000000000 ef63d2b7339aa72c 00000000001d5d48
YMM05=0000000000000000 0000000000000000 d3fdd5f48436fbd7 000000000015cc98
YMM06=0000000000000000 0000000000000000 f2b99a5e3e5852c4 000000000015cb50
YMM07=0000000000000000 0000000000000000 0000000000000000 0000000000000000
YMM08=0000000000000000 0000000000000000 44495f474f4c5359 530069253d595449
YMM09=0000000000000000 0000000000000000 0000000000000000 0000000000000000
YMM10=0000000000000000 0000000000000000 2020000000002020 2020202020200000
YMM11=0000000000000000 0000000000000000 0000000000000000 0000000000000000
YMM12=0000000000000000 0000000000000000 0000000000000000 0000000000000000
YMM13=0000000000000000 0000000000000000 0000000000000000 0000000000000000
YMM14=0000000000000000 0000000000000000 0000000000000000 0000000000000000
YMM15=0000000000000000 0000000000000000 0000000000000000 0000000000000000
