syzkaller login: [   95.181256] rcu: INFO: rcu_preempt detected stalls on CPUs/tasks:
[  204.149259] systemd-journal (124) used greatest stack depth: 24160 bytes left
[  204.151158] systemd[1]: systemd-journald.service: Main process exited, code=killed, status=6/ABRT
[  204.152237] systemd[1]: systemd-journald.service: Failed with result 'watchdog'.
[  204.212776] systemd[1]: systemd-journald.service: Scheduled restart job, restart counter is at 1.
[  429.305394] rcu: 	0-...0: (4 ticks this GP) idle=c6ec/1/0x4000000000000000 softirq=1263/1265 fqs=4551
[  429.305437] rcu: 	2-...0: (1 GPs behind) idle=4f1c/1/0x4000000000000000 softirq=993/993 fqs=4551
[  429.305463] rcu: 	3-....: (1 GPs behind) idle=8b4c/0/0x3 softirq=1112/1113 fqs=4551
[  429.305488] rcu: 	(detected by 5, t=355128 jiffies, g=2045, q=163 ncpus=8)
[  429.305503] Sending NMI from CPU 5 to CPUs 0:
[  429.305534] NMI backtrace for cpu 0
[  429.305553] CPU: 0 PID: 10 Comm: kworker/0:1 Not tainted 6.7.0 #2
[  429.305570] Hardware name: QEMU Standard PC (i440FX + PIIX, 1996), BIOS 1.15.0-1 04/01/2014
[  429.305582] Workqueue: events e1000_watchdog
[  429.306523] RIP: 0010:e1000_update_stats+0xb6f/0x1d70
[  429.306552] Code: df 48 89 f9 48 c1 e9 03 80 3c 01 00 0f 85 d8 11 00 00 45 89 ed 48 8b 83 80 04 00 00 4c 01 ab 40 07 00 00 44 8b a8 e4 40 00 00 <48> 8d bb 48 07 00 00 48 b8 00 00 00 00 00 fc ff df 48 89 f9 48 c1
[  429.306568] RSP: 0018:ffff88810031fbd0 EFLAGS: 00000002
[  429.306579] RAX: ffffc90001040000 RBX: ffff888104964900 RCX: 1ffff1102092ca08
[  429.306588] RDX: ffff888100302200 RSI: 0000000000000004 RDI: ffff888104965040
[  429.306597] RBP: 1ffff11020063f89 R08: 0000000000000001 R09: ffffed1020063f6e
[  429.306606] R10: 0000000000000003 R11: dead000000000100 R12: ffff888104964b18
[  429.306615] R13: 0000000000000000 R14: ffff888104964000 R15: ffff888104964900
[  429.306626] FS:  0000000000000000(0000) GS:ffff8881f7000000(0000) knlGS:0000000000000000
[  429.306640] CS:  0010 DS: 0000 ES: 0000 CR0: 0000000080050033
[  429.306649] CR2: 00007f348ff56328 CR3: 00000001b60a4002 CR4: 0000000000770ef0
[  429.306659] PKRU: 55555554
[  429.306663] Call Trace:
[  429.306669]  <NMI>
[  429.306675]  ? show_regs+0x74/0x80
[  429.306690]  ? nmi_cpu_backtrace+0x108/0x1e0
[  429.306715]  ? nmi_cpu_backtrace_handler+0xc/0x20
[  429.306731]  ? nmi_handle+0xb7/0x2e0
[  429.306747]  ? e1000_update_stats+0xb6f/0x1d70
[  429.306774]  ? default_do_nmi+0x54/0x160
[  429.306797]  ? exc_nmi+0x132/0x1a0
[  429.306818]  ? end_repeat_nmi+0xf/0x60
[  429.306840]  ? e1000_update_stats+0xb6f/0x1d70
[  429.306867]  ? e1000_update_stats+0xb6f/0x1d70
[  429.306893]  ? e1000_update_stats+0xb6f/0x1d70
[  429.306920]  </NMI>
[  429.306924]  <TASK>
[  429.306930]  ? srso_alias_return_thunk+0x5/0xfbef5
[  429.306950]  ? update_min_vruntime+0x143/0x2d0
[  429.306975]  ? __pfx_e1000_update_stats+0x10/0x10
[  429.307001]  ? srso_alias_return_thunk+0x5/0xfbef5
[  429.307021]  ? _raw_spin_unlock+0xd/0x60
[  429.307189]  ? srso_alias_return_thunk+0x5/0xfbef5
[  429.307209]  ? finish_task_switch.isra.0+0x21c/0x7d0
[  429.307229]  ? srso_alias_return_thunk+0x5/0xfbef5
[  429.307251]  e1000_watchdog+0x2f1/0x1300
[  429.307266]  ? __pfx_e1000_watchdog+0x10/0x10
[  429.307292]  ? __pfx___schedule+0x10/0x10
[  429.307315]  ? _raw_spin_lock_irq+0xa1/0xf0
[  429.307339]  ? srso_alias_return_thunk+0x5/0xfbef5
[  429.307359]  ? read_word_at_a_time+0xe/0x20
[  429.307379]  ? srso_alias_return_thunk+0x5/0xfbef5
[  429.307399]  ? srso_alias_return_thunk+0x5/0xfbef5
[  429.307419]  ? kick_pool+0x158/0x390
[  429.307444]  process_one_work+0x583/0xda0
[  429.307465]  worker_thread+0x981/0x11e0
[  429.307486]  ? srso_alias_return_thunk+0x5/0xfbef5
[  429.307506]  ? __kthread_parkme+0xdc/0x160
[  429.307526]  ? srso_alias_return_thunk+0x5/0xfbef5
[  429.307547]  ? __pfx_worker_thread+0x10/0x10
[  429.307565]  kthread+0x263/0x330
[  429.307588]  ? __pfx_kthread+0x10/0x10
[  429.307613]  ret_from_fork+0x48/0x80
[  429.307627]  ? __pfx_kthread+0x10/0x10
[  429.307651]  ret_from_fork_asm+0x1b/0x30
[  429.307674]  </TASK>
[  429.307679] INFO: NMI handler (nmi_cpu_backtrace_handler) took too long to run: 2.146 msecs
[  429.308797] Sending NMI from CPU 5 to CPUs 2:
[  429.430332] NMI backtrace for cpu 2
[  429.430345] CPU: 2 PID: 89 Comm: kworker/2:1H Not tainted 6.7.0 #2
[  429.430365] Hardware name: QEMU Standard PC (i440FX + PIIX, 1996), BIOS 1.15.0-1 04/01/2014
[  429.430378] Workqueue: kblockd blk_mq_requeue_work
[  429.430404] RIP: 0010:kasan_check_range+0x164/0x1c0
[  429.430429] Code: c2 48 85 c0 75 b0 48 89 da 4c 89 d8 4c 29 da e9 49 ff ff ff 48 85 d2 74 b3 48 01 ea eb 09 48 83 c0 01 48 39 d0 74 a5 80 38 00 <74> f2 e9 74 ff ff ff b8 01 00 00 00 e9 16 7c 85 02 48 29 c3 48 89
[  429.430450] RSP: 0018:ffff8881f7109df0 EFLAGS: 00000046
[  429.430465] RAX: fffffbfff7b84000 RBX: fffffbfff7b84001 RCX: ffffffffbcb6ec4a
[  429.430478] RDX: fffffbfff7b84001 RSI: 0000000000000004 RDI: ffffffffbdc20000
[  429.430491] RBP: fffffbfff7b84000 R08: 0000000000000000 R09: fffffbfff7b84000
[  429.430503] R10: ffffffffbdc20003 R11: ffff8881f7109ff8 R12: 0000000000000001
[  429.430515] R13: 0000000000000003 R14: fffffbfff7b84000 R15: 0000000000000001
[  429.430529] FS:  0000000000000000(0000) GS:ffff8881f7100000(0000) knlGS:0000000000000000
[  429.430547] CS:  0010 DS: 0000 ES: 0000 CR0: 0000000080050033
[  429.430561] CR2: 00007f70dae1ab40 CR3: 000000011209e003 CR4: 0000000000770ef0
[  429.430573] PKRU: 55555554
[  429.430580] Call Trace:
[  429.430587]  <NMI>
[  429.430593]  ? show_regs+0x74/0x80
[  429.430614]  ? nmi_cpu_backtrace+0x108/0x1e0
[  429.430647]  ? nmi_cpu_backtrace_handler+0xc/0x20
[  429.430669]  ? nmi_handle+0xb7/0x2e0
[  429.430691]  ? kasan_check_range+0x164/0x1c0
[  429.430714]  ? default_do_nmi+0x54/0x160
[  429.430745]  ? exc_nmi+0x132/0x1a0
[  429.430773]  ? end_repeat_nmi+0xf/0x60
[  429.430801]  ? queued_spin_lock_slowpath+0xba/0xbe0
[  429.430835]  ? kasan_check_range+0x164/0x1c0
[  429.430858]  ? kasan_check_range+0x164/0x1c0
[  429.430881]  ? kasan_check_range+0x164/0x1c0
[  429.430904]  </NMI>
[  429.430909]  <IRQ>
[  429.430915]  queued_spin_lock_slowpath+0xba/0xbe0
[  429.430950]  ? __pfx_queued_spin_lock_slowpath+0x10/0x10
[  429.430984]  ? enqueue_hrtimer+0xd3/0x1f0
[  429.431015]  ? srso_alias_return_thunk+0x5/0xfbef5
[  429.431047]  _raw_spin_lock+0xe8/0xf0
[  429.431079]  ? __pfx__raw_spin_lock+0x10/0x10
[  429.431109]  ? clockevents_program_event+0x237/0x320
[  429.431136]  ? __pfx_native_flush_tlb_global+0x10/0x10
[  429.431167]  ? tick_program_event+0x7b/0x100
[  429.431199]  rcu_iw_handler+0x3c/0xe0
[  429.431222]  irq_work_single+0xc8/0x160
[  429.431257]  __flush_smp_call_function_queue+0x4f0/0xa00
[  429.431279]  ? __pfx_do_flush_tlb_all+0x10/0x10
[  429.431308]  __sysvec_call_function_single+0x25/0x1d0
[  429.431344]  sysvec_call_function_single+0x8c/0xa0
[  429.431381]  </IRQ>
[  429.431386]  <TASK>
[  429.431392]  asm_sysvec_call_function_single+0x1a/0x20
[  429.431417] RIP: 0010:__sanitizer_cov_trace_pc+0x0/0x70
[  429.431450] Code: e9 c0 cf b1 02 48 89 f7 e9 8d fd ff ff 66 66 2e 0f 1f 84 00 00 00 00 00 66 90 90 90 90 90 90 90 90 90 90 90 90 90 90 90 90 90 <f3> 0f 1e fa 48 8b 0c 24 65 48 8b 14 25 40 6f 03 00 65 8b 05 c0 fd
[  429.431471] RSP: 0018:ffff888105d87810 EFLAGS: 00000293
[  429.431485] RAX: 0000000000000000 RBX: ffff888101785000 RCX: ffffffffbcb6d7b4
[  429.431498] RDX: ffff888105d61100 RSI: 0000000000000293 RDI: ffff888101785000
[  429.431511] RBP: 0000000000000293 R08: 0000000000000002 R09: 0000000000000475
[  429.431523] R10: ffffffffbf2d3787 R11: 000000000038d918 R12: 0000000000000000
[  429.431535] R13: ffff888104850000 R14: 0000000000000293 R15: ffff888104850010
[  429.431551]  ? _raw_spin_unlock_irqrestore+0x44/0x80
[  429.431585]  _raw_spin_unlock_irqrestore+0x4a/0x80
[  429.431617]  ata_scsi_queuecmd+0x19d/0x200
[  429.431641]  scsi_queue_rq+0xb84/0x2bf0
[  429.431676]  blk_mq_dispatch_rq_list+0x3b6/0x1af0
[  429.431709]  ? __pfx_blk_mq_dispatch_rq_list+0x10/0x10
[  429.431738]  ? srso_alias_return_thunk+0x5/0xfbef5
[  429.431764]  ? __blk_mq_alloc_driver_tag+0x246/0x6d0
[  429.431788]  ? __pfx_dd_has_work+0x10/0x10
[  429.431814]  __blk_mq_sched_dispatch_requests+0xbf4/0x13c0
[  429.431841]  ? __pfx_scsi_mq_set_rq_budget_token+0x10/0x10
[  429.431863]  ? __pfx___blk_mq_sched_dispatch_requests+0x10/0x10
[  429.431884]  ? xas_find+0x221/0x510
[  429.431909]  ? srso_alias_return_thunk+0x5/0xfbef5
[  429.431935]  ? xa_find+0x154/0x1f0
[  429.431958]  ? __pfx_xa_find+0x10/0x10
[  429.431984]  blk_mq_sched_dispatch_requests+0xeb/0x150
[  429.432005]  blk_mq_run_hw_queue+0x44f/0x530
[  429.432026]  ? update_load_avg+0x183/0x1040
[  429.432047]  blk_mq_run_hw_queues+0x105/0x270
[  429.432070]  ? __pfx_blk_mq_run_hw_queues+0x10/0x10
[  429.432091]  ? __pfx__raw_spin_lock_irq+0x10/0x10
[  429.432124]  ? _raw_spin_unlock+0xd/0x60
[  429.432151]  ? finish_task_switch.isra.0+0x21c/0x7d0
[  429.432181]  blk_mq_requeue_work+0x525/0x850
[  429.432205]  ? __pfx_blk_mq_requeue_work+0x10/0x10
[  429.432228]  ? _raw_spin_lock_irq+0xa1/0xf0
[  429.432260]  ? srso_alias_return_thunk+0x5/0xfbef5
[  429.432309]  ? read_word_at_a_time+0xe/0x20
[  429.432337]  ? srso_alias_return_thunk+0x5/0xfbef5
[  429.432363]  ? srso_alias_return_thunk+0x5/0xfbef5
[  429.432390]  ? kick_pool+0x158/0x390
[  429.432423]  process_one_work+0x583/0xda0
[  429.432452]  worker_thread+0x981/0x11e0
[  429.432480]  ? srso_alias_return_thunk+0x5/0xfbef5
[  429.432506]  ? __kthread_parkme+0xdc/0x160
[  429.432533]  ? srso_alias_return_thunk+0x5/0xfbef5
[  429.432561]  ? __pfx_worker_thread+0x10/0x10
[  429.432584]  kthread+0x263/0x330
[  429.432616]  ? __pfx_kthread+0x10/0x10
[  429.432649]  ret_from_fork+0x48/0x80
[  429.432669]  ? __pfx_kthread+0x10/0x10
[  429.432700]  ret_from_fork_asm+0x1b/0x30
[  429.432732]  </TASK>
[  429.432738] INFO: NMI handler (nmi_cpu_backtrace_handler) took too long to run: 2.407 msecs
[  429.433323] Sending NMI from CPU 5 to CPUs 3:
[  429.474902] NMI backtrace for cpu 3
[  429.474912] CPU: 3 PID: 76 Comm: kworker/3:1 Not tainted 6.7.0 #2
[  429.474930] Hardware name: QEMU Standard PC (i440FX + PIIX, 1996), BIOS 1.15.0-1 04/01/2014
[  429.474942] Workqueue: events_power_efficient gc_worker
[  429.474974] RIP: 0010:queued_spin_lock_slowpath+0xba/0xbe0
[  429.475009] Code: c1 ee 03 41 83 e5 07 48 b8 00 00 00 00 00 fc ff df 49 01 c6 41 83 c5 03 e8 33 85 67 fd be 04 00 00 00 48 89 ef e8 c6 e5 93 fd <41> 0f b6 06 41 38 c5 7c 08 84 c0 0f 85 bb 09 00 00 44 8b 65 00 45
[  429.475029] RSP: 0018:ffff8881035c78e8 EFLAGS: 00000046
[  429.475042] RAX: 0000000000000001 RBX: 1ffff110206b8f1e RCX: ffffffffbcb6ec4a
[  429.475054] RDX: fffffbfff7b84001 RSI: 0000000000000004 RDI: ffffffffbdc20000
[  429.475066] RBP: ffffffffbdc20000 R08: 0000000000000000 R09: fffffbfff7b84000
[  429.475078] R10: ffffffffbdc20003 R11: ffffffffbda0b9c0 R12: 0000000000000001
[  429.475090] R13: 0000000000000003 R14: fffffbfff7b84000 R15: 0000000000000001
[  429.475104] FS:  0000000000000000(0000) GS:ffff8881f7180000(0000) knlGS:0000000000000000
[  429.475121] CS:  0010 DS: 0000 ES: 0000 CR0: 0000000080050033
[  429.475134] CR2: 00007f7a857bcff0 CR3: 00000001121dc006 CR4: 0000000000770ef0
[  429.475146] PKRU: 55555554
[  429.475152] Call Trace:
[  429.475158]  <NMI>
[  429.475164]  ? show_regs+0x74/0x80
[  429.475184]  ? nmi_cpu_backtrace+0x108/0x1e0
[  429.475215]  ? nmi_cpu_backtrace_handler+0xc/0x20
[  429.475235]  ? nmi_handle+0xb7/0x2e0
[  429.475256]  ? queued_spin_lock_slowpath+0xba/0xbe0
[  429.475289]  ? default_do_nmi+0x54/0x160
[  429.475318]  ? exc_nmi+0x132/0x1a0
[  429.475345]  ? end_repeat_nmi+0xf/0x60
[  429.475371]  ? queued_spin_lock_slowpath+0xba/0xbe0
[  429.475404]  ? queued_spin_lock_slowpath+0xba/0xbe0
[  429.475436]  ? queued_spin_lock_slowpath+0xba/0xbe0
[  429.475469]  ? queued_spin_lock_slowpath+0xba/0xbe0
[  429.475501]  </NMI>
[  429.475506]  <TASK>
[  429.475511]  ? ret_from_fork_asm+0x1b/0x30
[  429.475536]  ? __pfx_queued_spin_lock_slowpath+0x10/0x10
[  429.475568]  ? arch_stack_walk+0xd7/0x130
[  429.475593]  ? srso_alias_return_thunk+0x5/0xfbef5
[  429.475618]  ? _raw_spin_lock_irqsave+0xa6/0x100
[  429.475649]  _raw_spin_lock+0xe8/0xf0
[  429.475679]  ? __pfx__raw_spin_lock+0x10/0x10
[  429.475708]  ? _raw_spin_unlock_irqrestore+0x4a/0x80
[  429.475737]  ? srso_alias_return_thunk+0x5/0xfbef5
[  429.475763]  ? __stack_depot_save+0x382/0x4e0
[  429.475783]  ? __pfx_format_decode+0x10/0x10
[  429.475812]  ? srso_alias_return_thunk+0x5/0xfbef5
[  429.475838]  rcu_note_context_switch+0x2d0/0x1770
[  429.475860]  ? reg_process_hint+0xc6/0x1430
[  429.475878]  ? srso_alias_return_thunk+0x5/0xfbef5
[  429.475903]  ? kasan_save_stack+0x32/0x50
[  429.475932]  ? kasan_save_stack+0x22/0x50
[  429.475961]  ? srso_alias_return_thunk+0x5/0xfbef5
[  429.475986]  ? _raw_spin_lock_irqsave+0xa6/0x100
[  429.476014]  ? reg_process_hint+0xc6/0x1430
[  429.476032]  ? preempt_schedule_irq+0x59/0x90
[  429.476063]  __schedule+0x16b/0x2230
[  429.476095]  ? __pfx___schedule+0x10/0x10
[  429.476123]  ? enqueue_timer+0x15d/0x3f0
[  429.476148]  ? srso_alias_return_thunk+0x5/0xfbef5
[  429.476174]  ? _raw_spin_unlock_irqrestore+0x4a/0x80
[  429.476202]  ? srso_alias_return_thunk+0x5/0xfbef5
[  429.476228]  ? __mod_timer+0x781/0xc80
[  429.476255]  ? __pfx___mod_timer+0x10/0x10
[  429.476295]  ? mutex_is_locked+0x1a/0x50
[  429.476317]  preempt_schedule_irq+0x59/0x90
[  429.476349]  irqentry_exit+0x21/0x50
[  429.476369]  asm_sysvec_apic_timer_interrupt+0x1a/0x20
[  429.476393] RIP: 0010:__rcu_read_unlock+0x0/0x100
[  429.476421] Code: e8 65 98 3e 00 e9 fc fe ff ff 48 89 ef e8 48 97 3e 00 e9 55 ff ff ff 0f 1f 00 90 90 90 90 90 90 90 90 90 90 90 90 90 90 90 90 <f3> 0f 1e fa 41 54 55 65 48 8b 2c 25 40 6f 03 00 53 48 8d bd fc 03
[  429.476441] RSP: 0018:ffff8881035c7cb0 EFLAGS: 00000293
[  429.476454] RAX: 0000000000000000 RBX: dffffc0000000000 RCX: ffffffffbc220217
[  429.476466] RDX: ffff888101d8a200 RSI: 0000000000040000 RDI: ffff888101d8a5fc
[  429.476478] RBP: ffff88810610f190 R08: 0000000000000001 R09: fffffbfff7e66d44
[  429.476490] R10: ffffffffbf336a27 R11: ffff8881f71b8460 R12: 0000000000043c65
[  429.476502] R13: ffff8881f71b7100 R14: 000000000000ea60 R15: 0000000000040000
[  429.476518]  ? gc_worker+0x7c7/0x1110
[  429.476551]  gc_worker+0x7cc/0x1110
[  429.476582]  ? netdev_run_todo+0x500/0xc30
[  429.476615]  ? __pfx_gc_worker+0x10/0x10
[  429.476646]  ? srso_alias_return_thunk+0x5/0xfbef5
[  429.476672]  ? read_word_at_a_time+0xe/0x20
[  429.476698]  ? srso_alias_return_thunk+0x5/0xfbef5
[  429.476723]  ? srso_alias_return_thunk+0x5/0xfbef5
[  429.476749]  ? kick_pool+0x158/0x390
[  429.476780]  process_one_work+0x583/0xda0
[  429.476808]  worker_thread+0x981/0x11e0
[  429.476834]  ? srso_alias_return_thunk+0x5/0xfbef5
[  429.476860]  ? __kthread_parkme+0xdc/0x160
[  429.476885]  ? srso_alias_return_thunk+0x5/0xfbef5
[  429.476912]  ? __pfx_worker_thread+0x10/0x10
[  429.476934]  kthread+0x263/0x330
[  429.476964]  ? __pfx_kthread+0x10/0x10
[  429.476995]  ret_from_fork+0x48/0x80
[  429.477014]  ? __pfx_kthread+0x10/0x10
[  429.477044]  ret_from_fork_asm+0x1b/0x30
[  429.477073]  </TASK>
[  429.477896] rcu: rcu_preempt kthread timer wakeup didn't happen for 334296 jiffies! g2045 f0x0 RCU_GP_WAIT_FQS(5) ->state=0x402
[  429.537139] rcu: 	Possible timer handling issue on cpu=5 timer-softirq=7633
[  429.552351] systemd[1]: Stopping Flush Journal to Persistent Storage...
[  429.554603] systemd[1]: systemd-journal-flush.service: Stopping timed out. Terminating.
[  429.582867] systemd[1]: systemd-journal-flush.service: Control process exited, code=killed, status=15/TERM
[  429.584985] systemd[1]: systemd-journal-flush.service: Failed with result 'timeout'.
[  429.590789] systemd[1]: Stopped Flush Journal to Persistent Storage.
[  429.592560] systemd[1]: Stopped Journal Service.
[  429.626453] systemd[1]: Starting Journal Service...
[  429.733978] systemd-journald[289]: File /var/log/journal/495cb7baaf694f459d942b793c107665/system.journal corrupted or uncleanly shut down, renaming and replacing.
[  429.810020] systemd[1]: Started Journal Service.
[  429.884404] systemd-journald[289]: Received client request to flush runtime journal.
Warning: Permanently added '[localhost]:6506' (ED25519) to the list of known hosts.
2024/03/11 08:30:44 ignoring optional flag "sandboxArg"="0"
2024/03/11 08:30:44 parsed 1 programs
[  442.785722] cgroup: Unknown subsys name 'net'
[  442.828836] cgroup: Unknown subsys name 'rlimit'
[  442.829604] cgroup: Unknown subsys name 'memory'
[  442.914403] Adding 124996k swap on ./swap-file.  Priority:0 extents:1 across:124996k 
2024/03/11 08:30:44 executed programs: 0
[  442.930949] audit: type=1400 audit(1710145844.746:6): avc:  denied  { execmem } for  pid=353 comm="syz-executor.1" scontext=system_u:system_r:kernel_t:s0 tcontext=system_u:system_r:kernel_t:s0 tclass=process permissive=1
[  443.547673] modprobe (652) used greatest stack depth: 24064 bytes left
2024/03/11 08:30:51 executed programs: 8

VM DIAGNOSIS:
08:30:44  Registers:
info registers vcpu 0
RAX=ffff8881f70340c0 RBX=0000000000000000 RCX=ffffffffbcb52322 RDX=ffffed103ee06819
RSI=0000000000000004 RDI=000000000000fc74 RBP=dffffc0000000000 RSP=ffffffffbda07e18
R8 =0000000000000001 R9 =ffffed103ee06818 R10=ffff8881f70340c3 R11=ffffffffbdc20008
R12=ffffffffbe217190 R13=1ffffffff7b40fc8 R14=0000000000000000 R15=0000000000000000
RIP=ffffffffbcb52f8e RFL=00000202 [-------] CPL=0 II=0 A20=1 SMM=0 HLT=1
ES =0000 0000000000000000 00000000 00000000
CS =0010 0000000000000000 ffffffff 00a09b00 DPL=0 CS64 [-RA]
SS =0018 0000000000000000 ffffffff 00c09300 DPL=0 DS   [-WA]
DS =0000 0000000000000000 00000000 00000000
FS =0000 0000000000000000 00000000 00000000
GS =0000 ffff8881f7000000 00000000 00000000
LDT=0000 0000000000000000 00000000 00000000
TR =0040 fffffe6d50242000 00004087 00008b00 DPL=0 TSS64-busy
GDT=     fffffe6d50240000 0000007f
IDT=     fffffe0000000000 00000fff
CR0=80050033 CR2=000055ce420e5f40 CR3=00000001057e0006 CR4=00770ef0
DR0=0000000000000000 DR1=0000000000000000 DR2=0000000000000000 DR3=0000000000000000 
DR6=00000000ffff0ff0 DR7=0000000000000400
EFER=0000000000000d01
FCW=037f FSW=0000 [ST=0] FTW=00 MXCSR=00001f80
FPR0=0000000000000000 0000 FPR1=0000000000000000 0000
FPR2=0000000000000000 0000 FPR3=0000000000000000 0000
FPR4=0000000000000000 0000 FPR5=0000000000000000 0000
FPR6=0000000000000000 0000 FPR7=0000000000000000 0000
YMM00=0000000000000000 0000000000000000 0000000000000000 0000000000000000
YMM01=0000000000000000 0000000000000000 00ffffffffffff00 0000000000000000
YMM02=0000000000000000 0000000000000000 00ffffffffffff00 0000000000000000
YMM03=0000000000000000 0000000000000000 0000000000000000 0000000000000000
YMM04=0000000000000000 0000000000000000 0000000000000000 0000000000000000
YMM05=0000000000000000 0000000000000000 0000000000000000 0000000000000000
YMM06=0000000000000000 0000000000000000 0000000000000000 0000000000000000
YMM07=0000000000000000 0000000000000000 0000000000000000 0000000000000000
YMM08=0000000000000000 0000000000000000 5200000000000073 7075747261747320
YMM09=0000000000000000 0000000000000000 0000000000000000 0000000000000000
YMM10=0000000000000000 0000000000000000 0000000000000000 0000000000000000
YMM11=0000000000000000 0000000000000000 0000000000000000 0000000000000000
YMM12=0000000000000000 0000000000000000 0000000000000000 0000000000000000
YMM13=0000000000000000 0000000000000000 0000000000000000 0000000000000000
YMM14=0000000000000000 0000000000000000 0000000000000000 0000000000000000
YMM15=0000000000000000 0000000000000000 0000000000000000 0000000000000000
info registers vcpu 1
RAX=0000000000000000 RBX=ffff8881f7089a90 RCX=ffffffffb9ee6f25 RDX=ffff88810f1d1100
RSI=ffff888114fd6b30 RDI=ffff8881f7089aa0 RBP=ffff888114fd6b60 RSP=ffff8881f7089a10
R8 =ffff8881f7089ad0 R9 =ffff8881f7089a90 R10=ffffffffbe217197 R11=0000000000000000
R12=ffff888114fd0000 R13=ffff888114fd8000 R14=ffff888114fd6b68 R15=ffff888114fd6b58
RIP=ffffffffba1e7170 RFL=00000283 [--S---C] CPL=0 II=0 A20=1 SMM=0 HLT=0
ES =0000 0000000000000000 00000000 00000000
CS =0010 0000000000000000 ffffffff 00a09b00 DPL=0 CS64 [-RA]
SS =0018 0000000000000000 ffffffff 00c09300 DPL=0 DS   [-WA]
DS =0000 0000000000000000 00000000 00000000
FS =0000 00007f5428f70900 00000000 00000000
GS =0000 ffff8881f7080000 00000000 00000000
LDT=0000 0000000000000000 00000000 00000000
TR =0040 fffffe73c16af000 00004087 00008b00 DPL=0 TSS64-busy
GDT=     fffffe73c16ad000 0000007f
IDT=     fffffe0000000000 00000fff
CR0=80050033 CR2=00007f5428f35008 CR3=0000000118532001 CR4=00770ef0
DR0=0000000000000000 DR1=0000000000000000 DR2=0000000000000000 DR3=0000000000000000 
DR6=00000000ffff0ff0 DR7=0000000000000400
EFER=0000000000000d01
FCW=037f FSW=0000 [ST=0] FTW=00 MXCSR=00001f80
FPR0=0000000000000000 0000 FPR1=0000000000000000 0000
FPR2=0000000000000000 0000 FPR3=0000000000000000 0000
FPR4=0000000000000000 0000 FPR5=0000000000000000 0000
FPR6=0000000000000000 0000 FPR7=0000000000000000 0000
YMM00=0000000000000000 0000000000000000 0000000000000000 0000000000000000
YMM01=0000000000000000 0000000000000000 652022746f6f7222 3d74636361207469
YMM02=0000000000000000 0000000000000000 3d6c616e696d7265 7420322e322e302e
YMM03=0000000000000000 0000000000000000 3d656d616e74736f 682022646873732f
YMM04=0000000000000000 0000000000000000 4040404040404040 4040404040404040
YMM05=0000000000000000 0000000000000000 5a5a5a5a5a5a5a5a 5a5a5a5a5a5a5a5a
YMM06=0000000000000000 0000000000000000 2020202020202020 2020202020202020
YMM07=0000000000000000 0000000000000000 0000000000000000 0000000000000000
YMM08=0000000000000000 0000000000000000 652075253d646920 73253d706f000000
YMM09=0000000000000000 0000000000000000 0000000000000000 0000000000000000
YMM10=0000000000000000 0000000000000000 0000000000000000 0000000000000000
YMM11=0000000000000000 0000000000000000 0000000000000000 0000000000000000
YMM12=0000000000000000 0000000000000000 0000000000000000 0000000000000000
YMM13=0000000000000000 0000000000000000 0000000000000000 0000000000000000
YMM14=0000000000000000 0000000000000000 0000000000000000 0000000000000000
YMM15=0000000000000000 0000000000000000 0000000000000000 0000000000000000
info registers vcpu 2
RAX=ffff8881f71340c0 RBX=0000000000000002 RCX=ffffffffbcb52322 RDX=ffffed103ee26819
RSI=0000000000000004 RDI=0000000000016c14 RBP=dffffc0000000000 RSP=ffff88810036fe68
R8 =0000000000000001 R9 =ffffed103ee26818 R10=ffff8881f71340c3 R11=ffff8881f7138460
R12=ffffffffbe217190 R13=1ffff1102006dfd2 R14=0000000000000000 R15=0000000000000000
RIP=ffffffffbcb52f8e RFL=00000202 [-------] CPL=0 II=0 A20=1 SMM=0 HLT=1
ES =0000 0000000000000000 00000000 00000000
CS =0010 0000000000000000 ffffffff 00a09b00 DPL=0 CS64 [-RA]
SS =0018 0000000000000000 ffffffff 00c09300 DPL=0 DS   [-WA]
DS =0000 0000000000000000 00000000 00000000
FS =0000 0000000000000000 00000000 00000000
GS =0000 ffff8881f7100000 00000000 00000000
LDT=0000 0000000000000000 00000000 00000000
TR =0040 fffffe03e978c000 00004087 00008b00 DPL=0 TSS64-busy
GDT=     fffffe03e978a000 0000007f
IDT=     fffffe0000000000 00000fff
CR0=80050033 CR2=00007f930dd40270 CR3=00000001b60a4002 CR4=00770ef0
DR0=0000000000000000 DR1=0000000000000000 DR2=0000000000000000 DR3=0000000000000000 
DR6=00000000ffff0ff0 DR7=0000000000000400
EFER=0000000000000d01
FCW=037f FSW=0000 [ST=0] FTW=00 MXCSR=00001f80
FPR0=0000000000000000 0000 FPR1=0000000000000000 0000
FPR2=0000000000000000 0000 FPR3=0000000000000000 0000
FPR4=0000000000000000 0000 FPR5=0000000000000000 0000
FPR6=0000000000000000 0000 FPR7=0000000000000000 0000
YMM00=0000000000000000 0000000000000000 ffffffffffffffff ffffffffffffffff
YMM01=0000000000000000 0000000000000000 ffff000000000000 ffffffffffffffff
YMM02=0000000000000000 0000000000000000 ffff000000000000 ffffffffffffffff
YMM03=0000000000000000 0000000000000000 000000000000000f 00000077656e2e63
YMM04=0000000000000000 0000000000000000 6d2f6e75722f203e 20642e64746f6d2d
YMM05=0000000000000000 0000000000000000 73797362736c2d2d 2073747261702d6e
YMM06=0000000000000000 0000000000000000 622f7273752f3a6e 6962732f7273752f
YMM07=0000000000000000 0000000000000000 0000000000000000 0000000000000000
YMM08=0000000000000000 0000000000000000 00005632e3dda890 0000000000000000
YMM09=0000000000000000 0000000000000000 0000000000000000 0000000000000000
YMM10=0000000000000000 0000000000000000 0000000000000000 0000000000000000
YMM11=0000000000000000 0000000000000000 0000000000000000 0000000000000000
YMM12=0000000000000000 0000000000000000 0000000000000000 0000000000000000
YMM13=0000000000000000 0000000000000000 0000000000000000 0000000000000000
YMM14=0000000000000000 0000000000000000 0000000000000000 0000000000000000
YMM15=0000000000000000 0000000000000000 0000000000000000 0000000000000000
info registers vcpu 3
RAX=ffff8881f71b40c0 RBX=0000000000000003 RCX=ffffffffbcb52322 RDX=ffffed103ee36819
RSI=0000000000000004 RDI=000000000001c3cc RBP=dffffc0000000000 RSP=ffff888100377e68
R8 =0000000000000001 R9 =ffffed103ee36818 R10=ffff8881f71b40c3 R11=ffff8881f71b8460
R12=ffffffffbe217190 R13=1ffff1102006efd2 R14=0000000000000000 R15=0000000000000000
RIP=ffffffffbcb52f8e RFL=00000216 [----AP-] CPL=0 II=0 A20=1 SMM=0 HLT=1
ES =0000 0000000000000000 00000000 00000000
CS =0010 0000000000000000 ffffffff 00a09b00 DPL=0 CS64 [-RA]
SS =0018 0000000000000000 ffffffff 00c09300 DPL=0 DS   [-WA]
DS =0000 0000000000000000 00000000 00000000
FS =0000 0000000000000000 00000000 00000000
GS =0000 ffff8881f7180000 00000000 00000000
LDT=0000 0000000000000000 00000000 00000000
TR =0040 fffffe3dbbbdb000 00004087 00008b00 DPL=0 TSS64-busy
GDT=     fffffe3dbbbd9000 0000007f
IDT=     fffffe0000000000 00000fff
CR0=80050033 CR2=00007ffc8754c958 CR3=00000001b60a4002 CR4=00770ef0
DR0=0000000000000000 DR1=0000000000000000 DR2=0000000000000000 DR3=0000000000000000 
DR6=00000000ffff0ff0 DR7=0000000000000400
EFER=0000000000000d01
FCW=037f FSW=0000 [ST=0] FTW=00 MXCSR=00001f80
FPR0=0000000000000000 0000 FPR1=0000000000000000 0000
FPR2=0000000000000000 0000 FPR3=0000000000000000 0000
FPR4=0000000000000000 0000 FPR5=0000000000000000 0000
FPR6=0000000000000000 0000 FPR7=0000000000000000 0000
YMM00=0000000000000000 0000000000000000 0000000000000000 0000000000000000
YMM01=0000000000000000 0000000000000000 00007f69fa8ac510 000055ce95b6e410
YMM02=0000000000000000 0000000000000000 316168730062666f 2d336564652d7365
YMM03=0000000000000000 0000000000000000 000000000000007f 69fa501b61000000
YMM04=0000000000000000 0000000000000000 4040404040404040 4040404040404040
YMM05=0000000000000000 0000000000000000 5a5a5a5a5a5a5a5a 5a5a5a5a5a5a5a5a
YMM06=0000000000000000 0000000000000000 2020202020202020 2020202020202020
YMM07=0000000000000000 0000000000000000 ffffffffffff00ff ffff00ffffff00ff
YMM08=0000000000000000 0000000000000000 0000200000000020 2020002020200000
YMM09=0000000000000000 0000000000000000 ffffffffffff00ff ffff00ffffff00ff
YMM10=0000000000000000 0000000000000000 0000200000000020 2020002020200000
YMM11=0000000000000000 0000000000000000 0000000000000000 0000000000000000
YMM12=0000000000000000 0000000000000000 0000000000000000 0000000000000000
YMM13=0000000000000000 0000000000000000 0000000000000000 0000000000000000
YMM14=0000000000000000 0000000000000000 0000000000000000 0000000000000000
YMM15=0000000000000000 0000000000000000 0000000000000000 0000000000000000
info registers vcpu 4
RAX=ffff8881f72340c0 RBX=0000000000000004 RCX=ffffffffbcb52322 RDX=ffffed103ee46819
RSI=0000000000000004 RDI=00000000002778c4 RBP=dffffc0000000000 RSP=ffff88810037fe68
R8 =0000000000000001 R9 =ffffed103ee46818 R10=ffff8881f72340c3 R11=ffff8881f7238460
R12=ffffffffbe217190 R13=1ffff1102006ffd2 R14=0000000000000000 R15=0000000000000000
RIP=ffffffffbcb52f8e RFL=00000206 [-----P-] CPL=0 II=0 A20=1 SMM=0 HLT=1
ES =0000 0000000000000000 00000000 00000000
CS =0010 0000000000000000 ffffffff 00a09b00 DPL=0 CS64 [-RA]
SS =0018 0000000000000000 ffffffff 00c09300 DPL=0 DS   [-WA]
DS =0000 0000000000000000 00000000 00000000
FS =0000 0000000000000000 00000000 00000000
GS =0000 ffff8881f7200000 00000000 00000000
LDT=0000 0000000000000000 00000000 00000000
TR =0040 fffffe7358f69000 00004087 00008b00 DPL=0 TSS64-busy
GDT=     fffffe7358f67000 0000007f
IDT=     fffffe0000000000 00000fff
CR0=80050033 CR2=0000555e7351a2d8 CR3=00000001b60a4001 CR4=00770ef0
DR0=0000000000000000 DR1=0000000000000000 DR2=0000000000000000 DR3=0000000000000000 
DR6=00000000ffff0ff0 DR7=0000000000000400
EFER=0000000000000d01
FCW=037f FSW=0000 [ST=0] FTW=00 MXCSR=00001f80
FPR0=0000000000000000 0000 FPR1=0000000000000000 0000
FPR2=0000000000000000 0000 FPR3=0000000000000000 0000
FPR4=0000000000000000 0000 FPR5=0000000000000000 0000
FPR6=0000000000000000 0000 FPR7=0000000000000000 0000
YMM00=0000000000000000 0000000000000000 ffffffffffffffff ffffffffffffffff
YMM01=0000000000000000 0000000000000000 ffff000000000000 ffffffffffffffff
YMM02=0000000000000000 0000000000000000 ffffffffffffffff 0f0e0d0c0b0a0908
YMM03=0000000000000000 0000000000000000 6374652f006e6962 2f3a6e6962732f3a
YMM04=0000000000000000 0000000000000000 ffffffffffffffff ffffffffffffffff
YMM05=0000000000000000 0000000000000000 ffffffffffffffff ffffffffffffffff
YMM06=0000000000000000 0000000000000000 ffffffffffffffff ffffffffffffffff
YMM07=0000000000000000 0000000000000000 0000000000000000 0000000000000000
YMM08=0000000000000000 0000000000000000 0000555e718ea878 000000656d616e75
YMM09=0000000000000000 0000000000000000 0000000000000000 0000000000000000
YMM10=0000000000000000 0000000000000000 0000000000000000 0000000000000000
YMM11=0000000000000000 0000000000000000 0000000000000000 0000000000000000
YMM12=0000000000000000 0000000000000000 0000000000000000 0000000000000000
YMM13=0000000000000000 0000000000000000 0000000000000000 0000000000000000
YMM14=0000000000000000 0000000000000000 0000000000000000 0000000000000000
YMM15=0000000000000000 0000000000000000 0000000000000000 0000000000000000
info registers vcpu 5
RAX=ffff8881f72b40c0 RBX=0000000000000005 RCX=ffffffffbcb52322 RDX=ffffed103ee56819
RSI=0000000000000004 RDI=00000000000290fc RBP=dffffc0000000000 RSP=ffff888100387e68
R8 =0000000000000001 R9 =ffffed103ee56818 R10=ffff8881f72b40c3 R11=0000000000000000
R12=ffffffffbe217190 R13=1ffff11020070fd2 R14=0000000000000000 R15=0000000000000000
RIP=ffffffffbcb52f8e RFL=00000212 [----A--] CPL=0 II=0 A20=1 SMM=0 HLT=1
ES =0000 0000000000000000 00000000 00000000
CS =0010 0000000000000000 ffffffff 00a09b00 DPL=0 CS64 [-RA]
SS =0018 0000000000000000 ffffffff 00c09300 DPL=0 DS   [-WA]
DS =0000 0000000000000000 00000000 00000000
FS =0000 0000000000000000 00000000 00000000
GS =0000 ffff8881f7280000 00000000 00000000
LDT=0000 0000000000000000 00000000 00000000
TR =0040 fffffe36b4cd8000 00004087 00008b00 DPL=0 TSS64-busy
GDT=     fffffe36b4cd6000 0000007f
IDT=     fffffe0000000000 00000fff
CR0=80050033 CR2=00007f18d18d0970 CR3=000000010fc96003 CR4=00770ef0
DR0=0000000000000000 DR1=0000000000000000 DR2=0000000000000000 DR3=0000000000000000 
DR6=00000000ffff0ff0 DR7=0000000000000400
EFER=0000000000000d01
FCW=037f FSW=0000 [ST=0] FTW=00 MXCSR=00001f80
FPR0=0000000000000000 0000 FPR1=0000000000000000 0000
FPR2=0000000000000000 0000 FPR3=0000000000000000 0000
FPR4=0000000000000000 0000 FPR5=0000000000000000 0000
FPR6=0000000000000000 0000 FPR7=0000000000000000 0000
YMM00=0000000000000000 0000000000000000 30333a3830203131 2072614d3e36383c
YMM01=0000000000000000 0000000000000000 7365733a64687373 2878696e755f6d61
YMM02=0000000000000000 0000000000000000 736f6c63206e6f69 73736573203a296e
YMM03=0000000000000000 0000000000000000 5f6d6170203a5d36 30335b6468737320
YMM04=0000000000000000 0000000000000000 627a7a6154654f67 553256415a4f2f36
YMM05=0000000000000000 0000000000000000 485320415352203a 3268737320323638
YMM06=0000000000000000 0000000000000000 206d6f726620746f 6f7220726f662079
YMM07=0000000000000000 0000000000000000 0000000000000000 0000000000000000
YMM08=0000000000000000 0000000000000000 3a67756265642067 6f6c737973720000
YMM09=0000000000000000 0000000000000000 0000000000000000 0000000000000000
YMM10=0000000000000000 0000000000000000 0000000000000000 0000000000000000
YMM11=0000000000000000 0000000000000000 0000000000000000 0000000000000000
YMM12=0000000000000000 0000000000000000 0000000000000000 0000000000000000
YMM13=0000000000000000 0000000000000000 0000000000000000 0000000000000000
YMM14=0000000000000000 0000000000000000 0000000000000000 0000000000000000
YMM15=0000000000000000 0000000000000000 0000000000000000 0000000000000000
info registers vcpu 6
RAX=ffff8881f73340c0 RBX=0000000000000006 RCX=ffffffffbcb52322 RDX=ffffed103ee66819
RSI=0000000000000004 RDI=0000000000009c94 RBP=dffffc0000000000 RSP=ffff888100397e68
R8 =0000000000000001 R9 =ffffed103ee66818 R10=ffff8881f73340c3 R11=0000000000000000
R12=ffffffffbe217190 R13=1ffff11020072fd2 R14=0000000000000000 R15=0000000000000000
RIP=ffffffffbcb52f8e RFL=00000206 [-----P-] CPL=0 II=0 A20=1 SMM=0 HLT=1
ES =0000 0000000000000000 00000000 00000000
CS =0010 0000000000000000 ffffffff 00a09b00 DPL=0 CS64 [-RA]
SS =0018 0000000000000000 ffffffff 00c09300 DPL=0 DS   [-WA]
DS =0000 0000000000000000 00000000 00000000
FS =0000 0000000000000000 00000000 00000000
GS =0000 ffff8881f7300000 00000000 00000000
LDT=0000 0000000000000000 00000000 00000000
TR =0040 fffffe05b0a51000 00004087 00008b00 DPL=0 TSS64-busy
GDT=     fffffe05b0a4f000 0000007f
IDT=     fffffe0000000000 00000fff
CR0=80050033 CR2=00007f5cf95db990 CR3=000000010fc96001 CR4=00770ef0
DR0=0000000000000000 DR1=0000000000000000 DR2=0000000000000000 DR3=0000000000000000 
DR6=00000000ffff0ff0 DR7=0000000000000400
EFER=0000000000000d01
FCW=037f FSW=0000 [ST=0] FTW=00 MXCSR=00001f80
FPR0=0000000000000000 0000 FPR1=0000000000000000 0000
FPR2=0000000000000000 0000 FPR3=0000000000000000 0000
FPR4=0000000000000000 0000 FPR5=0000000000000000 0000
FPR6=0000000000000000 0000 FPR7=0000000000000000 0000
YMM00=0000000000000000 0000000000000000 2034343a30333a38 302031312072614d
YMM01=0000000000000000 0000000000000000 73732878696e755f 6d6170203a5d3630
YMM02=0000000000000000 0000000000000000 65736f6c63206e6f 6973736573203a29
YMM03=0000000000000000 0000000000000000 755f6d6170203a5d 3630335b64687373
YMM04=0000000000000000 0000000000000000 6966206863757320 6f4e203a656c6163
YMM05=0000000000000000 0000000000000000 3a656c696620766e 65206e65706f206f
YMM06=0000000000000000 0000000000000000 65733a6468737328 766e655f6d617020
YMM07=0000000000000000 0000000000000000 6b7a79732034343a 30333a3830203131
YMM08=0000000000000000 0000000000000000 3d656e696c646d63 2022656369767265
YMM09=0000000000000000 0000000000000000 0000000000000000 0000000000000000
YMM10=0000000000000000 0000000000000000 0000000000000000 0000000000000000
YMM11=0000000000000000 0000000000000000 0000000000000000 0000000000000000
YMM12=0000000000000000 0000000000000000 0000000000000000 0000000000000000
YMM13=0000000000000000 0000000000000000 0000000000000000 0000000000000000
YMM14=0000000000000000 0000000000000000 0000000000000000 0000000000000000
YMM15=0000000000000000 0000000000000000 0000000000000000 0000000000000000
info registers vcpu 7
RAX=ffff8881f73b40c0 RBX=0000000000000007 RCX=ffffffffbcb52322 RDX=ffffed103ee76819
RSI=0000000000000004 RDI=0000000000399c3c RBP=dffffc0000000000 RSP=ffff88810039fe68
R8 =0000000000000001 R9 =ffffed103ee76818 R10=ffff8881f73b40c3 R11=0000000000000000
R12=ffffffffbe217190 R13=1ffff11020073fd2 R14=0000000000000000 R15=0000000000000000
RIP=ffffffffbcb52f8e RFL=00000216 [----AP-] CPL=0 II=0 A20=1 SMM=0 HLT=1
ES =0000 0000000000000000 00000000 00000000
CS =0010 0000000000000000 ffffffff 00a09b00 DPL=0 CS64 [-RA]
SS =0018 0000000000000000 ffffffff 00c09300 DPL=0 DS   [-WA]
DS =0000 0000000000000000 00000000 00000000
FS =0000 0000000000000000 00000000 00000000
GS =0000 ffff8881f7380000 00000000 00000000
LDT=0000 0000000000000000 00000000 00000000
TR =0040 fffffe47b65ab000 00004087 00008b00 DPL=0 TSS64-busy
GDT=     fffffe47b65a9000 0000007f
IDT=     fffffe0000000000 00000fff
CR0=80050033 CR2=00007f68f254f000 CR3=00000001051c6003 CR4=00770ef0
DR0=0000000000000000 DR1=0000000000000000 DR2=0000000000000000 DR3=0000000000000000 
DR6=00000000ffff0ff0 DR7=0000000000000400
EFER=0000000000000d01
FCW=037f FSW=0000 [ST=0] FTW=00 MXCSR=00001f80
FPR0=0000000000000000 0000 FPR1=0000000000000000 0000
FPR2=0000000000000000 0000 FPR3=0000000000000000 0000
FPR4=0000000000000000 0000 FPR5=0000000000000000 0000
FPR6=0000000000000000 0000 FPR7=0000000000000000 0000
YMM00=0000000000000000 0000000000000000 0000000000000000 0000000000000000
YMM01=0000000000000000 0000000000000000 cdb0c2b7bcf40a81 004d4e27ff4f9895
YMM02=0000000000000000 0000000000000000 00000000001816d8 eff9b2d0a8fce9cb
YMM03=0000000000000000 0000000000000000 00000000001817a8 ec2efd57dc4c00df
YMM04=0000000000000000 0000000000000000 3c2d2fe6a6135244 000000000015cad8
YMM05=0000000000000000 0000000000000000 679443d52e32948f 0000000000187090
YMM06=0000000000000000 0000000000000000 53ffd1bfdae10bd2 00000000001869e8
YMM07=0000000000000000 0000000000000000 e042d86d42eb936e 0000000000181ba8
YMM08=0000000000000000 0000000000000000 2c67c8bc2e329bc3 00000000001817a8
YMM09=0000000000000000 0000000000000000 0000000000000000 0000000000000000
YMM10=0000000000000000 0000000000000000 0000000000002020 2000000000200000
YMM11=0000000000000000 0000000000000000 0000000000000000 0000000000000000
YMM12=0000000000000000 0000000000000000 0000000000000000 0000000000000000
YMM13=0000000000000000 0000000000000000 0000000000000000 0000000000000000
YMM14=0000000000000000 0000000000000000 0000000000000000 0000000000000000
YMM15=0000000000000000 0000000000000000 0000000000000000 0000000000000000
